ISim log file
Running: /home/bill/workspace/EmbeddedSystemDesign/zynq_project-master/zynq_custom_ip/hw/ise/fft_peripheral/testbench_isim_beh.exe -intstyle ise -gui -tclbatch isim.cmd -wdb /home/bill/workspace/EmbeddedSystemDesign/zynq_project-master/zynq_custom_ip/hw/ise/fft_peripheral/testbench_isim_beh.wdb 
ISim P.58f (signature 0xfbc00daa)
This is a Full version of ISim.
Time resolution is 1 ps
# onerror resume
# wave add /
# run 1000 ns
Simulator is doing circuit initialization process.
Finished circuit initialization process.
                   1 	         x 	 + 	        xi
                   3 	         x 	 + 	        xi
                   5 	         x 	 + 	        xi
                   7 	         x 	 + 	        xi
                   9 	         x 	 + 	        xi
                  11 	         x 	 + 	        xi
                  13 	         x 	 + 	        xi
                  15 	         x 	 + 	        xi
                  17 	         x 	 + 	        xi
                  19 	         x 	 + 	        xi
                  21 	         x 	 + 	        xi
                  23 	         x 	 + 	        xi
                  25 	         x 	 + 	        xi
                  27 	         x 	 + 	        xi
                  29 	         x 	 + 	        xi
                  31 	         x 	 + 	        xi
                  33 	         x 	 + 	        xi
                  35 	         x 	 + 	        xi
                  37 	         x 	 + 	        xi
                  39 	         x 	 + 	        xi
                  41 	         x 	 + 	        xi
                  43 	         x 	 + 	        xi
                  45 	         x 	 + 	        xi
                  47 	         x 	 + 	        xi
                  49 	         x 	 + 	        xi
                  51 	         x 	 + 	        xi
                  53 	         x 	 + 	        xi
                  55 	         x 	 + 	        xi
                  57 	         x 	 + 	        xi
                  59 	         x 	 + 	        xi
                  61 	         x 	 + 	        xi
                  63 	         x 	 + 	        xi
                  65 	         x 	 + 	        xi
                  67 	         x 	 + 	        xi
                  69 	         x 	 + 	        xi
                  71 	         x 	 + 	        xi
                  73 	         x 	 + 	        xi
                  75 	         x 	 + 	        xi
                  77 	         x 	 + 	        xi
                  79 	         x 	 + 	        xi
                  81 	         x 	 + 	        xi
                  83 	         x 	 + 	        xi
                  85 	         x 	 + 	        xi
                  87 	         x 	 + 	        xi
                  89 	         x 	 + 	        xi
                  91 	         x 	 + 	        xi
                  93 	         x 	 + 	        xi
                  95 	         x 	 + 	        xi
                  97 	         x 	 + 	        xi
                  99 	         x 	 + 	        xi
                 101 	         x 	 + 	        xi
                 103 	         0 	 + 	        0i
                 105 	         0 	 + 	        0i
                 107 	         0 	 + 	        0i
                 109 	         0 	 + 	        0i
                 111 	         0 	 + 	        0i
                 113 	         0 	 + 	        0i
                 115 	         0 	 + 	        0i
                 117 	         0 	 + 	        0i
                 119 	         0 	 + 	        0i
                 121 	         0 	 + 	        0i
                 123 	         0 	 + 	        0i
                 125 	         0 	 + 	        0i
                 127 	         0 	 + 	        0i
                 129 	         0 	 + 	        0i
                 131 	         0 	 + 	        0i
                 133 	         0 	 + 	        0i
                 135 	         0 	 + 	        0i
                 137 	         0 	 + 	        0i
                 139 	         0 	 + 	        0i
                 141 	         0 	 + 	        0i
                 143 	         0 	 + 	        0i
                 145 	         0 	 + 	        0i
                 147 	         0 	 + 	        0i
                 149 	         0 	 + 	        0i
                 151 	         0 	 + 	        0i
                 153 	         0 	 + 	        0i
                 155 	         0 	 + 	        0i
                 157 	         0 	 + 	        0i
                 159 	         0 	 + 	        0i
                 161 	         0 	 + 	        0i
                 163 	         0 	 + 	        0i
                 165 	         0 	 + 	        0i
                 167 	         0 	 + 	        0i
                 169 	         0 	 + 	        0i
                 171 	         0 	 + 	        0i
                 173 	         0 	 + 	        0i
                 175 	         0 	 + 	        0i
                 177 	         0 	 + 	        0i
                 179 	         0 	 + 	        0i
                 181 	         0 	 + 	        0i
                 183 	         0 	 + 	        0i
                 185 	         0 	 + 	        0i
                 187 	         0 	 + 	        0i
                 189 	         0 	 + 	        0i
                 191 	         0 	 + 	        0i
                 193 	         0 	 + 	        0i
                 195 	         0 	 + 	        0i
                 197 	         0 	 + 	        0i
                 199 	         0 	 + 	        0i
                 201 	         0 	 + 	        0i
                 203 	         0 	 + 	        0i
                 205 	         0 	 + 	        0i
                 207 	         0 	 + 	        0i
                 209 	         0 	 + 	        0i
                 211 	         0 	 + 	        0i
                 213 	         0 	 + 	        0i
                 215 	         0 	 + 	        0i
                 217 	         0 	 + 	        0i
                 219 	         0 	 + 	        0i
                 221 	         0 	 + 	        0i
                 223 	         0 	 + 	        0i
                 225 	         0 	 + 	        0i
                 227 	         0 	 + 	        0i
                 229 	         0 	 + 	        0i
                 231 	         0 	 + 	        0i
                 233 	         0 	 + 	        0i
                 235 	         0 	 + 	        0i
                 237 	         0 	 + 	        0i
                 239 	         0 	 + 	        0i
                 241 	         0 	 + 	        0i
                 243 	         0 	 + 	        0i
                 245 	         0 	 + 	        0i
                 247 	         0 	 + 	        0i
                 249 	         0 	 + 	        0i
                 251 	         0 	 + 	        0i
                 253 	         0 	 + 	        0i
                 255 	         0 	 + 	        0i
                 257 	         0 	 + 	        0i
                 259 	         0 	 + 	        0i
                 261 	         0 	 + 	        0i
                 263 	         0 	 + 	        0i
                 265 	         0 	 + 	        0i
                 267 	         0 	 + 	        0i
                 269 	         0 	 + 	        0i
                 271 	         0 	 + 	        0i
                 273 	         0 	 + 	        0i
                 275 	         0 	 + 	        0i
                 277 	         0 	 + 	        0i
                 279 	         0 	 + 	        0i
                 281 	         0 	 + 	        0i
                 283 	         0 	 + 	        0i
                 285 	         0 	 + 	        0i
                 287 	         0 	 + 	        0i
                 289 	         0 	 + 	        0i
                 291 	         0 	 + 	        0i
                 293 	         0 	 + 	        0i
                 295 	         0 	 + 	        0i
                 297 	         0 	 + 	        0i
                 299 	         0 	 + 	        0i
                 301 	         0 	 + 	        0i
                 303 	         0 	 + 	        0i
                 305 	         0 	 + 	        0i
                 307 	         0 	 + 	        0i
                 309 	         0 	 + 	        0i
                 311 	         0 	 + 	        0i
                 313 	         0 	 + 	        0i
                 315 	         0 	 + 	        0i
                 317 	         0 	 + 	        0i
                 319 	         0 	 + 	        0i
                 321 	         0 	 + 	        0i
                 323 	         0 	 + 	        0i
                 325 	         0 	 + 	        0i
                 327 	         0 	 + 	        0i
                 329 	         0 	 + 	        0i
                 331 	         0 	 + 	        0i
                 333 	         0 	 + 	        0i
                 335 	         0 	 + 	        0i
                 337 	         0 	 + 	        0i
                 339 	         0 	 + 	        0i
                 341 	         0 	 + 	        0i
                 343 	         0 	 + 	        0i
                 345 	         0 	 + 	        0i
                 347 	         0 	 + 	        0i
                 349 	         0 	 + 	        0i
                 351 	         0 	 + 	        0i
                 353 	         0 	 + 	        0i
                 355 	         0 	 + 	        0i
                 357 	         0 	 + 	        0i
                 359 	         0 	 + 	        0i
                 361 	         0 	 + 	        0i
                 363 	         0 	 + 	        0i
                 365 	         0 	 + 	        0i
                 367 	         0 	 + 	        0i
                 369 	         0 	 + 	        0i
                 371 	         0 	 + 	        0i
                 373 	         0 	 + 	        0i
                 375 	         0 	 + 	        0i
                 377 	         0 	 + 	        0i
                 379 	         0 	 + 	        0i
                 381 	         0 	 + 	        0i
                 383 	         0 	 + 	        0i
                 385 	         0 	 + 	        0i
                 387 	         0 	 + 	        0i
                 389 	         0 	 + 	        0i
                 391 	         0 	 + 	        0i
                 393 	         0 	 + 	        0i
                 395 	         0 	 + 	        0i
                 397 	         0 	 + 	        0i
                 399 	         0 	 + 	        0i
                 401 	         0 	 + 	        0i
                 403 	         0 	 + 	        0i
                 405 	         0 	 + 	        0i
                 407 	         0 	 + 	        0i
                 409 	         0 	 + 	        0i
                 411 	         0 	 + 	        0i
                 413 	         0 	 + 	        0i
                 415 	         0 	 + 	        0i
                 417 	         0 	 + 	        0i
                 419 	         0 	 + 	        0i
                 421 	         0 	 + 	        0i
                 423 	         0 	 + 	        0i
                 425 	         0 	 + 	        0i
                 427 	         0 	 + 	        0i
                 429 	         0 	 + 	        0i
                 431 	         0 	 + 	        0i
                 433 	         0 	 + 	        0i
                 435 	         0 	 + 	        0i
                 437 	         0 	 + 	        0i
                 439 	         0 	 + 	        0i
                 441 	         0 	 + 	        0i
                 443 	         0 	 + 	        0i
                 445 	         0 	 + 	        0i
                 447 	         0 	 + 	        0i
                 449 	         0 	 + 	        0i
                 451 	         0 	 + 	        0i
                 453 	         0 	 + 	        0i
                 455 	         0 	 + 	        0i
                 457 	         0 	 + 	        0i
                 459 	         0 	 + 	        0i
                 461 	         0 	 + 	        0i
                 463 	         0 	 + 	        0i
                 465 	         0 	 + 	        0i
                 467 	         0 	 + 	        0i
                 469 	         0 	 + 	        0i
                 471 	         0 	 + 	        0i
                 473 	         0 	 + 	        0i
                 475 	         0 	 + 	        0i
                 477 	         0 	 + 	        0i
                 479 	         0 	 + 	        0i
                 481 	         0 	 + 	        0i
                 483 	         0 	 + 	        0i
                 485 	         0 	 + 	        0i
                 487 	         0 	 + 	        0i
                 489 	         0 	 + 	        0i
                 491 	         0 	 + 	        0i
                 493 	         0 	 + 	        0i
                 495 	         0 	 + 	        0i
                 497 	         0 	 + 	        0i
                 499 	         0 	 + 	        0i
                 501 	         0 	 + 	        0i
                 503 	         0 	 + 	        0i
                 505 	         0 	 + 	        0i
                 507 	         0 	 + 	        0i
                 509 	         0 	 + 	        0i
                 511 	         0 	 + 	        0i
                 513 	         0 	 + 	        0i
                 515 	         0 	 + 	        0i
                 517 	         0 	 + 	        0i
                 519 	         0 	 + 	        0i
                 521 	         0 	 + 	        0i
                 523 	         0 	 + 	        0i
                 525 	         0 	 + 	        0i
                 527 	         0 	 + 	        0i
                 529 	         0 	 + 	        0i
                 531 	         0 	 + 	        0i
                 533 	         0 	 + 	        0i
                 535 	         0 	 + 	        0i
                 537 	         0 	 + 	        0i
                 539 	         0 	 + 	        0i
                 541 	         0 	 + 	        0i
                 543 	         0 	 + 	        0i
                 545 	         0 	 + 	        0i
                 547 	         0 	 + 	        0i
                 549 	         0 	 + 	        0i
                 551 	         0 	 + 	        0i
                 553 	         0 	 + 	        0i
                 555 	         0 	 + 	        0i
                 557 	         0 	 + 	        0i
                 559 	         0 	 + 	        0i
                 561 	         0 	 + 	        0i
                 563 	         0 	 + 	        0i
                 565 	         0 	 + 	        0i
                 567 	         0 	 + 	        0i
                 569 	         0 	 + 	        0i
                 571 	         0 	 + 	        0i
                 573 	         0 	 + 	        0i
                 575 	         0 	 + 	        0i
                 577 	         0 	 + 	        0i
                 579 	         0 	 + 	        0i
                 581 	         0 	 + 	        0i
                 583 	         0 	 + 	        0i
                 585 	         0 	 + 	        0i
                 587 	         0 	 + 	        0i
                 589 	         0 	 + 	        0i
                 591 	         0 	 + 	        0i
                 593 	         0 	 + 	        0i
                 595 	         0 	 + 	        0i
                 597 	         0 	 + 	        0i
                 599 	         0 	 + 	        0i
                 601 	         0 	 + 	        0i
                 603 	         0 	 + 	        0i
                 605 	         0 	 + 	        0i
                 607 	         0 	 + 	        0i
                 609 	         0 	 + 	        0i
                 611 	         0 	 + 	        0i
                 613 	         0 	 + 	        0i
                 615 	         0 	 + 	        0i
                 617 	         0 	 + 	        0i
                 619 	         0 	 + 	        0i
                 621 	         0 	 + 	        0i
                 623 	         0 	 + 	        0i
                 625 	         0 	 + 	        0i
                 627 	         0 	 + 	        0i
                 629 	         0 	 + 	        0i
                 631 	         0 	 + 	        0i
                 633 	         0 	 + 	        0i
                 635 	         0 	 + 	        0i
                 637 	         0 	 + 	        0i
                 639 	         0 	 + 	        0i
                 641 	         0 	 + 	        0i
                 643 	         0 	 + 	        0i
                 645 	         0 	 + 	        0i
                 647 	         0 	 + 	        0i
                 649 	         0 	 + 	        0i
                 651 	         0 	 + 	        0i
                 653 	         0 	 + 	        0i
                 655 	         0 	 + 	        0i
                 657 	         0 	 + 	        0i
                 659 	         0 	 + 	        0i
                 661 	         0 	 + 	        0i
                 663 	         0 	 + 	        0i
                 665 	         0 	 + 	        0i
                 667 	         0 	 + 	        0i
                 669 	         0 	 + 	        0i
                 671 	         0 	 + 	        0i
                 673 	         0 	 + 	        0i
                 675 	         0 	 + 	        0i
                 677 	         0 	 + 	        0i
                 679 	         0 	 + 	        0i
                 681 	         0 	 + 	        0i
                 683 	         0 	 + 	        0i
                 685 	         0 	 + 	        0i
                 687 	         0 	 + 	        0i
                 689 	         0 	 + 	        0i
                 691 	         0 	 + 	        0i
                 693 	         0 	 + 	        0i
                 695 	         0 	 + 	        0i
                 697 	         0 	 + 	        0i
                 699 	         0 	 + 	        0i
                 701 	         0 	 + 	        0i
                 703 	         0 	 + 	        0i
                 705 	         0 	 + 	        0i
                 707 	         0 	 + 	        0i
                 709 	         0 	 + 	        0i
                 711 	         0 	 + 	        0i
                 713 	         0 	 + 	        0i
                 715 	         0 	 + 	        0i
                 717 	         0 	 + 	        0i
                 719 	         0 	 + 	        0i
                 721 	         0 	 + 	        0i
                 723 	         0 	 + 	        0i
                 725 	         0 	 + 	        0i
                 727 	         0 	 + 	        0i
                 729 	         0 	 + 	        0i
                 731 	         0 	 + 	        0i
                 733 	         0 	 + 	        0i
                 735 	         0 	 + 	        0i
                 737 	         0 	 + 	        0i
                 739 	         0 	 + 	        0i
                 741 	         0 	 + 	        0i
                 743 	         0 	 + 	        0i
                 745 	         0 	 + 	        0i
                 747 	         0 	 + 	        0i
                 749 	         0 	 + 	        0i
                 751 	         0 	 + 	        0i
                 753 	         0 	 + 	        0i
                 755 	         0 	 + 	        0i
                 757 	         0 	 + 	        0i
                 759 	         0 	 + 	        0i
                 761 	         0 	 + 	        0i
                 763 	         0 	 + 	        0i
                 765 	         0 	 + 	        0i
                 767 	         0 	 + 	        0i
                 769 	         0 	 + 	        0i
                 771 	         0 	 + 	        0i
                 773 	         0 	 + 	        0i
                 775 	         0 	 + 	        0i
                 777 	         0 	 + 	        0i
                 779 	         0 	 + 	        0i
                 781 	         0 	 + 	        0i
                 783 	         0 	 + 	        0i
                 785 	         0 	 + 	        0i
                 787 	         0 	 + 	        0i
                 789 	         0 	 + 	        0i
                 791 	         0 	 + 	        0i
                 793 	         0 	 + 	        0i
                 795 	         0 	 + 	        0i
                 797 	         0 	 + 	        0i
                 799 	         0 	 + 	        0i
                 801 	         0 	 + 	        0i
                 803 	         0 	 + 	        0i
                 805 	         0 	 + 	        0i
                 807 	         0 	 + 	        0i
                 809 	         0 	 + 	        0i
                 811 	         0 	 + 	        0i
                 813 	         0 	 + 	        0i
                 815 	         0 	 + 	        0i
                 817 	         0 	 + 	        0i
                 819 	         0 	 + 	        0i
                 821 	         0 	 + 	        0i
                 823 	         0 	 + 	        0i
                 825 	         0 	 + 	        0i
                 827 	         0 	 + 	        0i
                 829 	         0 	 + 	        0i
                 831 	         0 	 + 	        0i
                 833 	         0 	 + 	        0i
                 835 	         0 	 + 	        0i
                 837 	         0 	 + 	        0i
                 839 	         0 	 + 	        0i
                 841 	         0 	 + 	        0i
                 843 	         0 	 + 	        0i
                 845 	         0 	 + 	        0i
                 847 	         0 	 + 	        0i
                 849 	         0 	 + 	        0i
                 851 	         0 	 + 	        0i
                 853 	         0 	 + 	        0i
                 855 	         0 	 + 	        0i
                 857 	         0 	 + 	        0i
                 859 	         0 	 + 	        0i
                 861 	         0 	 + 	        0i
                 863 	         0 	 + 	        0i
                 865 	         0 	 + 	        0i
                 867 	         0 	 + 	        0i
                 869 	         0 	 + 	        0i
                 871 	         0 	 + 	        0i
                 873 	         0 	 + 	        0i
                 875 	         0 	 + 	        0i
                 877 	         0 	 + 	        0i
                 879 	         0 	 + 	        0i
                 881 	         0 	 + 	        0i
                 883 	         0 	 + 	        0i
                 885 	         0 	 + 	        0i
                 887 	         0 	 + 	        0i
                 889 	         0 	 + 	        0i
                 891 	         0 	 + 	        0i
                 893 	         0 	 + 	        0i
                 895 	         0 	 + 	        0i
                 897 	         0 	 + 	        0i
                 899 	         0 	 + 	        0i
                 901 	         0 	 + 	        0i
                 903 	         0 	 + 	        0i
                 905 	         0 	 + 	        0i
                 907 	         0 	 + 	        0i
                 909 	         0 	 + 	        0i
                 911 	         0 	 + 	        0i
                 913 	         0 	 + 	        0i
                 915 	         0 	 + 	        0i
                 917 	         0 	 + 	        0i
                 919 	         0 	 + 	        0i
                 921 	         0 	 + 	        0i
                 923 	         0 	 + 	        0i
                 925 	         0 	 + 	        0i
                 927 	         0 	 + 	        0i
                 929 	         0 	 + 	        0i
                 931 	         0 	 + 	        0i
                 933 	         0 	 + 	        0i
                 935 	         0 	 + 	        0i
                 937 	         0 	 + 	        0i
                 939 	         0 	 + 	        0i
                 941 	         0 	 + 	        0i
                 943 	         0 	 + 	        0i
                 945 	         0 	 + 	        0i
                 947 	         0 	 + 	        0i
                 949 	         0 	 + 	        0i
                 951 	         0 	 + 	        0i
                 953 	         0 	 + 	        0i
                 955 	         0 	 + 	        0i
                 957 	         0 	 + 	        0i
                 959 	         0 	 + 	        0i
                 961 	         0 	 + 	        0i
                 963 	         0 	 + 	        0i
                 965 	         0 	 + 	        0i
                 967 	         0 	 + 	        0i
                 969 	         0 	 + 	        0i
                 971 	         0 	 + 	        0i
                 973 	         0 	 + 	        0i
                 975 	         0 	 + 	        0i
                 977 	         0 	 + 	        0i
                 979 	         0 	 + 	        0i
                 981 	         0 	 + 	        0i
                 983 	         0 	 + 	        0i
                 985 	         0 	 + 	        0i
                 987 	         0 	 + 	        0i
                 989 	         0 	 + 	        0i
                 991 	         0 	 + 	        0i
                 993 	         0 	 + 	        0i
                 995 	         0 	 + 	        0i
                 997 	         0 	 + 	        0i
                 999 	         0 	 + 	        0i
# run 1.00us
                1001 	         0 	 + 	        0i
                1003 	         0 	 + 	        0i
                1005 	         0 	 + 	        0i
                1007 	         0 	 + 	        0i
                1009 	         0 	 + 	        0i
                1011 	         0 	 + 	        0i
                1013 	         0 	 + 	        0i
                1015 	         0 	 + 	        0i
                1017 	         0 	 + 	        0i
                1019 	         0 	 + 	        0i
                1021 	         0 	 + 	        0i
                1023 	         0 	 + 	        0i
                1025 	         0 	 + 	        0i
                1027 	         0 	 + 	        0i
                1029 	         0 	 + 	        0i
                1031 	         0 	 + 	        0i
                1033 	         0 	 + 	        0i
                1035 	         0 	 + 	        0i
                1037 	         0 	 + 	        0i
                1039 	         0 	 + 	        0i
                1041 	         0 	 + 	        0i
                1043 	         0 	 + 	        0i
                1045 	         0 	 + 	        0i
                1047 	         0 	 + 	        0i
                1049 	         0 	 + 	        0i
                1051 	         0 	 + 	        0i
                1053 	         0 	 + 	        0i
                1055 	         0 	 + 	        0i
                1057 	         0 	 + 	        0i
                1059 	         0 	 + 	        0i
                1061 	         0 	 + 	        0i
                1063 	         0 	 + 	        0i
                1065 	         0 	 + 	        0i
                1067 	         0 	 + 	        0i
                1069 	         0 	 + 	        0i
                1071 	         0 	 + 	        0i
                1073 	         0 	 + 	        0i
                1075 	         0 	 + 	        0i
                1077 	         0 	 + 	        0i
                1079 	         0 	 + 	        0i
                1081 	         0 	 + 	        0i
                1083 	         0 	 + 	        0i
                1085 	         0 	 + 	        0i
                1087 	         0 	 + 	        0i
                1089 	         0 	 + 	        0i
                1091 	         0 	 + 	        0i
                1093 	         0 	 + 	        0i
                1095 	         0 	 + 	        0i
                1097 	         0 	 + 	        0i
                1099 	         0 	 + 	        0i
                1101 	         0 	 + 	        0i
                1103 	         0 	 + 	        0i
                1105 	         0 	 + 	        0i
                1107 	         0 	 + 	        0i
                1109 	         0 	 + 	        0i
                1111 	         0 	 + 	        0i
                1113 	         0 	 + 	        0i
                1115 	         0 	 + 	        0i
                1117 	         0 	 + 	        0i
                1119 	         0 	 + 	        0i
                1121 	         0 	 + 	        0i
                1123 	         0 	 + 	        0i
                1125 	         0 	 + 	        0i
                1127 	         0 	 + 	        0i
                1129 	         0 	 + 	        0i
                1131 	         0 	 + 	        0i
                1133 	         0 	 + 	        0i
                1135 	         0 	 + 	        0i
                1137 	         0 	 + 	        0i
                1139 	         0 	 + 	        0i
                1141 	         0 	 + 	        0i
                1143 	         0 	 + 	        0i
                1145 	         0 	 + 	        0i
                1147 	         0 	 + 	        0i
                1149 	         0 	 + 	        0i
                1151 	         0 	 + 	        0i
                1153 	         0 	 + 	        0i
                1155 	         0 	 + 	        0i
                1157 	         0 	 + 	        0i
                1159 	         0 	 + 	        0i
                1161 	         0 	 + 	        0i
                1163 	         0 	 + 	        0i
                1165 	         0 	 + 	        0i
                1167 	         0 	 + 	        0i
                1169 	         0 	 + 	        0i
                1171 	         0 	 + 	        0i
                1173 	         0 	 + 	        0i
                1175 	         0 	 + 	        0i
                1177 	         0 	 + 	        0i
                1179 	         0 	 + 	        0i
                1181 	         0 	 + 	        0i
                1183 	         0 	 + 	        0i
                1185 	         0 	 + 	        0i
                1187 	         0 	 + 	        0i
                1189 	         0 	 + 	        0i
                1191 	         0 	 + 	        0i
                1193 	         0 	 + 	        0i
                1195 	         0 	 + 	        0i
                1197 	         0 	 + 	        0i
                1199 	         0 	 + 	        0i
                1201 	         0 	 + 	        0i
                1203 	         0 	 + 	        0i
                1205 	         0 	 + 	        0i
                1207 	         0 	 + 	        0i
                1209 	         0 	 + 	        0i
                1211 	         0 	 + 	        0i
                1213 	         0 	 + 	        0i
                1215 	         0 	 + 	        0i
                1217 	         0 	 + 	        0i
                1219 	         0 	 + 	        0i
                1221 	         0 	 + 	        0i
                1223 	         0 	 + 	        0i
                1225 	         0 	 + 	        0i
                1227 	         0 	 + 	        0i
                1229 	         0 	 + 	        0i
                1231 	         0 	 + 	        0i
                1233 	         0 	 + 	        0i
                1235 	         0 	 + 	        0i
                1237 	         0 	 + 	        0i
                1239 	         0 	 + 	        0i
                1241 	         0 	 + 	        0i
                1243 	         0 	 + 	        0i
                1245 	         0 	 + 	        0i
                1247 	         0 	 + 	        0i
                1249 	         0 	 + 	        0i
                1251 	         0 	 + 	        0i
                1253 	         0 	 + 	        0i
                1255 	         0 	 + 	        0i
                1257 	         0 	 + 	        0i
                1259 	         0 	 + 	        0i
                1261 	         0 	 + 	        0i
                1263 	         0 	 + 	        0i
                1265 	         0 	 + 	        0i
                1267 	         0 	 + 	        0i
                1269 	         0 	 + 	        0i
                1271 	         0 	 + 	        0i
                1273 	         0 	 + 	        0i
                1275 	         0 	 + 	        0i
                1277 	         0 	 + 	        0i
                1279 	         0 	 + 	        0i
                1281 	         0 	 + 	        0i
                1283 	         0 	 + 	        0i
                1285 	         0 	 + 	        0i
                1287 	         0 	 + 	        0i
                1289 	         0 	 + 	        0i
                1291 	         0 	 + 	        0i
                1293 	         0 	 + 	        0i
                1295 	         0 	 + 	        0i
                1297 	         0 	 + 	        0i
                1299 	         0 	 + 	        0i
                1301 	         0 	 + 	        0i
                1303 	         0 	 + 	        0i
                1305 	         0 	 + 	        0i
                1307 	         0 	 + 	        0i
                1309 	         0 	 + 	        0i
                1311 	         0 	 + 	        0i
                1313 	         0 	 + 	        0i
                1315 	         0 	 + 	        0i
                1317 	         0 	 + 	        0i
                1319 	         0 	 + 	        0i
                1321 	         0 	 + 	        0i
                1323 	         0 	 + 	        0i
                1325 	         0 	 + 	        0i
                1327 	         0 	 + 	        0i
                1329 	         0 	 + 	        0i
                1331 	         0 	 + 	        0i
                1333 	         0 	 + 	        0i
                1335 	         0 	 + 	        0i
                1337 	         0 	 + 	        0i
                1339 	         0 	 + 	        0i
                1341 	         0 	 + 	        0i
                1343 	         0 	 + 	        0i
                1345 	         0 	 + 	        0i
                1347 	         0 	 + 	        0i
                1349 	         0 	 + 	        0i
                1351 	         0 	 + 	        0i
                1353 	         0 	 + 	        0i
                1355 	         0 	 + 	        0i
                1357 	         0 	 + 	        0i
                1359 	         0 	 + 	        0i
                1361 	         0 	 + 	        0i
                1363 	         0 	 + 	        0i
                1365 	         0 	 + 	        0i
                1367 	         0 	 + 	        0i
                1369 	         0 	 + 	        0i
                1371 	         0 	 + 	        0i
                1373 	         0 	 + 	        0i
                1375 	         0 	 + 	        0i
                1377 	         0 	 + 	        0i
                1379 	         0 	 + 	        0i
                1381 	         0 	 + 	        0i
                1383 	         0 	 + 	        0i
                1385 	         0 	 + 	        0i
                1387 	         0 	 + 	        0i
                1389 	         0 	 + 	        0i
                1391 	         0 	 + 	        0i
                1393 	         0 	 + 	        0i
                1395 	         0 	 + 	        0i
                1397 	         0 	 + 	        0i
                1399 	         0 	 + 	        0i
                1401 	         0 	 + 	        0i
                1403 	         0 	 + 	        0i
                1405 	         0 	 + 	        0i
                1407 	         0 	 + 	        0i
                1409 	         0 	 + 	        0i
                1411 	         0 	 + 	        0i
                1413 	         0 	 + 	        0i
                1415 	         0 	 + 	        0i
                1417 	         0 	 + 	        0i
                1419 	         0 	 + 	        0i
                1421 	         0 	 + 	        0i
                1423 	         0 	 + 	        0i
                1425 	         0 	 + 	        0i
                1427 	         0 	 + 	        0i
                1429 	         0 	 + 	        0i
                1431 	         0 	 + 	        0i
                1433 	         0 	 + 	        0i
                1435 	         0 	 + 	        0i
                1437 	         0 	 + 	        0i
                1439 	         0 	 + 	        0i
                1441 	         0 	 + 	        0i
                1443 	         0 	 + 	        0i
                1445 	         0 	 + 	        0i
                1447 	         0 	 + 	        0i
                1449 	         0 	 + 	        0i
                1451 	         0 	 + 	        0i
                1453 	         0 	 + 	        0i
                1455 	         0 	 + 	        0i
                1457 	         0 	 + 	        0i
                1459 	         0 	 + 	        0i
                1461 	         0 	 + 	        0i
                1463 	         0 	 + 	        0i
                1465 	         0 	 + 	        0i
                1467 	         0 	 + 	        0i
                1469 	         0 	 + 	        0i
                1471 	         0 	 + 	        0i
                1473 	         0 	 + 	        0i
                1475 	         0 	 + 	        0i
                1477 	         0 	 + 	        0i
                1479 	         0 	 + 	        0i
                1481 	         0 	 + 	        0i
                1483 	         0 	 + 	        0i
                1485 	         0 	 + 	        0i
                1487 	         0 	 + 	        0i
                1489 	         0 	 + 	        0i
                1491 	         0 	 + 	        0i
                1493 	         0 	 + 	        0i
                1495 	         0 	 + 	        0i
                1497 	         0 	 + 	        0i
                1499 	         0 	 + 	        0i
                1501 	         0 	 + 	        0i
                1503 	         0 	 + 	        0i
                1505 	         0 	 + 	        0i
                1507 	         0 	 + 	        0i
                1509 	         0 	 + 	        0i
                1511 	         0 	 + 	        0i
                1513 	         0 	 + 	        0i
                1515 	         0 	 + 	        0i
                1517 	         0 	 + 	        0i
                1519 	         0 	 + 	        0i
                1521 	         0 	 + 	        0i
                1523 	         0 	 + 	        0i
                1525 	         0 	 + 	        0i
                1527 	         0 	 + 	        0i
                1529 	         0 	 + 	        0i
                1531 	         0 	 + 	        0i
                1533 	         0 	 + 	        0i
                1535 	         0 	 + 	        0i
                1537 	         0 	 + 	        0i
                1539 	         0 	 + 	        0i
                1541 	         0 	 + 	        0i
                1543 	         0 	 + 	        0i
                1545 	         0 	 + 	        0i
                1547 	         0 	 + 	        0i
                1549 	         0 	 + 	        0i
                1551 	         0 	 + 	        0i
                1553 	         0 	 + 	        0i
                1555 	         0 	 + 	        0i
                1557 	         0 	 + 	        0i
                1559 	         0 	 + 	        0i
                1561 	         0 	 + 	        0i
                1563 	         0 	 + 	        0i
                1565 	         0 	 + 	        0i
                1567 	         0 	 + 	        0i
                1569 	         0 	 + 	        0i
                1571 	         0 	 + 	        0i
                1573 	         1 	 + 	        0i
                1575 	      8131 	 + 	        0i
                1577 	         1 	 + 	        0i
                1579 	         2 	 + 	        0i
                1581 	         1 	 + 	        0i
                1583 	        -7 	 + 	        0i
                1585 	         1 	 + 	        0i
                1587 	         5 	 + 	        0i
                1589 	         1 	 + 	        0i
                1591 	       -13 	 + 	        0i
                1593 	         1 	 + 	        0i
                1595 	        -4 	 + 	        0i
                1597 	         1 	 + 	        0i
                1599 	        -6 	 + 	        0i
                1601 	         1 	 + 	        0i
                1603 	         5 	 + 	        0i
                1605 	         1 	 + 	        0i
                1607 	        -9 	 + 	        0i
                1609 	         1 	 + 	        0i
                1611 	         5 	 + 	        0i
                1613 	         1 	 + 	        0i
                1615 	        -1 	 + 	        0i
                1617 	         1 	 + 	        0i
                1619 	        -5 	 + 	        0i
                1621 	         1 	 + 	        0i
                1623 	         2 	 + 	        0i
                1625 	         1 	 + 	        0i
                1627 	        -8 	 + 	        0i
                1629 	         1 	 + 	        0i
                1631 	         3 	 + 	        0i
                1633 	         1 	 + 	        0i
                1635 	         0 	 + 	        0i
                1637 	         1 	 + 	        0i
                1639 	         3 	 + 	        0i
                1641 	         1 	 + 	        0i
                1643 	         4 	 + 	        0i
                1645 	         1 	 + 	        0i
                1647 	       -11 	 + 	        0i
                1649 	         1 	 + 	        0i
                1651 	        -3 	 + 	        0i
                1653 	         1 	 + 	        0i
                1655 	         5 	 + 	        0i
                1657 	         1 	 + 	        0i
                1659 	         0 	 + 	        0i
                1661 	         1 	 + 	        0i
                1663 	         4 	 + 	        0i
                1665 	         1 	 + 	        0i
                1667 	         1 	 + 	        0i
                1669 	         1 	 + 	        0i
                1671 	        -2 	 + 	        0i
                1673 	         1 	 + 	        0i
                1675 	         4 	 + 	        0i
                1677 	         1 	 + 	        0i
                1679 	         2 	 + 	        0i
                1681 	         1 	 + 	        0i
                1683 	         1 	 + 	        0i
                1685 	         1 	 + 	        0i
                1687 	        10 	 + 	        0i
                1689 	         1 	 + 	        0i
                1691 	        -5 	 + 	        0i
                1693 	         1 	 + 	        0i
                1695 	        -2 	 + 	        0i
                1697 	         1 	 + 	        0i
                1699 	         4 	 + 	        0i
                1701 	         1 	 + 	        0i
                1703 	         7 	 + 	        0i
                1705 	         1 	 + 	        0i
                1707 	        -2 	 + 	        0i
                1709 	         1 	 + 	        0i
                1711 	        -3 	 + 	        0i
                1713 	         1 	 + 	        0i
                1715 	        13 	 + 	        0i
                1717 	         1 	 + 	        0i
                1719 	        -1 	 + 	        0i
                1721 	         1 	 + 	        0i
                1723 	         8 	 + 	        0i
                1725 	         1 	 + 	        0i
                1727 	        10 	 + 	        0i
                1729 	         1 	 + 	        0i
                1731 	         1 	 + 	        0i
                1733 	         1 	 + 	        0i
                1735 	         3 	 + 	        0i
                1737 	         1 	 + 	        0i
                1739 	         3 	 + 	        0i
                1741 	         1 	 + 	        0i
                1743 	        -3 	 + 	        0i
                1745 	         1 	 + 	        0i
                1747 	         5 	 + 	        0i
                1749 	         1 	 + 	        0i
                1751 	        -2 	 + 	        0i
                1753 	         1 	 + 	        0i
                1755 	       -10 	 + 	        0i
                1757 	         1 	 + 	        0i
                1759 	        -1 	 + 	        0i
                1761 	         1 	 + 	        0i
                1763 	         4 	 + 	        0i
                1765 	         1 	 + 	        0i
                1767 	        -1 	 + 	        0i
                1769 	         1 	 + 	        0i
                1771 	         4 	 + 	        0i
                1773 	         1 	 + 	        0i
                1775 	         1 	 + 	        0i
                1777 	         1 	 + 	        0i
                1779 	         5 	 + 	        0i
                1781 	         1 	 + 	        0i
                1783 	        -3 	 + 	        0i
                1785 	         1 	 + 	        0i
                1787 	         4 	 + 	        0i
                1789 	         1 	 + 	        0i
                1791 	         8 	 + 	        0i
                1793 	         1 	 + 	        0i
                1795 	       -11 	 + 	        0i
                1797 	         1 	 + 	        0i
                1799 	         4 	 + 	        0i
                1801 	         1 	 + 	        0i
                1803 	        -4 	 + 	        0i
                1805 	         1 	 + 	        0i
                1807 	         6 	 + 	        0i
                1809 	         1 	 + 	        0i
                1811 	       -13 	 + 	        0i
                1813 	         1 	 + 	        0i
                1815 	        10 	 + 	        0i
                1817 	         1 	 + 	        0i
                1819 	        -1 	 + 	        0i
                1821 	         1 	 + 	        0i
                1823 	        16 	 + 	        0i
                1825 	         1 	 + 	        0i
                1827 	      8148 	 + 	        0i
                1829 	         0 	 + 	        0i
                1831 	         0 	 + 	        0i
                1833 	         0 	 + 	        0i
                1835 	         0 	 + 	        0i
                1837 	         0 	 + 	        0i
                1839 	         0 	 + 	        0i
                1841 	         0 	 + 	        0i
                1843 	         0 	 + 	        0i
                1845 	         0 	 + 	        0i
                1847 	         0 	 + 	        0i
                1849 	         0 	 + 	        0i
                1851 	         0 	 + 	        0i
                1853 	         0 	 + 	        0i
                1855 	         0 	 + 	        0i
                1857 	         0 	 + 	        0i
                1859 	         0 	 + 	        0i
                1861 	         0 	 + 	        0i
                1863 	         0 	 + 	        0i
                1865 	         0 	 + 	        0i
                1867 	         0 	 + 	        0i
                1869 	         0 	 + 	        0i
                1871 	         0 	 + 	        0i
                1873 	         0 	 + 	        0i
                1875 	         0 	 + 	        0i
                1877 	         0 	 + 	        0i
                1879 	         0 	 + 	        0i
                1881 	         0 	 + 	        0i
                1883 	         0 	 + 	        0i
                1885 	         0 	 + 	        0i
                1887 	         0 	 + 	        0i
                1889 	         0 	 + 	        0i
                1891 	         0 	 + 	        0i
                1893 	         0 	 + 	        0i
                1895 	         0 	 + 	        0i
                1897 	         0 	 + 	        0i
                1899 	         0 	 + 	        0i
                1901 	         0 	 + 	        0i
                1903 	         0 	 + 	        0i
                1905 	         0 	 + 	        0i
                1907 	         0 	 + 	        0i
                1909 	         0 	 + 	        0i
                1911 	         0 	 + 	        0i
                1913 	         0 	 + 	        0i
                1915 	         0 	 + 	        0i
                1917 	         0 	 + 	        0i
                1919 	         0 	 + 	        0i
                1921 	         0 	 + 	        0i
                1923 	         0 	 + 	        0i
                1925 	         0 	 + 	        0i
                1927 	         0 	 + 	        0i
                1929 	         0 	 + 	        0i
                1931 	         0 	 + 	        0i
                1933 	         0 	 + 	        0i
                1935 	         0 	 + 	        0i
                1937 	         0 	 + 	        0i
                1939 	         0 	 + 	        0i
                1941 	         0 	 + 	        0i
                1943 	         0 	 + 	        0i
                1945 	         0 	 + 	        0i
                1947 	         0 	 + 	        0i
                1949 	         0 	 + 	        0i
                1951 	         0 	 + 	        0i
                1953 	         0 	 + 	        0i
                1955 	         0 	 + 	        0i
                1957 	         0 	 + 	        0i
                1959 	         0 	 + 	        0i
                1961 	         0 	 + 	        0i
                1963 	         0 	 + 	        0i
                1965 	         0 	 + 	        0i
                1967 	         0 	 + 	        0i
                1969 	         0 	 + 	        0i
                1971 	         0 	 + 	        0i
                1973 	         0 	 + 	        0i
                1975 	         0 	 + 	        0i
                1977 	         0 	 + 	        0i
                1979 	         0 	 + 	        0i
                1981 	         0 	 + 	        0i
                1983 	         0 	 + 	        0i
                1985 	         0 	 + 	        0i
                1987 	         0 	 + 	        0i
                1989 	         0 	 + 	        0i
                1991 	         0 	 + 	        0i
                1993 	         0 	 + 	        0i
                1995 	         0 	 + 	        0i
                1997 	         0 	 + 	        0i
                1999 	         0 	 + 	        0i
# run 1.00us
                2001 	         0 	 + 	        0i
                2003 	         0 	 + 	        0i
                2005 	         0 	 + 	        0i
                2007 	         0 	 + 	        0i
                2009 	         0 	 + 	        0i
                2011 	         0 	 + 	        0i
                2013 	         0 	 + 	        0i
                2015 	         0 	 + 	        0i
                2017 	         0 	 + 	        0i
                2019 	         0 	 + 	        0i
                2021 	         0 	 + 	        0i
                2023 	         0 	 + 	        0i
                2025 	         0 	 + 	        0i
                2027 	         0 	 + 	        0i
                2029 	         0 	 + 	        0i
                2031 	         0 	 + 	        0i
                2033 	         0 	 + 	        0i
                2035 	         0 	 + 	        0i
                2037 	         0 	 + 	        0i
                2039 	         0 	 + 	        0i
                2041 	         0 	 + 	        0i
                2043 	         0 	 + 	        0i
                2045 	         0 	 + 	        0i
                2047 	         0 	 + 	        0i
                2049 	         0 	 + 	        0i
                2051 	         0 	 + 	        0i
                2053 	         0 	 + 	        0i
                2055 	         0 	 + 	        0i
                2057 	         0 	 + 	        0i
                2059 	         0 	 + 	        0i
                2061 	         0 	 + 	        0i
                2063 	         0 	 + 	        0i
                2065 	         0 	 + 	        0i
                2067 	         0 	 + 	        0i
                2069 	         0 	 + 	        0i
                2071 	         0 	 + 	        0i
                2073 	         0 	 + 	        0i
                2075 	         0 	 + 	        0i
                2077 	         0 	 + 	        0i
                2079 	         0 	 + 	        0i
                2081 	         0 	 + 	        0i
                2083 	         0 	 + 	        0i
                2085 	         0 	 + 	        0i
                2087 	         0 	 + 	        0i
                2089 	         0 	 + 	        0i
                2091 	         0 	 + 	        0i
                2093 	         0 	 + 	        0i
                2095 	         0 	 + 	        0i
                2097 	         0 	 + 	        0i
                2099 	         0 	 + 	        0i
                2101 	         0 	 + 	        0i
                2103 	         0 	 + 	        0i
                2105 	         0 	 + 	        0i
                2107 	         0 	 + 	        0i
                2109 	         0 	 + 	        0i
                2111 	         0 	 + 	        0i
                2113 	         0 	 + 	        0i
                2115 	         0 	 + 	        0i
                2117 	         0 	 + 	        0i
                2119 	         0 	 + 	        0i
                2121 	         0 	 + 	        0i
                2123 	         0 	 + 	        0i
                2125 	         0 	 + 	        0i
                2127 	         0 	 + 	        0i
                2129 	         0 	 + 	        0i
                2131 	         0 	 + 	        0i
                2133 	         0 	 + 	        0i
                2135 	         0 	 + 	        0i
                2137 	         0 	 + 	        0i
                2139 	         0 	 + 	        0i
                2141 	         0 	 + 	        0i
                2143 	         0 	 + 	        0i
                2145 	         0 	 + 	        0i
                2147 	         0 	 + 	        0i
                2149 	         0 	 + 	        0i
                2151 	         0 	 + 	        0i
                2153 	         0 	 + 	        0i
                2155 	         0 	 + 	        0i
                2157 	         0 	 + 	        0i
                2159 	         0 	 + 	        0i
                2161 	         0 	 + 	        0i
                2163 	         0 	 + 	        0i
                2165 	         0 	 + 	        0i
                2167 	         0 	 + 	        0i
                2169 	         0 	 + 	        0i
                2171 	         0 	 + 	        0i
                2173 	         0 	 + 	        0i
                2175 	         0 	 + 	        0i
                2177 	         0 	 + 	        0i
                2179 	         0 	 + 	        0i
                2181 	         0 	 + 	        0i
                2183 	         0 	 + 	        0i
                2185 	         0 	 + 	        0i
                2187 	         0 	 + 	        0i
                2189 	         0 	 + 	        0i
                2191 	         0 	 + 	        0i
                2193 	         0 	 + 	        0i
                2195 	         0 	 + 	        0i
                2197 	         0 	 + 	        0i
                2199 	         0 	 + 	        0i
                2201 	         0 	 + 	        0i
                2203 	         0 	 + 	        0i
                2205 	         0 	 + 	        0i
                2207 	         0 	 + 	        0i
                2209 	         0 	 + 	        0i
                2211 	         0 	 + 	        0i
                2213 	         0 	 + 	        0i
                2215 	         0 	 + 	        0i
                2217 	         0 	 + 	        0i
                2219 	         0 	 + 	        0i
                2221 	         0 	 + 	        0i
                2223 	         0 	 + 	        0i
                2225 	         0 	 + 	        0i
                2227 	         0 	 + 	        0i
                2229 	         0 	 + 	        0i
                2231 	         0 	 + 	        0i
                2233 	         0 	 + 	        0i
                2235 	         0 	 + 	        0i
                2237 	         0 	 + 	        0i
                2239 	         0 	 + 	        0i
                2241 	         0 	 + 	        0i
                2243 	         0 	 + 	        0i
                2245 	         0 	 + 	        0i
                2247 	         0 	 + 	        0i
                2249 	         0 	 + 	        0i
                2251 	         0 	 + 	        0i
                2253 	         0 	 + 	        0i
                2255 	         0 	 + 	        0i
                2257 	         0 	 + 	        0i
                2259 	         0 	 + 	        0i
                2261 	         0 	 + 	        0i
                2263 	         0 	 + 	        0i
                2265 	         0 	 + 	        0i
                2267 	         0 	 + 	        0i
                2269 	         0 	 + 	        0i
                2271 	         0 	 + 	        0i
                2273 	         0 	 + 	        0i
                2275 	         0 	 + 	        0i
                2277 	         0 	 + 	        0i
                2279 	         0 	 + 	        0i
                2281 	         0 	 + 	        0i
                2283 	         0 	 + 	        0i
                2285 	         0 	 + 	        0i
                2287 	         0 	 + 	        0i
                2289 	         0 	 + 	        0i
                2291 	         0 	 + 	        0i
                2293 	         0 	 + 	        0i
                2295 	         0 	 + 	        0i
                2297 	         0 	 + 	        0i
                2299 	         0 	 + 	        0i
                2301 	         0 	 + 	        0i
                2303 	         0 	 + 	        0i
                2305 	         0 	 + 	        0i
                2307 	         0 	 + 	        0i
                2309 	         0 	 + 	        0i
                2311 	         0 	 + 	        0i
                2313 	         0 	 + 	        0i
                2315 	         0 	 + 	        0i
                2317 	         0 	 + 	        0i
                2319 	         0 	 + 	        0i
                2321 	         0 	 + 	        0i
                2323 	         0 	 + 	        0i
                2325 	         0 	 + 	        0i
                2327 	         0 	 + 	        0i
                2329 	         0 	 + 	        0i
                2331 	         0 	 + 	        0i
                2333 	         0 	 + 	        0i
                2335 	         0 	 + 	        0i
                2337 	         0 	 + 	        0i
                2339 	         0 	 + 	        0i
                2341 	         0 	 + 	        0i
                2343 	         0 	 + 	        0i
                2345 	         0 	 + 	        0i
                2347 	         0 	 + 	        0i
                2349 	         0 	 + 	        0i
                2351 	         0 	 + 	        0i
                2353 	         0 	 + 	        0i
                2355 	         0 	 + 	        0i
                2357 	         0 	 + 	        0i
                2359 	         0 	 + 	        0i
                2361 	         0 	 + 	        0i
                2363 	         0 	 + 	        0i
                2365 	         0 	 + 	        0i
                2367 	         0 	 + 	        0i
                2369 	         0 	 + 	        0i
                2371 	         0 	 + 	        0i
                2373 	         0 	 + 	        0i
                2375 	         0 	 + 	        0i
                2377 	         0 	 + 	        0i
                2379 	         0 	 + 	        0i
                2381 	         0 	 + 	        0i
                2383 	         0 	 + 	        0i
                2385 	         0 	 + 	        0i
                2387 	         0 	 + 	        0i
                2389 	         0 	 + 	        0i
                2391 	         0 	 + 	        0i
                2393 	         0 	 + 	        0i
                2395 	         0 	 + 	        0i
                2397 	         0 	 + 	        0i
                2399 	         0 	 + 	        0i
                2401 	         0 	 + 	        0i
                2403 	         0 	 + 	        0i
                2405 	         0 	 + 	        0i
                2407 	         0 	 + 	        0i
                2409 	         0 	 + 	        0i
                2411 	         0 	 + 	        0i
                2413 	         0 	 + 	        0i
                2415 	         0 	 + 	        0i
                2417 	         0 	 + 	        0i
                2419 	         0 	 + 	        0i
                2421 	         0 	 + 	        0i
                2423 	         0 	 + 	        0i
                2425 	         0 	 + 	        0i
                2427 	         0 	 + 	        0i
                2429 	         0 	 + 	        0i
                2431 	         0 	 + 	        0i
                2433 	         0 	 + 	        0i
                2435 	         0 	 + 	        0i
                2437 	         0 	 + 	        0i
                2439 	         0 	 + 	        0i
                2441 	         0 	 + 	        0i
                2443 	         0 	 + 	        0i
                2445 	         0 	 + 	        0i
                2447 	         0 	 + 	        0i
                2449 	         0 	 + 	        0i
                2451 	         0 	 + 	        0i
                2453 	         0 	 + 	        0i
                2455 	         0 	 + 	        0i
                2457 	         0 	 + 	        0i
                2459 	         0 	 + 	        0i
                2461 	         0 	 + 	        0i
                2463 	         0 	 + 	        0i
                2465 	         0 	 + 	        0i
                2467 	         0 	 + 	        0i
                2469 	         0 	 + 	        0i
                2471 	         0 	 + 	        0i
                2473 	         0 	 + 	        0i
                2475 	         0 	 + 	        0i
                2477 	         0 	 + 	        0i
                2479 	         0 	 + 	        0i
                2481 	         0 	 + 	        0i
                2483 	         0 	 + 	        0i
                2485 	         0 	 + 	        0i
                2487 	         0 	 + 	        0i
                2489 	         0 	 + 	        0i
                2491 	         0 	 + 	        0i
                2493 	         0 	 + 	        0i
                2495 	         0 	 + 	        0i
                2497 	         0 	 + 	        0i
                2499 	         0 	 + 	        0i
                2501 	         0 	 + 	        0i
                2503 	         0 	 + 	        0i
                2505 	         0 	 + 	        0i
                2507 	         0 	 + 	        0i
                2509 	         0 	 + 	        0i
                2511 	         0 	 + 	        0i
                2513 	         0 	 + 	        0i
                2515 	         0 	 + 	        0i
                2517 	         0 	 + 	        0i
                2519 	         0 	 + 	        0i
                2521 	         0 	 + 	        0i
                2523 	         0 	 + 	        0i
                2525 	         0 	 + 	        0i
                2527 	         0 	 + 	        0i
                2529 	         0 	 + 	        0i
                2531 	         0 	 + 	        0i
                2533 	         0 	 + 	        0i
                2535 	         0 	 + 	        0i
                2537 	         0 	 + 	        0i
                2539 	         0 	 + 	        0i
                2541 	         0 	 + 	        0i
                2543 	         0 	 + 	        0i
                2545 	         0 	 + 	        0i
                2547 	         0 	 + 	        0i
                2549 	         0 	 + 	        0i
                2551 	         0 	 + 	        0i
                2553 	         0 	 + 	        0i
                2555 	         0 	 + 	        0i
                2557 	         0 	 + 	        0i
                2559 	         0 	 + 	        0i
                2561 	         0 	 + 	        0i
                2563 	         0 	 + 	        0i
                2565 	         0 	 + 	        0i
                2567 	         0 	 + 	        0i
                2569 	         0 	 + 	        0i
                2571 	         0 	 + 	        0i
                2573 	         0 	 + 	        0i
                2575 	         0 	 + 	        0i
                2577 	         0 	 + 	        0i
                2579 	         0 	 + 	        0i
                2581 	         0 	 + 	        0i
                2583 	         0 	 + 	        0i
                2585 	         0 	 + 	        0i
                2587 	         0 	 + 	        0i
                2589 	         0 	 + 	        0i
                2591 	         0 	 + 	        0i
                2593 	         0 	 + 	        0i
                2595 	         0 	 + 	        0i
                2597 	         1 	 + 	        0i
                2599 	      8131 	 + 	        0i
                2601 	         1 	 + 	        0i
                2603 	         2 	 + 	        0i
                2605 	         1 	 + 	        0i
                2607 	        -7 	 + 	        0i
                2609 	         1 	 + 	        0i
                2611 	         5 	 + 	        0i
                2613 	         1 	 + 	        0i
                2615 	       -13 	 + 	        0i
                2617 	         1 	 + 	        0i
                2619 	        -4 	 + 	        0i
                2621 	         1 	 + 	        0i
                2623 	        -6 	 + 	        0i
                2625 	         1 	 + 	        0i
                2627 	         5 	 + 	        0i
                2629 	         1 	 + 	        0i
                2631 	        -9 	 + 	        0i
                2633 	         1 	 + 	        0i
                2635 	         5 	 + 	        0i
                2637 	         1 	 + 	        0i
                2639 	        -1 	 + 	        0i
                2641 	         1 	 + 	        0i
                2643 	        -5 	 + 	        0i
                2645 	         1 	 + 	        0i
                2647 	         2 	 + 	        0i
                2649 	         1 	 + 	        0i
                2651 	        -8 	 + 	        0i
                2653 	         1 	 + 	        0i
                2655 	         3 	 + 	        0i
                2657 	         1 	 + 	        0i
                2659 	         0 	 + 	        0i
                2661 	         1 	 + 	        0i
                2663 	         3 	 + 	        0i
                2665 	         1 	 + 	        0i
                2667 	         4 	 + 	        0i
                2669 	         1 	 + 	        0i
                2671 	       -11 	 + 	        0i
                2673 	         1 	 + 	        0i
                2675 	        -3 	 + 	        0i
                2677 	         1 	 + 	        0i
                2679 	         5 	 + 	        0i
                2681 	         1 	 + 	        0i
                2683 	         0 	 + 	        0i
                2685 	         1 	 + 	        0i
                2687 	         4 	 + 	        0i
                2689 	         1 	 + 	        0i
                2691 	         1 	 + 	        0i
                2693 	         1 	 + 	        0i
                2695 	        -2 	 + 	        0i
                2697 	         1 	 + 	        0i
                2699 	         4 	 + 	        0i
                2701 	         1 	 + 	        0i
                2703 	         2 	 + 	        0i
                2705 	         1 	 + 	        0i
                2707 	         1 	 + 	        0i
                2709 	         1 	 + 	        0i
                2711 	        10 	 + 	        0i
                2713 	         1 	 + 	        0i
                2715 	        -5 	 + 	        0i
                2717 	         1 	 + 	        0i
                2719 	        -2 	 + 	        0i
                2721 	         1 	 + 	        0i
                2723 	         4 	 + 	        0i
                2725 	         1 	 + 	        0i
                2727 	         7 	 + 	        0i
                2729 	         1 	 + 	        0i
                2731 	        -2 	 + 	        0i
                2733 	         1 	 + 	        0i
                2735 	        -3 	 + 	        0i
                2737 	         1 	 + 	        0i
                2739 	        13 	 + 	        0i
                2741 	         1 	 + 	        0i
                2743 	        -1 	 + 	        0i
                2745 	         1 	 + 	        0i
                2747 	         8 	 + 	        0i
                2749 	         1 	 + 	        0i
                2751 	        10 	 + 	        0i
                2753 	         1 	 + 	        0i
                2755 	         1 	 + 	        0i
                2757 	         1 	 + 	        0i
                2759 	         3 	 + 	        0i
                2761 	         1 	 + 	        0i
                2763 	         3 	 + 	        0i
                2765 	         1 	 + 	        0i
                2767 	        -3 	 + 	        0i
                2769 	         1 	 + 	        0i
                2771 	         5 	 + 	        0i
                2773 	         1 	 + 	        0i
                2775 	        -2 	 + 	        0i
                2777 	         1 	 + 	        0i
                2779 	       -10 	 + 	        0i
                2781 	         1 	 + 	        0i
                2783 	        -1 	 + 	        0i
                2785 	         1 	 + 	        0i
                2787 	         4 	 + 	        0i
                2789 	         1 	 + 	        0i
                2791 	        -1 	 + 	        0i
                2793 	         1 	 + 	        0i
                2795 	         4 	 + 	        0i
                2797 	         1 	 + 	        0i
                2799 	         1 	 + 	        0i
                2801 	         1 	 + 	        0i
                2803 	         5 	 + 	        0i
                2805 	         1 	 + 	        0i
                2807 	        -3 	 + 	        0i
                2809 	         1 	 + 	        0i
                2811 	         4 	 + 	        0i
                2813 	         1 	 + 	        0i
                2815 	         8 	 + 	        0i
                2817 	         1 	 + 	        0i
                2819 	       -11 	 + 	        0i
                2821 	         1 	 + 	        0i
                2823 	         4 	 + 	        0i
                2825 	         1 	 + 	        0i
                2827 	        -4 	 + 	        0i
                2829 	         1 	 + 	        0i
                2831 	         6 	 + 	        0i
                2833 	         1 	 + 	        0i
                2835 	       -13 	 + 	        0i
                2837 	         1 	 + 	        0i
                2839 	        10 	 + 	        0i
                2841 	         1 	 + 	        0i
                2843 	        -1 	 + 	        0i
                2845 	         1 	 + 	        0i
                2847 	        16 	 + 	        0i
                2849 	         1 	 + 	        0i
                2851 	     14259 	 + 	        0i
                2853 	         0 	 + 	        0i
                2855 	         0 	 + 	        0i
                2857 	         0 	 + 	        0i
                2859 	         0 	 + 	        0i
                2861 	         0 	 + 	        0i
                2863 	         0 	 + 	        0i
                2865 	         0 	 + 	        0i
                2867 	         0 	 + 	        0i
                2869 	         0 	 + 	        0i
                2871 	         0 	 + 	        0i
                2873 	         0 	 + 	        0i
                2875 	         0 	 + 	        0i
                2877 	         0 	 + 	        0i
                2879 	         0 	 + 	        0i
                2881 	         0 	 + 	        0i
                2883 	         0 	 + 	        0i
                2885 	         0 	 + 	        0i
                2887 	         0 	 + 	        0i
                2889 	         0 	 + 	        0i
                2891 	         0 	 + 	        0i
                2893 	         0 	 + 	        0i
                2895 	         0 	 + 	        0i
                2897 	         0 	 + 	        0i
                2899 	         0 	 + 	        0i
                2901 	         0 	 + 	        0i
                2903 	         0 	 + 	        0i
                2905 	         0 	 + 	        0i
                2907 	         0 	 + 	        0i
                2909 	         0 	 + 	        0i
                2911 	         0 	 + 	        0i
                2913 	         0 	 + 	        0i
                2915 	         0 	 + 	        0i
                2917 	         0 	 + 	        0i
                2919 	         0 	 + 	        0i
                2921 	         0 	 + 	        0i
                2923 	         0 	 + 	        0i
                2925 	         0 	 + 	        0i
                2927 	         0 	 + 	        0i
                2929 	         0 	 + 	        0i
                2931 	         0 	 + 	        0i
                2933 	         0 	 + 	        0i
                2935 	         0 	 + 	        0i
                2937 	         0 	 + 	        0i
                2939 	         0 	 + 	        0i
                2941 	         0 	 + 	        0i
                2943 	         0 	 + 	        0i
                2945 	         0 	 + 	        0i
                2947 	         0 	 + 	        0i
                2949 	         0 	 + 	        0i
                2951 	         0 	 + 	        0i
                2953 	         0 	 + 	        0i
                2955 	         0 	 + 	        0i
                2957 	         0 	 + 	        0i
                2959 	         0 	 + 	        0i
                2961 	         0 	 + 	        0i
                2963 	         0 	 + 	        0i
                2965 	         0 	 + 	        0i
                2967 	         0 	 + 	        0i
                2969 	         0 	 + 	        0i
                2971 	         0 	 + 	        0i
                2973 	         0 	 + 	        0i
                2975 	         0 	 + 	        0i
                2977 	         0 	 + 	        0i
                2979 	         0 	 + 	        0i
                2981 	         0 	 + 	        0i
                2983 	         0 	 + 	        0i
                2985 	         0 	 + 	        0i
                2987 	         0 	 + 	        0i
                2989 	         0 	 + 	        0i
                2991 	         0 	 + 	        0i
                2993 	         0 	 + 	        0i
                2995 	         0 	 + 	        0i
                2997 	         0 	 + 	        0i
                2999 	         0 	 + 	        0i
# run 1.00us
                3001 	         0 	 + 	        0i
                3003 	         0 	 + 	        0i
                3005 	         0 	 + 	        0i
                3007 	         0 	 + 	        0i
                3009 	         0 	 + 	        0i
                3011 	         0 	 + 	        0i
                3013 	         0 	 + 	        0i
                3015 	         0 	 + 	        0i
                3017 	         0 	 + 	        0i
                3019 	         0 	 + 	        0i
                3021 	         0 	 + 	        0i
                3023 	         0 	 + 	        0i
                3025 	         0 	 + 	        0i
                3027 	         0 	 + 	        0i
                3029 	         0 	 + 	        0i
                3031 	         0 	 + 	        0i
                3033 	         0 	 + 	        0i
                3035 	         0 	 + 	        0i
                3037 	         0 	 + 	        0i
                3039 	         0 	 + 	        0i
                3041 	         0 	 + 	        0i
                3043 	         0 	 + 	        0i
                3045 	         0 	 + 	        0i
                3047 	         0 	 + 	        0i
                3049 	         0 	 + 	        0i
                3051 	         0 	 + 	        0i
                3053 	         0 	 + 	        0i
                3055 	         0 	 + 	        0i
                3057 	         0 	 + 	        0i
                3059 	         0 	 + 	        0i
                3061 	         0 	 + 	        0i
                3063 	         0 	 + 	        0i
                3065 	         0 	 + 	        0i
                3067 	         0 	 + 	        0i
                3069 	         0 	 + 	        0i
                3071 	         0 	 + 	        0i
                3073 	         0 	 + 	        0i
                3075 	         0 	 + 	        0i
                3077 	         0 	 + 	        0i
                3079 	         0 	 + 	        0i
                3081 	         0 	 + 	        0i
                3083 	         0 	 + 	        0i
                3085 	         0 	 + 	        0i
                3087 	         0 	 + 	        0i
                3089 	         0 	 + 	        0i
                3091 	         0 	 + 	        0i
                3093 	         0 	 + 	        0i
                3095 	         0 	 + 	        0i
                3097 	         0 	 + 	        0i
                3099 	         0 	 + 	        0i
                3101 	         0 	 + 	        0i
                3103 	         0 	 + 	        0i
                3105 	         0 	 + 	        0i
                3107 	         0 	 + 	        0i
                3109 	         0 	 + 	        0i
                3111 	         0 	 + 	        0i
                3113 	         0 	 + 	        0i
                3115 	         0 	 + 	        0i
                3117 	         0 	 + 	        0i
                3119 	         0 	 + 	        0i
                3121 	         0 	 + 	        0i
                3123 	         0 	 + 	        0i
                3125 	         0 	 + 	        0i
                3127 	         0 	 + 	        0i
                3129 	         0 	 + 	        0i
                3131 	         0 	 + 	        0i
                3133 	         0 	 + 	        0i
                3135 	         0 	 + 	        0i
                3137 	         0 	 + 	        0i
                3139 	         0 	 + 	        0i
                3141 	         0 	 + 	        0i
                3143 	         0 	 + 	        0i
                3145 	         0 	 + 	        0i
                3147 	         0 	 + 	        0i
                3149 	         0 	 + 	        0i
                3151 	         0 	 + 	        0i
                3153 	         0 	 + 	        0i
                3155 	         0 	 + 	        0i
                3157 	         0 	 + 	        0i
                3159 	         0 	 + 	        0i
                3161 	         0 	 + 	        0i
                3163 	         0 	 + 	        0i
                3165 	         0 	 + 	        0i
                3167 	         0 	 + 	        0i
                3169 	         0 	 + 	        0i
                3171 	         0 	 + 	        0i
                3173 	         0 	 + 	        0i
                3175 	         0 	 + 	        0i
                3177 	         0 	 + 	        0i
                3179 	         0 	 + 	        0i
                3181 	         0 	 + 	        0i
                3183 	         0 	 + 	        0i
                3185 	         0 	 + 	        0i
                3187 	         0 	 + 	        0i
                3189 	         0 	 + 	        0i
                3191 	         0 	 + 	        0i
                3193 	         0 	 + 	        0i
                3195 	         0 	 + 	        0i
                3197 	         0 	 + 	        0i
                3199 	         0 	 + 	        0i
                3201 	         0 	 + 	        0i
                3203 	         0 	 + 	        0i
                3205 	         0 	 + 	        0i
                3207 	         0 	 + 	        0i
                3209 	         0 	 + 	        0i
                3211 	         0 	 + 	        0i
                3213 	         0 	 + 	        0i
                3215 	         0 	 + 	        0i
                3217 	         0 	 + 	        0i
                3219 	         0 	 + 	        0i
                3221 	         0 	 + 	        0i
                3223 	         0 	 + 	        0i
                3225 	         0 	 + 	        0i
                3227 	         0 	 + 	        0i
                3229 	         0 	 + 	        0i
                3231 	         0 	 + 	        0i
                3233 	         0 	 + 	        0i
                3235 	         0 	 + 	        0i
                3237 	         0 	 + 	        0i
                3239 	         0 	 + 	        0i
                3241 	         0 	 + 	        0i
                3243 	         0 	 + 	        0i
                3245 	         0 	 + 	        0i
                3247 	         0 	 + 	        0i
                3249 	         0 	 + 	        0i
                3251 	         0 	 + 	        0i
                3253 	         0 	 + 	        0i
                3255 	         0 	 + 	        0i
                3257 	         0 	 + 	        0i
                3259 	         0 	 + 	        0i
                3261 	         0 	 + 	        0i
                3263 	         0 	 + 	        0i
                3265 	         0 	 + 	        0i
                3267 	         0 	 + 	        0i
                3269 	         0 	 + 	        0i
                3271 	         0 	 + 	        0i
                3273 	         0 	 + 	        0i
                3275 	         0 	 + 	        0i
                3277 	         0 	 + 	        0i
                3279 	         0 	 + 	        0i
                3281 	         0 	 + 	        0i
                3283 	         0 	 + 	        0i
                3285 	         0 	 + 	        0i
                3287 	         0 	 + 	        0i
                3289 	         0 	 + 	        0i
                3291 	         0 	 + 	        0i
                3293 	         0 	 + 	        0i
                3295 	         0 	 + 	        0i
                3297 	         0 	 + 	        0i
                3299 	         0 	 + 	        0i
                3301 	         0 	 + 	        0i
                3303 	         0 	 + 	        0i
                3305 	         0 	 + 	        0i
                3307 	         0 	 + 	        0i
                3309 	         0 	 + 	        0i
                3311 	         0 	 + 	        0i
                3313 	         0 	 + 	        0i
                3315 	         0 	 + 	        0i
                3317 	         0 	 + 	        0i
                3319 	         0 	 + 	        0i
                3321 	         0 	 + 	        0i
                3323 	         0 	 + 	        0i
                3325 	         0 	 + 	        0i
                3327 	         0 	 + 	        0i
                3329 	         0 	 + 	        0i
                3331 	         0 	 + 	        0i
                3333 	         0 	 + 	        0i
                3335 	         0 	 + 	        0i
                3337 	         0 	 + 	        0i
                3339 	         0 	 + 	        0i
                3341 	         0 	 + 	        0i
                3343 	         0 	 + 	        0i
                3345 	         0 	 + 	        0i
                3347 	         0 	 + 	        0i
                3349 	         0 	 + 	        0i
                3351 	         0 	 + 	        0i
                3353 	         0 	 + 	        0i
                3355 	         0 	 + 	        0i
                3357 	         0 	 + 	        0i
                3359 	         0 	 + 	        0i
                3361 	         0 	 + 	        0i
                3363 	         0 	 + 	        0i
                3365 	         0 	 + 	        0i
                3367 	         0 	 + 	        0i
                3369 	         0 	 + 	        0i
                3371 	         0 	 + 	        0i
                3373 	         0 	 + 	        0i
                3375 	         0 	 + 	        0i
                3377 	         0 	 + 	        0i
                3379 	         0 	 + 	        0i
                3381 	         0 	 + 	        0i
                3383 	         0 	 + 	        0i
                3385 	         0 	 + 	        0i
                3387 	         0 	 + 	        0i
                3389 	         0 	 + 	        0i
                3391 	         0 	 + 	        0i
                3393 	         0 	 + 	        0i
                3395 	         0 	 + 	        0i
                3397 	         0 	 + 	        0i
                3399 	         0 	 + 	        0i
                3401 	         0 	 + 	        0i
                3403 	         0 	 + 	        0i
                3405 	         0 	 + 	        0i
                3407 	         0 	 + 	        0i
                3409 	         0 	 + 	        0i
                3411 	         0 	 + 	        0i
                3413 	         0 	 + 	        0i
                3415 	         0 	 + 	        0i
                3417 	         0 	 + 	        0i
                3419 	         0 	 + 	        0i
                3421 	         0 	 + 	        0i
                3423 	         0 	 + 	        0i
                3425 	         0 	 + 	        0i
                3427 	         0 	 + 	        0i
                3429 	         0 	 + 	        0i
                3431 	         0 	 + 	        0i
                3433 	         0 	 + 	        0i
                3435 	         0 	 + 	        0i
                3437 	         0 	 + 	        0i
                3439 	         0 	 + 	        0i
                3441 	         0 	 + 	        0i
                3443 	         0 	 + 	        0i
                3445 	         0 	 + 	        0i
                3447 	         0 	 + 	        0i
                3449 	         0 	 + 	        0i
                3451 	         0 	 + 	        0i
                3453 	         0 	 + 	        0i
                3455 	         0 	 + 	        0i
                3457 	         0 	 + 	        0i
                3459 	         0 	 + 	        0i
                3461 	         0 	 + 	        0i
                3463 	         0 	 + 	        0i
                3465 	         0 	 + 	        0i
                3467 	         0 	 + 	        0i
                3469 	         0 	 + 	        0i
                3471 	         0 	 + 	        0i
                3473 	         0 	 + 	        0i
                3475 	         0 	 + 	        0i
                3477 	         0 	 + 	        0i
                3479 	         0 	 + 	        0i
                3481 	         0 	 + 	        0i
                3483 	         0 	 + 	        0i
                3485 	         0 	 + 	        0i
                3487 	         0 	 + 	        0i
                3489 	         0 	 + 	        0i
                3491 	         0 	 + 	        0i
                3493 	         0 	 + 	        0i
                3495 	         0 	 + 	        0i
                3497 	         0 	 + 	        0i
                3499 	         0 	 + 	        0i
                3501 	         0 	 + 	        0i
                3503 	         0 	 + 	        0i
                3505 	         0 	 + 	        0i
                3507 	         0 	 + 	        0i
                3509 	         0 	 + 	        0i
                3511 	         0 	 + 	        0i
                3513 	         0 	 + 	        0i
                3515 	         0 	 + 	        0i
                3517 	         0 	 + 	        0i
                3519 	         0 	 + 	        0i
                3521 	         0 	 + 	        0i
                3523 	         0 	 + 	        0i
                3525 	         0 	 + 	        0i
                3527 	         0 	 + 	        0i
                3529 	         0 	 + 	        0i
                3531 	         0 	 + 	        0i
                3533 	         0 	 + 	        0i
                3535 	         0 	 + 	        0i
                3537 	         0 	 + 	        0i
                3539 	         0 	 + 	        0i
                3541 	         0 	 + 	        0i
                3543 	         0 	 + 	        0i
                3545 	         0 	 + 	        0i
                3547 	         0 	 + 	        0i
                3549 	         0 	 + 	        0i
                3551 	         0 	 + 	        0i
                3553 	         0 	 + 	        0i
                3555 	         0 	 + 	        0i
                3557 	         0 	 + 	        0i
                3559 	         0 	 + 	        0i
                3561 	         0 	 + 	        0i
                3563 	         0 	 + 	        0i
                3565 	         0 	 + 	        0i
                3567 	         0 	 + 	        0i
                3569 	         0 	 + 	        0i
                3571 	         0 	 + 	        0i
                3573 	         0 	 + 	        0i
                3575 	         0 	 + 	        0i
                3577 	         0 	 + 	        0i
                3579 	         0 	 + 	        0i
                3581 	         0 	 + 	        0i
                3583 	         0 	 + 	        0i
                3585 	         0 	 + 	        0i
                3587 	         0 	 + 	        0i
                3589 	         0 	 + 	        0i
                3591 	         0 	 + 	        0i
                3593 	         0 	 + 	        0i
                3595 	         0 	 + 	        0i
                3597 	         0 	 + 	        0i
                3599 	         0 	 + 	        0i
                3601 	         0 	 + 	        0i
                3603 	         0 	 + 	        0i
                3605 	         0 	 + 	        0i
                3607 	         0 	 + 	        0i
                3609 	         0 	 + 	        0i
                3611 	         0 	 + 	        0i
                3613 	         0 	 + 	        0i
                3615 	         0 	 + 	        0i
                3617 	         0 	 + 	        0i
                3619 	         0 	 + 	        0i
                3621 	     12192 	 + 	        0i
                3623 	      2032 	 + 	        0i
                3625 	         0 	 + 	        0i
                3627 	         0 	 + 	        0i
                3629 	         0 	 + 	        0i
                3631 	   4194302 	 + 	        0i
                3633 	         0 	 + 	        0i
                3635 	         1 	 + 	        0i
                3637 	         0 	 + 	        0i
                3639 	   4194300 	 + 	        0i
                3641 	         0 	 + 	        0i
                3643 	   4194303 	 + 	        0i
                3645 	         0 	 + 	        0i
                3647 	   4194302 	 + 	        0i
                3649 	         0 	 + 	        0i
                3651 	         1 	 + 	        0i
                3653 	         0 	 + 	        0i
                3655 	   4194301 	 + 	        0i
                3657 	         0 	 + 	        0i
                3659 	         1 	 + 	        0i
                3661 	         0 	 + 	        0i
                3663 	   4194303 	 + 	        0i
                3665 	         0 	 + 	        0i
                3667 	   4194302 	 + 	        0i
                3669 	         0 	 + 	        0i
                3671 	         0 	 + 	        0i
                3673 	         0 	 + 	        0i
                3675 	   4194302 	 + 	        0i
                3677 	         0 	 + 	        0i
                3679 	         0 	 + 	        0i
                3681 	         0 	 + 	        0i
                3683 	         0 	 + 	        0i
                3685 	         0 	 + 	        0i
                3687 	         0 	 + 	        0i
                3689 	         0 	 + 	        0i
                3691 	         1 	 + 	        0i
                3693 	         0 	 + 	        0i
                3695 	   4194301 	 + 	        0i
                3697 	         0 	 + 	        0i
                3699 	   4194303 	 + 	        0i
                3701 	         0 	 + 	        0i
                3703 	         1 	 + 	        0i
                3705 	         0 	 + 	        0i
                3707 	         0 	 + 	        0i
                3709 	         0 	 + 	        0i
                3711 	         1 	 + 	        0i
                3713 	         0 	 + 	        0i
                3715 	         0 	 + 	        0i
                3717 	         0 	 + 	        0i
                3719 	   4194303 	 + 	        0i
                3721 	         0 	 + 	        0i
                3723 	         1 	 + 	        0i
                3725 	         0 	 + 	        0i
                3727 	         0 	 + 	        0i
                3729 	         0 	 + 	        0i
                3731 	         0 	 + 	        0i
                3733 	         0 	 + 	        0i
                3735 	         2 	 + 	        0i
                3737 	         0 	 + 	        0i
                3739 	   4194302 	 + 	        0i
                3741 	         0 	 + 	        0i
                3743 	   4194303 	 + 	        0i
                3745 	         0 	 + 	        0i
                3747 	         1 	 + 	        0i
                3749 	         0 	 + 	        0i
                3751 	         1 	 + 	        0i
                3753 	         0 	 + 	        0i
                3755 	   4194303 	 + 	        0i
                3757 	         0 	 + 	        0i
                3759 	   4194303 	 + 	        0i
                3761 	         0 	 + 	        0i
                3763 	         3 	 + 	        0i
                3765 	         0 	 + 	        0i
                3767 	   4194303 	 + 	        0i
                3769 	         0 	 + 	        0i
                3771 	         2 	 + 	        0i
                3773 	         0 	 + 	        0i
                3775 	         2 	 + 	        0i
                3777 	         0 	 + 	        0i
                3779 	         0 	 + 	        0i
                3781 	         0 	 + 	        0i
                3783 	         0 	 + 	        0i
                3785 	         0 	 + 	        0i
                3787 	         0 	 + 	        0i
                3789 	         0 	 + 	        0i
                3791 	   4194303 	 + 	        0i
                3793 	         0 	 + 	        0i
                3795 	         1 	 + 	        0i
                3797 	         0 	 + 	        0i
                3799 	   4194303 	 + 	        0i
                3801 	         0 	 + 	        0i
                3803 	   4194301 	 + 	        0i
                3805 	         0 	 + 	        0i
                3807 	   4194303 	 + 	        0i
                3809 	         0 	 + 	        0i
                3811 	         1 	 + 	        0i
                3813 	         0 	 + 	        0i
                3815 	   4194303 	 + 	        0i
                3817 	         0 	 + 	        0i
                3819 	         1 	 + 	        0i
                3821 	         0 	 + 	        0i
                3823 	         0 	 + 	        0i
                3825 	         0 	 + 	        0i
                3827 	         1 	 + 	        0i
                3829 	         0 	 + 	        0i
                3831 	   4194303 	 + 	        0i
                3833 	         0 	 + 	        0i
                3835 	         1 	 + 	        0i
                3837 	         0 	 + 	        0i
                3839 	         2 	 + 	        0i
                3841 	         0 	 + 	        0i
                3843 	   4194301 	 + 	        0i
                3845 	         0 	 + 	        0i
                3847 	         1 	 + 	        0i
                3849 	         0 	 + 	        0i
                3851 	   4194303 	 + 	        0i
                3853 	         0 	 + 	        0i
                3855 	         1 	 + 	        0i
                3857 	         0 	 + 	        0i
                3859 	   4194300 	 + 	        0i
                3861 	         0 	 + 	        0i
                3863 	         2 	 + 	        0i
                3865 	         0 	 + 	        0i
                3867 	   4194303 	 + 	        0i
                3869 	         0 	 + 	        0i
                3871 	         4 	 + 	        0i
                3873 	         0 	 + 	        0i
                3875 	     14259 	 + 	        0i
                3877 	         0 	 + 	        0i
                3879 	         0 	 + 	        0i
                3881 	         0 	 + 	        0i
                3883 	         0 	 + 	        0i
                3885 	         0 	 + 	        0i
                3887 	         0 	 + 	        0i
                3889 	         0 	 + 	        0i
                3891 	         0 	 + 	        0i
                3893 	         0 	 + 	        0i
                3895 	         0 	 + 	        0i
                3897 	         0 	 + 	        0i
                3899 	         0 	 + 	        0i
                3901 	         0 	 + 	        0i
                3903 	         0 	 + 	        0i
                3905 	         0 	 + 	        0i
                3907 	         0 	 + 	        0i
                3909 	         0 	 + 	        0i
                3911 	         0 	 + 	        0i
                3913 	         0 	 + 	        0i
                3915 	         0 	 + 	        0i
                3917 	         0 	 + 	        0i
                3919 	         0 	 + 	        0i
                3921 	         0 	 + 	        0i
                3923 	         0 	 + 	        0i
                3925 	         0 	 + 	        0i
                3927 	         0 	 + 	        0i
                3929 	         0 	 + 	        0i
                3931 	         0 	 + 	        0i
                3933 	         0 	 + 	        0i
                3935 	         0 	 + 	        0i
                3937 	         0 	 + 	        0i
                3939 	         0 	 + 	        0i
                3941 	         0 	 + 	        0i
                3943 	         0 	 + 	        0i
                3945 	         0 	 + 	        0i
                3947 	         0 	 + 	        0i
                3949 	         0 	 + 	        0i
                3951 	         0 	 + 	        0i
                3953 	         0 	 + 	        0i
                3955 	         0 	 + 	        0i
                3957 	         0 	 + 	        0i
                3959 	         0 	 + 	        0i
                3961 	         0 	 + 	        0i
                3963 	         0 	 + 	        0i
                3965 	         0 	 + 	        0i
                3967 	         0 	 + 	        0i
                3969 	         0 	 + 	        0i
                3971 	         0 	 + 	        0i
                3973 	         0 	 + 	        0i
                3975 	         0 	 + 	        0i
                3977 	         0 	 + 	        0i
                3979 	         0 	 + 	        0i
                3981 	         0 	 + 	        0i
                3983 	         0 	 + 	        0i
                3985 	         0 	 + 	        0i
                3987 	         0 	 + 	        0i
                3989 	         0 	 + 	        0i
                3991 	         0 	 + 	        0i
                3993 	         0 	 + 	        0i
                3995 	         0 	 + 	        0i
                3997 	         0 	 + 	        0i
                3999 	         0 	 + 	        0i
# exit 0
