Release 14.5 Xflow P.58f (lin64)
Copyright (c) 1995-2012 Xilinx, Inc.  All rights reserved.
xflow -wd implementation -p xc7z020clg484-1 -implement xflow.opt system.ngc  
PMSPEC -- Overriding Xilinx file
</opt/Xilinx/14.5/ISE_DS/EDK/zynq/data/zynq.acd> with local file
</opt/Xilinx/14.5/ISE_DS/ISE/zynq/data/zynq.acd>

Using Flow File:
/home/bill/workspace/EmbeddedSystemDesign/FFT/zynq_audio/implementation/fpga.flw
 
Using Option File(s): 
 /home/bill/workspace/EmbeddedSystemDesign/FFT/zynq_audio/implementation/xflow.o
pt 

Creating Script File ... 

#----------------------------------------------#
# Starting program ngdbuild
# ngdbuild -p xc7z020clg484-1 -nt timestamp -bm system.bmm
"/home/bill/workspace/EmbeddedSystemDesign/FFT/zynq_audio/implementation/system.
ngc" -uc system.ucf system.ngd 
#----------------------------------------------#
Release 14.5 - ngdbuild P.58f (lin64)
Copyright (c) 1995-2012 Xilinx, Inc.  All rights reserved.
PMSPEC -- Overriding Xilinx file
</opt/Xilinx/14.5/ISE_DS/EDK/zynq/data/zynq.acd> with local file
</opt/Xilinx/14.5/ISE_DS/ISE/zynq/data/zynq.acd>

Command Line: /opt/Xilinx/14.5/ISE_DS/ISE/bin/lin64/unwrapped/ngdbuild -p
xc7z020clg484-1 -nt timestamp -bm system.bmm
/home/bill/workspace/EmbeddedSystemDesign/FFT/zynq_audio/implementation/system.n
gc -uc system.ucf system.ngd

Reading NGO file
"/home/bill/workspace/EmbeddedSystemDesign/FFT/zynq_audio/implementation/system.
ngc" ...
Loading design module
"/home/bill/workspace/EmbeddedSystemDesign/FFT/zynq_audio/implementation/system_
processing_system7_0_wrapper.ngc"...
Loading design module
"/home/bill/workspace/EmbeddedSystemDesign/FFT/zynq_audio/implementation/system_
i2s_ctrl_0_wrapper.ngc"...
Loading design module
"/home/bill/workspace/EmbeddedSystemDesign/FFT/zynq_audio/implementation/system_
axi_interconnect_1_wrapper.ngc"...
Loading design module
"/home/bill/workspace/EmbeddedSystemDesign/FFT/zynq_audio/implementation/system_
axi_gpio_0_wrapper.ngc"...
Loading design module
"/home/bill/workspace/EmbeddedSystemDesign/FFT/zynq_audio/implementation/system_
oled_bypass_ps2pl_0_wrapper.ngc"...
Loading design module
"/home/bill/workspace/EmbeddedSystemDesign/FFT/zynq_audio/implementation/system_
fft_peripheral_0_wrapper.ngc"...
Loading design module
"/home/bill/workspace/EmbeddedSystemDesign/FFT/zynq_audio/implementation/fft_cor
e.ngc"...
Loading design module
"/home/bill/workspace/EmbeddedSystemDesign/FFT/zynq_audio/implementation/output_
fifo.ngc"...
Applying constraints in
"/home/bill/workspace/EmbeddedSystemDesign/FFT/zynq_audio/implementation/system_
processing_system7_0_wrapper.ncf" to module "processing_system7_0"...
Checking Constraint Associations...
Applying constraints in
"/home/bill/workspace/EmbeddedSystemDesign/FFT/zynq_audio/implementation/system_
axi_interconnect_1_wrapper.ncf" to module "axi_interconnect_1"...
Checking Constraint Associations...
Gathering constraint information from source properties...
Done.
INFO:NgdBuild:649 - Removing redundant 'IBUF' symbol
   'processing_system7_0_PS_PORB_IBUF'.  All constraints associated with this
   symbol will be ignored.
INFO:NgdBuild:649 - Removing redundant 'IBUF' symbol
   'processing_system7_0_PS_CLK_IBUF'.  All constraints associated with this
   symbol will be ignored.
INFO:NgdBuild:649 - Removing redundant 'IBUF' symbol
   'processing_system7_0_PS_SRSTB_IBUF'.  All constraints associated with this
   symbol will be ignored.

Annotating constraints to design from ucf file "system.ucf" ...
WARNING:NgdBuild:931 - The value of SIM_DEVICE on instance
   'fft_peripheral_0/fft_peripheral_0/USER_LOGIC_I/fft_comp/fft/blk00000001/blk0
   000016a/blk0000016b/blk000018b4/blk000018b6/RAMB18E1' of type RAMB18E1 has
   been changed from 'VIRTEX6' to '7SERIES' to correct post-ngdbuild and timing
   simulation for this primitive.  In order for functional simulation to be
   correct, the value of SIM_DEVICE should be changed in this same manner in the
   source netlist or constraint file. For additional information on retargeting
   this primitive to 7SERIES, please see
   http://www.xilinx.com/support/documentation/sw_manuals/ug429_7Series_Migratio
   n.pdf.
Resolving constraint associations...
Checking Constraint Associations...
WARNING:ConstraintSystem:135 - Constraint <INST
   /system/EXPANDED/system/axi_interconnect_1/axi_interconnect_1\/si_converter_b
   ank\/gen_conv_slot[0].clock_conv_inst\/interconnect_aresetn_resync<2>_inv1_IN
   V_0 TNM = FFS:axi_interconnect_1_reset...>: No instances of type FFS were
   found under block
   "axi_interconnect_1/axi_interconnect_1/si_converter_bank/gen_conv_slot[0].clo
   ck_conv_inst/interconnect_aresetn_resync<2>_inv1_INV_0" (type=INV).

WARNING:ConstraintSystem:58 - Constraint <TIMEGRP
   axi_interconnect_1_reset_source = FFS PADS CPUS;>: CPUS "*" does not match
   any design objects.

WARNING:ConstraintSystem:194 - The TNM 'axi_interconnect_1_reset_resync', does
   not directly or indirectly drive any flip-flops, latches and/or RAMs and is
   not actively used by any referencing constraint.

Done...

Processing BMM file "system.bmm" ...

WARNING::53 - File 'system.bmm' is empty or has no BMM content.


Checking expanded design ...
WARNING:NgdBuild:443 - SFF primitive
   'fft_peripheral_0/fft_peripheral_0/USER_LOGIC_I/fft_comp/fft/blk00000001/blk0
   000016a/blk0000016b/blk000001fc' has unconnected output pin
WARNING:NgdBuild:443 - SFF primitive
   'fft_peripheral_0/fft_peripheral_0/USER_LOGIC_I/fft_comp/fft/blk00000001/blk0
   000016a/blk0000016b/blk0000020f' has unconnected output pin
WARNING:NgdBuild:443 - SFF primitive
   'fft_peripheral_0/fft_peripheral_0/USER_LOGIC_I/fft_comp/fft/blk00000001/blk0
   000016a/blk0000016b/blk00000226' has unconnected output pin
WARNING:NgdBuild:443 - SFF primitive
   'fft_peripheral_0/fft_peripheral_0/USER_LOGIC_I/fft_comp/fft/blk00000001/blk0
   000016a/blk0000016b/blk00000251' has unconnected output pin
WARNING:NgdBuild:443 - SFF primitive
   'fft_peripheral_0/fft_peripheral_0/USER_LOGIC_I/fft_comp/fft/blk00000001/blk0
   000016a/blk0000016b/blk00000258' has unconnected output pin
WARNING:NgdBuild:443 - SFF primitive
   'fft_peripheral_0/fft_peripheral_0/USER_LOGIC_I/fft_comp/fft/blk00000001/blk0
   000016a/blk0000016b/blk00000263' has unconnected output pin
WARNING:NgdBuild:443 - SFF primitive
   'fft_peripheral_0/fft_peripheral_0/USER_LOGIC_I/fft_comp/fft/blk00000001/blk0
   000016a/blk0000016b/blk00000441' has unconnected output pin
WARNING:NgdBuild:443 - SFF primitive
   'fft_peripheral_0/fft_peripheral_0/USER_LOGIC_I/fft_comp/fft/blk00000001/blk0
   000016a/blk0000016b/blk00000442' has unconnected output pin
WARNING:NgdBuild:443 - SFF primitive
   'fft_peripheral_0/fft_peripheral_0/USER_LOGIC_I/fft_comp/fft/blk00000001/blk0
   000016a/blk0000016b/blk00000443' has unconnected output pin
WARNING:NgdBuild:443 - SFF primitive
   'fft_peripheral_0/fft_peripheral_0/USER_LOGIC_I/fft_comp/fft/blk00000001/blk0
   000016a/blk0000016b/blk00000444' has unconnected output pin
WARNING:NgdBuild:443 - SFF primitive
   'fft_peripheral_0/fft_peripheral_0/USER_LOGIC_I/fft_comp/fft/blk00000001/blk0
   000016a/blk0000016b/blk00000445' has unconnected output pin
WARNING:NgdBuild:443 - SFF primitive
   'fft_peripheral_0/fft_peripheral_0/USER_LOGIC_I/fft_comp/fft/blk00000001/blk0
   000016a/blk0000016b/blk00000446' has unconnected output pin
WARNING:NgdBuild:443 - SFF primitive
   'fft_peripheral_0/fft_peripheral_0/USER_LOGIC_I/fft_comp/fft/blk00000001/blk0
   000016a/blk0000016b/blk000005fc' has unconnected output pin
WARNING:NgdBuild:443 - SFF primitive
   'fft_peripheral_0/fft_peripheral_0/USER_LOGIC_I/fft_comp/fft/blk00000001/blk0
   000016a/blk0000016b/blk000005fd' has unconnected output pin
WARNING:NgdBuild:443 - SFF primitive
   'fft_peripheral_0/fft_peripheral_0/USER_LOGIC_I/fft_comp/fft/blk00000001/blk0
   000016a/blk0000016b/blk000005ff' has unconnected output pin
WARNING:NgdBuild:443 - SFF primitive
   'fft_peripheral_0/fft_peripheral_0/USER_LOGIC_I/fft_comp/fft/blk00000001/blk0
   000016a/blk0000016b/blk00000600' has unconnected output pin
WARNING:NgdBuild:443 - SFF primitive
   'fft_peripheral_0/fft_peripheral_0/USER_LOGIC_I/fft_comp/fft/blk00000001/blk0
   000016a/blk0000016b/blk00000601' has unconnected output pin
WARNING:NgdBuild:443 - SFF primitive
   'fft_peripheral_0/fft_peripheral_0/USER_LOGIC_I/fft_comp/fft/blk00000001/blk0
   000016a/blk0000016b/blk00000602' has unconnected output pin
WARNING:NgdBuild:443 - SFF primitive
   'fft_peripheral_0/fft_peripheral_0/USER_LOGIC_I/fft_comp/fft/blk00000001/blk0
   000016a/blk0000016b/blk0000063d' has unconnected output pin
WARNING:NgdBuild:443 - SFF primitive
   'fft_peripheral_0/fft_peripheral_0/USER_LOGIC_I/fft_comp/fft/blk00000001/blk0
   000016a/blk0000016b/blk0000063e' has unconnected output pin
WARNING:NgdBuild:443 - SFF primitive
   'fft_peripheral_0/fft_peripheral_0/USER_LOGIC_I/fft_comp/fft/blk00000001/blk0
   000016a/blk0000016b/blk0000063f' has unconnected output pin
WARNING:NgdBuild:443 - SFF primitive
   'fft_peripheral_0/fft_peripheral_0/USER_LOGIC_I/fft_comp/fft/blk00000001/blk0
   000016a/blk0000016b/blk00000640' has unconnected output pin
WARNING:NgdBuild:443 - SFF primitive
   'fft_peripheral_0/fft_peripheral_0/USER_LOGIC_I/fft_comp/fft/blk00000001/blk0
   000016a/blk0000016b/blk00000641' has unconnected output pin
WARNING:NgdBuild:443 - SFF primitive
   'fft_peripheral_0/fft_peripheral_0/USER_LOGIC_I/fft_comp/fft/blk00000001/blk0
   000016a/blk0000016b/blk00000642' has unconnected output pin
WARNING:NgdBuild:443 - SFF primitive
   'fft_peripheral_0/fft_peripheral_0/USER_LOGIC_I/fft_comp/fft/blk00000001/blk0
   000016a/blk0000016b/blk00000643' has unconnected output pin
WARNING:NgdBuild:443 - SFF primitive
   'fft_peripheral_0/fft_peripheral_0/USER_LOGIC_I/fft_comp/fft/blk00000001/blk0
   000016a/blk0000016b/blk00000738' has unconnected output pin
WARNING:NgdBuild:443 - SFF primitive
   'fft_peripheral_0/fft_peripheral_0/USER_LOGIC_I/fft_comp/fft/blk00000001/blk0
   000016a/blk0000016b/blk00000739' has unconnected output pin
WARNING:NgdBuild:443 - SFF primitive
   'fft_peripheral_0/fft_peripheral_0/USER_LOGIC_I/fft_comp/fft/blk00000001/blk0
   000016a/blk0000016b/blk0000073a' has unconnected output pin
WARNING:NgdBuild:443 - SFF primitive
   'fft_peripheral_0/fft_peripheral_0/USER_LOGIC_I/fft_comp/fft/blk00000001/blk0
   000016a/blk0000016b/blk0000073b' has unconnected output pin
WARNING:NgdBuild:443 - SFF primitive
   'fft_peripheral_0/fft_peripheral_0/USER_LOGIC_I/fft_comp/fft/blk00000001/blk0
   000016a/blk0000016b/blk0000073c' has unconnected output pin
WARNING:NgdBuild:443 - SFF primitive
   'fft_peripheral_0/fft_peripheral_0/USER_LOGIC_I/fft_comp/fft/blk00000001/blk0
   000016a/blk0000016b/blk00000ab6' has unconnected output pin
WARNING:NgdBuild:443 - SFF primitive
   'fft_peripheral_0/fft_peripheral_0/USER_LOGIC_I/fft_comp/fft/blk00000001/blk0
   000016a/blk0000016b/blk00000ab7' has unconnected output pin
WARNING:NgdBuild:443 - SFF primitive
   'fft_peripheral_0/fft_peripheral_0/USER_LOGIC_I/fft_comp/fft/blk00000001/blk0
   000016a/blk0000016b/blk00000ab8' has unconnected output pin
WARNING:NgdBuild:443 - SFF primitive
   'fft_peripheral_0/fft_peripheral_0/USER_LOGIC_I/fft_comp/fft/blk00000001/blk0
   000016a/blk0000016b/blk00000ab9' has unconnected output pin
WARNING:NgdBuild:443 - SFF primitive
   'fft_peripheral_0/fft_peripheral_0/USER_LOGIC_I/fft_comp/fft/blk00000001/blk0
   000016a/blk0000016b/blk00000aba' has unconnected output pin
WARNING:NgdBuild:443 - SFF primitive
   'fft_peripheral_0/fft_peripheral_0/USER_LOGIC_I/fft_comp/fft/blk00000001/blk0
   000016a/blk0000016b/blk00000abb' has unconnected output pin
WARNING:NgdBuild:443 - SFF primitive
   'fft_peripheral_0/fft_peripheral_0/USER_LOGIC_I/fft_comp/fft/blk00000001/blk0
   000016a/blk0000016b/blk00000abc' has unconnected output pin
WARNING:NgdBuild:443 - SFF primitive
   'fft_peripheral_0/fft_peripheral_0/USER_LOGIC_I/fft_comp/fft/blk00000001/blk0
   000016a/blk0000016b/blk00000abd' has unconnected output pin
WARNING:NgdBuild:443 - SFF primitive
   'fft_peripheral_0/fft_peripheral_0/USER_LOGIC_I/fft_comp/fft/blk00000001/blk0
   000016a/blk0000016b/blk00000ace' has unconnected output pin
WARNING:NgdBuild:443 - SFF primitive
   'fft_peripheral_0/fft_peripheral_0/USER_LOGIC_I/fft_comp/fft/blk00000001/blk0
   000016a/blk0000016b/blk00000acf' has unconnected output pin
WARNING:NgdBuild:443 - SFF primitive
   'fft_peripheral_0/fft_peripheral_0/USER_LOGIC_I/fft_comp/fft/blk00000001/blk0
   000016a/blk0000016b/blk00000ad0' has unconnected output pin
WARNING:NgdBuild:443 - SFF primitive
   'fft_peripheral_0/fft_peripheral_0/USER_LOGIC_I/fft_comp/fft/blk00000001/blk0
   000016a/blk0000016b/blk00000aec' has unconnected output pin
WARNING:NgdBuild:443 - SFF primitive
   'fft_peripheral_0/fft_peripheral_0/USER_LOGIC_I/fft_comp/fft/blk00000001/blk0
   000016a/blk0000016b/blk00000aed' has unconnected output pin
WARNING:NgdBuild:443 - SFF primitive
   'fft_peripheral_0/fft_peripheral_0/USER_LOGIC_I/fft_comp/fft/blk00000001/blk0
   000016a/blk0000016b/blk00000aee' has unconnected output pin
WARNING:NgdBuild:443 - SFF primitive
   'fft_peripheral_0/fft_peripheral_0/USER_LOGIC_I/fft_comp/fft/blk00000001/blk0
   000016a/blk0000016b/blk00000aef' has unconnected output pin
WARNING:NgdBuild:443 - SFF primitive
   'fft_peripheral_0/fft_peripheral_0/USER_LOGIC_I/fft_comp/fft/blk00000001/blk0
   000016a/blk0000016b/blk00000af0' has unconnected output pin
WARNING:NgdBuild:443 - SFF primitive
   'fft_peripheral_0/fft_peripheral_0/USER_LOGIC_I/fft_comp/fft/blk00000001/blk0
   000016a/blk0000016b/blk00000af1' has unconnected output pin
WARNING:NgdBuild:443 - SFF primitive
   'fft_peripheral_0/fft_peripheral_0/USER_LOGIC_I/fft_comp/fft/blk00000001/blk0
   000016a/blk0000016b/blk00000af2' has unconnected output pin
WARNING:NgdBuild:443 - SFF primitive
   'fft_peripheral_0/fft_peripheral_0/USER_LOGIC_I/fft_comp/fft/blk00000001/blk0
   000016a/blk0000016b/blk00000af3' has unconnected output pin
WARNING:NgdBuild:443 - SFF primitive
   'fft_peripheral_0/fft_peripheral_0/USER_LOGIC_I/fft_comp/fft/blk00000001/blk0
   000016a/blk0000016b/blk00000b04' has unconnected output pin
WARNING:NgdBuild:443 - SFF primitive
   'fft_peripheral_0/fft_peripheral_0/USER_LOGIC_I/fft_comp/fft/blk00000001/blk0
   000016a/blk0000016b/blk00000b05' has unconnected output pin
WARNING:NgdBuild:443 - SFF primitive
   'fft_peripheral_0/fft_peripheral_0/USER_LOGIC_I/fft_comp/fft/blk00000001/blk0
   000016a/blk0000016b/blk00000b06' has unconnected output pin
WARNING:NgdBuild:443 - SFF primitive
   'fft_peripheral_0/fft_peripheral_0/USER_LOGIC_I/fft_comp/fft/blk00000001/blk0
   000016a/blk0000016b/blk00000b07' has unconnected output pin
WARNING:NgdBuild:443 - SFF primitive
   'fft_peripheral_0/fft_peripheral_0/USER_LOGIC_I/fft_comp/fft/blk00000001/blk0
   000016a/blk0000016b/blk00000b08' has unconnected output pin
WARNING:NgdBuild:443 - SFF primitive
   'fft_peripheral_0/fft_peripheral_0/USER_LOGIC_I/fft_comp/fft/blk00000001/blk0
   000016a/blk0000016b/blk00000b09' has unconnected output pin
WARNING:NgdBuild:443 - SFF primitive
   'fft_peripheral_0/fft_peripheral_0/USER_LOGIC_I/fft_comp/fft/blk00000001/blk0
   000016a/blk0000016b/blk00000b1a' has unconnected output pin
WARNING:NgdBuild:443 - SFF primitive
   'fft_peripheral_0/fft_peripheral_0/USER_LOGIC_I/fft_comp/fft/blk00000001/blk0
   000016a/blk0000016b/blk00000b1b' has unconnected output pin
WARNING:NgdBuild:443 - SFF primitive
   'fft_peripheral_0/fft_peripheral_0/USER_LOGIC_I/fft_comp/fft/blk00000001/blk0
   000016a/blk0000016b/blk00000b1c' has unconnected output pin
WARNING:NgdBuild:443 - SFF primitive
   'fft_peripheral_0/fft_peripheral_0/USER_LOGIC_I/fft_comp/fft/blk00000001/blk0
   000016a/blk0000016b/blk00000b1d' has unconnected output pin
WARNING:NgdBuild:443 - SFF primitive
   'fft_peripheral_0/fft_peripheral_0/USER_LOGIC_I/fft_comp/fft/blk00000001/blk0
   000016a/blk0000016b/blk00000b1e' has unconnected output pin
WARNING:NgdBuild:443 - SFF primitive
   'fft_peripheral_0/fft_peripheral_0/USER_LOGIC_I/fft_comp/fft/blk00000001/blk0
   000016a/blk0000016b/blk00000b1f' has unconnected output pin
WARNING:NgdBuild:443 - SFF primitive
   'fft_peripheral_0/fft_peripheral_0/USER_LOGIC_I/fft_comp/fft/blk00000001/blk0
   000016a/blk0000016b/blk00000b20' has unconnected output pin
WARNING:NgdBuild:443 - SFF primitive
   'fft_peripheral_0/fft_peripheral_0/USER_LOGIC_I/fft_comp/fft/blk00000001/blk0
   000016a/blk0000016b/blk00000b21' has unconnected output pin
WARNING:NgdBuild:443 - SFF primitive
   'fft_peripheral_0/fft_peripheral_0/USER_LOGIC_I/fft_comp/fft/blk00000001/blk0
   000016a/blk0000016b/blk00000b3d' has unconnected output pin
WARNING:NgdBuild:443 - SFF primitive
   'fft_peripheral_0/fft_peripheral_0/USER_LOGIC_I/fft_comp/fft/blk00000001/blk0
   000016a/blk0000016b/blk00000b3e' has unconnected output pin
WARNING:NgdBuild:443 - SFF primitive
   'fft_peripheral_0/fft_peripheral_0/USER_LOGIC_I/fft_comp/fft/blk00000001/blk0
   000016a/blk0000016b/blk00000b3f' has unconnected output pin
WARNING:NgdBuild:443 - SFF primitive
   'fft_peripheral_0/fft_peripheral_0/USER_LOGIC_I/fft_comp/fft/blk00000001/blk0
   000016a/blk0000016b/blk00000b50' has unconnected output pin
WARNING:NgdBuild:443 - SFF primitive
   'fft_peripheral_0/fft_peripheral_0/USER_LOGIC_I/fft_comp/fft/blk00000001/blk0
   000016a/blk0000016b/blk00000b51' has unconnected output pin
WARNING:NgdBuild:443 - SFF primitive
   'fft_peripheral_0/fft_peripheral_0/USER_LOGIC_I/fft_comp/fft/blk00000001/blk0
   000016a/blk0000016b/blk00000b52' has unconnected output pin
WARNING:NgdBuild:443 - SFF primitive
   'fft_peripheral_0/fft_peripheral_0/USER_LOGIC_I/fft_comp/fft/blk00000001/blk0
   000016a/blk0000016b/blk00000b53' has unconnected output pin
WARNING:NgdBuild:443 - SFF primitive
   'fft_peripheral_0/fft_peripheral_0/USER_LOGIC_I/fft_comp/fft/blk00000001/blk0
   000016a/blk0000016b/blk00000b54' has unconnected output pin
WARNING:NgdBuild:443 - SFF primitive
   'fft_peripheral_0/fft_peripheral_0/USER_LOGIC_I/fft_comp/fft/blk00000001/blk0
   000016a/blk0000016b/blk00000b55' has unconnected output pin
WARNING:NgdBuild:443 - SFF primitive
   'fft_peripheral_0/fft_peripheral_0/USER_LOGIC_I/fft_comp/fft/blk00000001/blk0
   000016a/blk0000016b/blk00000b56' has unconnected output pin
WARNING:NgdBuild:443 - SFF primitive
   'fft_peripheral_0/fft_peripheral_0/USER_LOGIC_I/fft_comp/fft/blk00000001/blk0
   000016a/blk0000016b/blk00000b57' has unconnected output pin
WARNING:NgdBuild:443 - SFF primitive
   'fft_peripheral_0/fft_peripheral_0/USER_LOGIC_I/fft_comp/fft/blk00000001/blk0
   000016a/blk0000016b/blk00001154' has unconnected output pin
WARNING:NgdBuild:443 - SFF primitive
   'fft_peripheral_0/fft_peripheral_0/USER_LOGIC_I/fft_comp/fft/blk00000001/blk0
   000016a/blk0000016b/blk00001155' has unconnected output pin
WARNING:NgdBuild:443 - SFF primitive
   'fft_peripheral_0/fft_peripheral_0/USER_LOGIC_I/fft_comp/fft/blk00000001/blk0
   000016a/blk0000016b/blk00001156' has unconnected output pin
WARNING:NgdBuild:443 - SFF primitive
   'fft_peripheral_0/fft_peripheral_0/USER_LOGIC_I/fft_comp/fft/blk00000001/blk0
   000016a/blk0000016b/blk00001167' has unconnected output pin
WARNING:NgdBuild:443 - SFF primitive
   'fft_peripheral_0/fft_peripheral_0/USER_LOGIC_I/fft_comp/fft/blk00000001/blk0
   000016a/blk0000016b/blk00001168' has unconnected output pin
WARNING:NgdBuild:443 - SFF primitive
   'fft_peripheral_0/fft_peripheral_0/USER_LOGIC_I/fft_comp/fft/blk00000001/blk0
   000016a/blk0000016b/blk00001169' has unconnected output pin
WARNING:NgdBuild:443 - SFF primitive
   'fft_peripheral_0/fft_peripheral_0/USER_LOGIC_I/fft_comp/fft/blk00000001/blk0
   000016a/blk0000016b/blk0000116a' has unconnected output pin
WARNING:NgdBuild:443 - SFF primitive
   'fft_peripheral_0/fft_peripheral_0/USER_LOGIC_I/fft_comp/fft/blk00000001/blk0
   000016a/blk0000016b/blk0000116b' has unconnected output pin
WARNING:NgdBuild:443 - SFF primitive
   'fft_peripheral_0/fft_peripheral_0/USER_LOGIC_I/fft_comp/fft/blk00000001/blk0
   000016a/blk0000016b/blk0000116c' has unconnected output pin
WARNING:NgdBuild:443 - SFF primitive
   'fft_peripheral_0/fft_peripheral_0/USER_LOGIC_I/fft_comp/fft/blk00000001/blk0
   000016a/blk0000016b/blk0000116d' has unconnected output pin
WARNING:NgdBuild:443 - SFF primitive
   'fft_peripheral_0/fft_peripheral_0/USER_LOGIC_I/fft_comp/fft/blk00000001/blk0
   000016a/blk0000016b/blk0000116e' has unconnected output pin
WARNING:NgdBuild:443 - SFF primitive
   'fft_peripheral_0/fft_peripheral_0/USER_LOGIC_I/fft_comp/fft/blk00000001/blk0
   000016a/blk0000016b/blk0000118a' has unconnected output pin
WARNING:NgdBuild:443 - SFF primitive
   'fft_peripheral_0/fft_peripheral_0/USER_LOGIC_I/fft_comp/fft/blk00000001/blk0
   000016a/blk0000016b/blk0000118b' has unconnected output pin
WARNING:NgdBuild:443 - SFF primitive
   'fft_peripheral_0/fft_peripheral_0/USER_LOGIC_I/fft_comp/fft/blk00000001/blk0
   000016a/blk0000016b/blk0000118c' has unconnected output pin
WARNING:NgdBuild:443 - SFF primitive
   'fft_peripheral_0/fft_peripheral_0/USER_LOGIC_I/fft_comp/fft/blk00000001/blk0
   000016a/blk0000016b/blk0000119d' has unconnected output pin
WARNING:NgdBuild:443 - SFF primitive
   'fft_peripheral_0/fft_peripheral_0/USER_LOGIC_I/fft_comp/fft/blk00000001/blk0
   000016a/blk0000016b/blk0000119e' has unconnected output pin
WARNING:NgdBuild:443 - SFF primitive
   'fft_peripheral_0/fft_peripheral_0/USER_LOGIC_I/fft_comp/fft/blk00000001/blk0
   000016a/blk0000016b/blk0000119f' has unconnected output pin
WARNING:NgdBuild:443 - SFF primitive
   'fft_peripheral_0/fft_peripheral_0/USER_LOGIC_I/fft_comp/fft/blk00000001/blk0
   000016a/blk0000016b/blk000011a0' has unconnected output pin
WARNING:NgdBuild:443 - SFF primitive
   'fft_peripheral_0/fft_peripheral_0/USER_LOGIC_I/fft_comp/fft/blk00000001/blk0
   000016a/blk0000016b/blk000011a1' has unconnected output pin
WARNING:NgdBuild:443 - SFF primitive
   'fft_peripheral_0/fft_peripheral_0/USER_LOGIC_I/fft_comp/fft/blk00000001/blk0
   000016a/blk0000016b/blk000011a2' has unconnected output pin
WARNING:NgdBuild:443 - SFF primitive
   'fft_peripheral_0/fft_peripheral_0/USER_LOGIC_I/fft_comp/fft/blk00000001/blk0
   000016a/blk0000016b/blk000011a3' has unconnected output pin
WARNING:NgdBuild:443 - SFF primitive
   'fft_peripheral_0/fft_peripheral_0/USER_LOGIC_I/fft_comp/fft/blk00000001/blk0
   000016a/blk0000016b/blk000011a4' has unconnected output pin
WARNING:NgdBuild:443 - SFF primitive
   'fft_peripheral_0/fft_peripheral_0/USER_LOGIC_I/fft_comp/fft/blk00000001/blk0
   000016a/blk0000016b/blk00001464' has unconnected output pin
WARNING:NgdBuild:443 - SFF primitive
   'fft_peripheral_0/fft_peripheral_0/USER_LOGIC_I/fft_comp/fft/blk00000001/blk0
   000016a/blk0000016b/blk00001465' has unconnected output pin
WARNING:NgdBuild:443 - SFF primitive
   'fft_peripheral_0/fft_peripheral_0/USER_LOGIC_I/fft_comp/fft/blk00000001/blk0
   000016a/blk0000016b/blk00001466' has unconnected output pin
WARNING:NgdBuild:443 - SFF primitive
   'fft_peripheral_0/fft_peripheral_0/USER_LOGIC_I/fft_comp/fft/blk00000001/blk0
   000016a/blk0000016b/blk0000146c' has unconnected output pin
WARNING:NgdBuild:443 - SFF primitive
   'fft_peripheral_0/fft_peripheral_0/USER_LOGIC_I/fft_comp/fft/blk00000001/blk0
   000016a/blk0000016b/blk0000184c' has unconnected output pin
WARNING:NgdBuild:443 - SFF primitive
   'fft_peripheral_0/fft_peripheral_0/USER_LOGIC_I/fft_comp/fft/blk00000001/blk0
   000016a/blk0000016b/blk00001857' has unconnected output pin
WARNING:NgdBuild:443 - SFF primitive
   'fft_peripheral_0/fft_peripheral_0/USER_LOGIC_I/fft_comp/fft/blk00000001/blk0
   000016a/blk0000016b/blk0000185a' has unconnected output pin
WARNING:NgdBuild:452 - logical net 'N133' has no driver
WARNING:NgdBuild:452 - logical net 'N134' has no driver
WARNING:NgdBuild:452 - logical net 'N135' has no driver
WARNING:NgdBuild:452 - logical net 'N136' has no driver
WARNING:NgdBuild:452 - logical net 'N137' has no driver
WARNING:NgdBuild:452 - logical net 'N138' has no driver
WARNING:NgdBuild:452 - logical net 'N139' has no driver
WARNING:NgdBuild:452 - logical net 'N140' has no driver
WARNING:NgdBuild:452 - logical net 'N141' has no driver
WARNING:NgdBuild:452 - logical net 'N142' has no driver
WARNING:NgdBuild:452 - logical net 'N143' has no driver
WARNING:NgdBuild:452 - logical net 'N144' has no driver
WARNING:NgdBuild:452 - logical net 'N145' has no driver
WARNING:NgdBuild:452 - logical net 'N146' has no driver
WARNING:NgdBuild:452 - logical net 'N147' has no driver
WARNING:NgdBuild:452 - logical net 'N148' has no driver
WARNING:NgdBuild:452 - logical net 'N149' has no driver
WARNING:NgdBuild:452 - logical net 'N150' has no driver
WARNING:NgdBuild:452 - logical net 'N151' has no driver
WARNING:NgdBuild:452 - logical net 'N152' has no driver
WARNING:NgdBuild:452 - logical net 'N153' has no driver
WARNING:NgdBuild:452 - logical net 'N154' has no driver
WARNING:NgdBuild:452 - logical net 'N155' has no driver
WARNING:NgdBuild:452 - logical net 'N156' has no driver
WARNING:NgdBuild:452 - logical net 'N157' has no driver
WARNING:NgdBuild:452 - logical net 'N158' has no driver
WARNING:NgdBuild:452 - logical net 'N159' has no driver
WARNING:NgdBuild:452 - logical net 'N160' has no driver
WARNING:NgdBuild:452 - logical net 'N161' has no driver
WARNING:NgdBuild:452 - logical net 'N162' has no driver
WARNING:NgdBuild:452 - logical net 'N163' has no driver
WARNING:NgdBuild:452 - logical net 'N164' has no driver
WARNING:NgdBuild:452 - logical net 'N165' has no driver
WARNING:NgdBuild:452 - logical net 'N166' has no driver
WARNING:NgdBuild:452 - logical net 'N167' has no driver
WARNING:NgdBuild:452 - logical net 'N168' has no driver
WARNING:NgdBuild:452 - logical net 'N169' has no driver
WARNING:NgdBuild:452 - logical net 'N170' has no driver
WARNING:NgdBuild:452 - logical net 'N171' has no driver
WARNING:NgdBuild:452 - logical net 'N172' has no driver
WARNING:NgdBuild:452 - logical net 'N173' has no driver
WARNING:NgdBuild:452 - logical net 'N174' has no driver
WARNING:NgdBuild:452 - logical net 'N175' has no driver
WARNING:NgdBuild:452 - logical net 'N176' has no driver
WARNING:NgdBuild:452 - logical net 'N177' has no driver
WARNING:NgdBuild:452 - logical net 'N178' has no driver
WARNING:NgdBuild:452 - logical net 'N179' has no driver
WARNING:NgdBuild:452 - logical net 'N180' has no driver
WARNING:NgdBuild:452 - logical net 'N181' has no driver
WARNING:NgdBuild:452 - logical net 'N182' has no driver
WARNING:NgdBuild:452 - logical net 'N183' has no driver
WARNING:NgdBuild:452 - logical net 'N184' has no driver
WARNING:NgdBuild:452 - logical net 'N185' has no driver
WARNING:NgdBuild:452 - logical net 'N186' has no driver
WARNING:NgdBuild:452 - logical net 'N187' has no driver
WARNING:NgdBuild:452 - logical net 'N188' has no driver
WARNING:NgdBuild:452 - logical net 'N189' has no driver
WARNING:NgdBuild:452 - logical net 'N190' has no driver
WARNING:NgdBuild:452 - logical net 'N191' has no driver
WARNING:NgdBuild:452 - logical net 'N192' has no driver
WARNING:NgdBuild:452 - logical net 'N193' has no driver
WARNING:NgdBuild:452 - logical net 'N194' has no driver
WARNING:NgdBuild:452 - logical net 'N195' has no driver
WARNING:NgdBuild:452 - logical net 'N196' has no driver
WARNING:NgdBuild:452 - logical net 'N197' has no driver
WARNING:NgdBuild:452 - logical net 'N198' has no driver
WARNING:NgdBuild:452 - logical net 'N199' has no driver
WARNING:NgdBuild:452 - logical net 'N200' has no driver
WARNING:NgdBuild:452 - logical net 'N201' has no driver
WARNING:NgdBuild:452 - logical net 'N202' has no driver
WARNING:NgdBuild:452 - logical net 'N203' has no driver
WARNING:NgdBuild:452 - logical net 'N204' has no driver
WARNING:NgdBuild:452 - logical net 'N205' has no driver
WARNING:NgdBuild:452 - logical net 'N206' has no driver
WARNING:NgdBuild:452 - logical net 'N207' has no driver
WARNING:NgdBuild:452 - logical net 'N208' has no driver
WARNING:NgdBuild:452 - logical net 'N209' has no driver
WARNING:NgdBuild:452 - logical net 'N210' has no driver
WARNING:NgdBuild:452 - logical net 'N211' has no driver
WARNING:NgdBuild:452 - logical net 'N212' has no driver
WARNING:NgdBuild:452 - logical net 'N213' has no driver
WARNING:NgdBuild:452 - logical net 'N214' has no driver
WARNING:NgdBuild:452 - logical net 'N215' has no driver
WARNING:NgdBuild:452 - logical net 'N216' has no driver
WARNING:NgdBuild:452 - logical net 'N217' has no driver
WARNING:NgdBuild:452 - logical net 'N218' has no driver
WARNING:NgdBuild:452 - logical net 'N219' has no driver
WARNING:NgdBuild:452 - logical net 'N220' has no driver
WARNING:NgdBuild:452 - logical net 'N221' has no driver
WARNING:NgdBuild:452 - logical net 'N222' has no driver
WARNING:NgdBuild:452 - logical net 'N223' has no driver
WARNING:NgdBuild:452 - logical net 'N224' has no driver
WARNING:NgdBuild:452 - logical net 'N225' has no driver
WARNING:NgdBuild:452 - logical net 'N226' has no driver
WARNING:NgdBuild:452 - logical net 'N227' has no driver
WARNING:NgdBuild:452 - logical net 'N228' has no driver
WARNING:NgdBuild:452 - logical net 'N229' has no driver
WARNING:NgdBuild:452 - logical net 'N230' has no driver
WARNING:NgdBuild:452 - logical net 'N231' has no driver
WARNING:NgdBuild:452 - logical net 'N232' has no driver
WARNING:NgdBuild:452 - logical net 'N233' has no driver
WARNING:NgdBuild:452 - logical net 'N234' has no driver
WARNING:NgdBuild:452 - logical net 'N235' has no driver
WARNING:NgdBuild:452 - logical net 'N236' has no driver
WARNING:NgdBuild:452 - logical net 'N237' has no driver
WARNING:NgdBuild:452 - logical net 'N238' has no driver
WARNING:NgdBuild:452 - logical net 'N239' has no driver
WARNING:NgdBuild:452 - logical net 'N240' has no driver
WARNING:NgdBuild:452 - logical net 'N241' has no driver
WARNING:NgdBuild:452 - logical net 'N242' has no driver
WARNING:NgdBuild:452 - logical net 'N243' has no driver
WARNING:NgdBuild:452 - logical net 'N244' has no driver
WARNING:NgdBuild:452 - logical net 'N245' has no driver
WARNING:NgdBuild:452 - logical net 'N246' has no driver
WARNING:NgdBuild:452 - logical net 'N247' has no driver
WARNING:NgdBuild:452 - logical net 'N248' has no driver
WARNING:NgdBuild:452 - logical net 'N251' has no driver
WARNING:NgdBuild:452 - logical net 'N252' has no driver
WARNING:NgdBuild:452 - logical net 'N253' has no driver
WARNING:NgdBuild:452 - logical net 'N254' has no driver
WARNING:NgdBuild:452 - logical net 'N255' has no driver
WARNING:NgdBuild:452 - logical net 'N256' has no driver
WARNING:NgdBuild:452 - logical net 'N257' has no driver
WARNING:NgdBuild:452 - logical net 'N258' has no driver
WARNING:NgdBuild:452 - logical net 'N259' has no driver
WARNING:NgdBuild:452 - logical net 'N260' has no driver
WARNING:NgdBuild:452 - logical net
   'fft_peripheral_0/fft_peripheral_0/USER_LOGIC_I/fft_comp/fft/blk00000001/blk0
   000016a/sig00000334' has no driver
WARNING:NgdBuild:452 - logical net
   'fft_peripheral_0/fft_peripheral_0/USER_LOGIC_I/fft_comp/fft/blk00000001/blk0
   000016a/sig00000339' has no driver
WARNING:NgdBuild:452 - logical net
   'fft_peripheral_0/fft_peripheral_0/USER_LOGIC_I/fft_comp/fft/blk00000001/blk0
   000016a/blk0000016b/blk00000e09/sig0000259e' has no driver
WARNING:NgdBuild:452 - logical net
   'fft_peripheral_0/fft_peripheral_0/USER_LOGIC_I/fft_comp/fft/blk00000001/blk0
   000016a/blk0000016b/blk00000e09/sig0000259f' has no driver
WARNING:NgdBuild:452 - logical net
   'fft_peripheral_0/fft_peripheral_0/USER_LOGIC_I/fft_comp/fft/blk00000001/blk0
   000016a/blk0000016b/blk00000e09/sig000025a1' has no driver
WARNING:NgdBuild:452 - logical net
   'fft_peripheral_0/fft_peripheral_0/USER_LOGIC_I/fft_comp/fft/blk00000001/blk0
   000016a/blk0000016b/blk00000e09/sig000025a2' has no driver
WARNING:NgdBuild:452 - logical net
   'fft_peripheral_0/fft_peripheral_0/USER_LOGIC_I/fft_comp/fft/blk00000001/blk0
   000016a/blk0000016b/blk00000e3f/sig00002607' has no driver
WARNING:NgdBuild:452 - logical net
   'fft_peripheral_0/fft_peripheral_0/USER_LOGIC_I/fft_comp/fft/blk00000001/blk0
   000016a/blk0000016b/blk00000e3f/sig00002608' has no driver
WARNING:NgdBuild:452 - logical net
   'fft_peripheral_0/fft_peripheral_0/USER_LOGIC_I/fft_comp/fft/blk00000001/blk0
   000016a/blk0000016b/blk00000e3f/sig00002609' has no driver
WARNING:NgdBuild:452 - logical net
   'fft_peripheral_0/fft_peripheral_0/USER_LOGIC_I/fft_comp/fft/blk00000001/blk0
   000016a/blk0000016b/blk0000143e/sig00002a29' has no driver
WARNING:NgdBuild:452 - logical net
   'fft_peripheral_0/fft_peripheral_0/USER_LOGIC_I/fft_comp/fft/blk00000001/blk0
   000016a/blk0000016b/blk0000143e/sig00002a2a' has no driver

Partition Implementation Status
-------------------------------

  No Partitions were found in this design.

-------------------------------

NGDBUILD Design Results Summary:
  Number of errors:     0
  Number of warnings: 244

Writing NGD file "system.ngd" ...
Total REAL time to NGDBUILD completion:  33 sec
Total CPU time to NGDBUILD completion:   32 sec

Writing NGDBUILD log file "system.bld"...

NGDBUILD done.



#----------------------------------------------#
# Starting program map
# map -o system_map.ncd -w -pr b -ol high -timing -detail system.ngd system.pcf 
#----------------------------------------------#
Release 14.5 - Map P.58f (lin64)
Copyright (c) 1995-2012 Xilinx, Inc.  All rights reserved.
PMSPEC -- Overriding Xilinx file
</opt/Xilinx/14.5/ISE_DS/EDK/data/Xdh_PrimTypeLib.xda> with local file
</opt/Xilinx/14.5/ISE_DS/ISE/data/Xdh_PrimTypeLib.xda>
Using target part "7z020clg484-1".
WARNING:LIT:701 - PAD symbol "processing_system7_0_MIO<53>" has an undefined
   IOSTANDARD.
WARNING:LIT:702 - PAD symbol "processing_system7_0_MIO<53>" is not constrained
   (LOC) to a specific location.
WARNING:LIT:701 - PAD symbol "processing_system7_0_MIO<52>" has an undefined
   IOSTANDARD.
WARNING:LIT:702 - PAD symbol "processing_system7_0_MIO<52>" is not constrained
   (LOC) to a specific location.
WARNING:LIT:701 - PAD symbol "processing_system7_0_MIO<51>" has an undefined
   IOSTANDARD.
WARNING:LIT:702 - PAD symbol "processing_system7_0_MIO<51>" is not constrained
   (LOC) to a specific location.
WARNING:LIT:701 - PAD symbol "processing_system7_0_MIO<50>" has an undefined
   IOSTANDARD.
WARNING:LIT:702 - PAD symbol "processing_system7_0_MIO<50>" is not constrained
   (LOC) to a specific location.
WARNING:LIT:701 - PAD symbol "processing_system7_0_MIO<47>" has an undefined
   IOSTANDARD.
WARNING:LIT:702 - PAD symbol "processing_system7_0_MIO<47>" is not constrained
   (LOC) to a specific location.
WARNING:LIT:701 - PAD symbol "processing_system7_0_MIO<46>" has an undefined
   IOSTANDARD.
WARNING:LIT:702 - PAD symbol "processing_system7_0_MIO<46>" is not constrained
   (LOC) to a specific location.
WARNING:LIT:701 - PAD symbol "processing_system7_0_MIO<45>" has an undefined
   IOSTANDARD.
WARNING:LIT:702 - PAD symbol "processing_system7_0_MIO<45>" is not constrained
   (LOC) to a specific location.
WARNING:LIT:701 - PAD symbol "processing_system7_0_MIO<44>" has an undefined
   IOSTANDARD.
WARNING:LIT:702 - PAD symbol "processing_system7_0_MIO<44>" is not constrained
   (LOC) to a specific location.
WARNING:LIT:701 - PAD symbol "processing_system7_0_MIO<43>" has an undefined
   IOSTANDARD.
WARNING:LIT:702 - PAD symbol "processing_system7_0_MIO<43>" is not constrained
   (LOC) to a specific location.
WARNING:LIT:701 - PAD symbol "processing_system7_0_MIO<42>" has an undefined
   IOSTANDARD.
WARNING:LIT:702 - PAD symbol "processing_system7_0_MIO<42>" is not constrained
   (LOC) to a specific location.
WARNING:LIT:701 - PAD symbol "processing_system7_0_MIO<41>" has an undefined
   IOSTANDARD.
WARNING:LIT:702 - PAD symbol "processing_system7_0_MIO<41>" is not constrained
   (LOC) to a specific location.
WARNING:LIT:701 - PAD symbol "processing_system7_0_MIO<40>" has an undefined
   IOSTANDARD.
WARNING:LIT:702 - PAD symbol "processing_system7_0_MIO<40>" is not constrained
   (LOC) to a specific location.
WARNING:LIT:701 - PAD symbol "processing_system7_0_MIO<39>" has an undefined
   IOSTANDARD.
WARNING:LIT:702 - PAD symbol "processing_system7_0_MIO<39>" is not constrained
   (LOC) to a specific location.
WARNING:LIT:701 - PAD symbol "processing_system7_0_MIO<38>" has an undefined
   IOSTANDARD.
WARNING:LIT:702 - PAD symbol "processing_system7_0_MIO<38>" is not constrained
   (LOC) to a specific location.
WARNING:LIT:701 - PAD symbol "processing_system7_0_MIO<37>" has an undefined
   IOSTANDARD.
WARNING:LIT:702 - PAD symbol "processing_system7_0_MIO<37>" is not constrained
   (LOC) to a specific location.
WARNING:LIT:701 - PAD symbol "processing_system7_0_MIO<36>" has an undefined
   IOSTANDARD.
WARNING:LIT:702 - PAD symbol "processing_system7_0_MIO<36>" is not constrained
   (LOC) to a specific location.
WARNING:LIT:701 - PAD symbol "processing_system7_0_MIO<35>" has an undefined
   IOSTANDARD.
WARNING:LIT:702 - PAD symbol "processing_system7_0_MIO<35>" is not constrained
   (LOC) to a specific location.
WARNING:LIT:701 - PAD symbol "processing_system7_0_MIO<34>" has an undefined
   IOSTANDARD.
WARNING:LIT:702 - PAD symbol "processing_system7_0_MIO<34>" is not constrained
   (LOC) to a specific location.
WARNING:LIT:701 - PAD symbol "processing_system7_0_MIO<33>" has an undefined
   IOSTANDARD.
WARNING:LIT:702 - PAD symbol "processing_system7_0_MIO<33>" is not constrained
   (LOC) to a specific location.
WARNING:LIT:701 - PAD symbol "processing_system7_0_MIO<32>" has an undefined
   IOSTANDARD.
WARNING:LIT:702 - PAD symbol "processing_system7_0_MIO<32>" is not constrained
   (LOC) to a specific location.
WARNING:LIT:701 - PAD symbol "processing_system7_0_MIO<31>" has an undefined
   IOSTANDARD.
WARNING:LIT:702 - PAD symbol "processing_system7_0_MIO<31>" is not constrained
   (LOC) to a specific location.
WARNING:LIT:701 - PAD symbol "processing_system7_0_MIO<30>" has an undefined
   IOSTANDARD.
WARNING:LIT:702 - PAD symbol "processing_system7_0_MIO<30>" is not constrained
   (LOC) to a specific location.
WARNING:LIT:701 - PAD symbol "processing_system7_0_MIO<29>" has an undefined
   IOSTANDARD.
WARNING:LIT:702 - PAD symbol "processing_system7_0_MIO<29>" is not constrained
   (LOC) to a specific location.
WARNING:LIT:701 - PAD symbol "processing_system7_0_MIO<28>" has an undefined
   IOSTANDARD.
WARNING:LIT:702 - PAD symbol "processing_system7_0_MIO<28>" is not constrained
   (LOC) to a specific location.
WARNING:LIT:701 - PAD symbol "processing_system7_0_MIO<27>" has an undefined
   IOSTANDARD.
WARNING:LIT:702 - PAD symbol "processing_system7_0_MIO<27>" is not constrained
   (LOC) to a specific location.
WARNING:LIT:701 - PAD symbol "processing_system7_0_MIO<26>" has an undefined
   IOSTANDARD.
WARNING:LIT:702 - PAD symbol "processing_system7_0_MIO<26>" is not constrained
   (LOC) to a specific location.
WARNING:LIT:701 - PAD symbol "processing_system7_0_MIO<25>" has an undefined
   IOSTANDARD.
WARNING:LIT:702 - PAD symbol "processing_system7_0_MIO<25>" is not constrained
   (LOC) to a specific location.
WARNING:LIT:701 - PAD symbol "processing_system7_0_MIO<24>" has an undefined
   IOSTANDARD.
WARNING:LIT:702 - PAD symbol "processing_system7_0_MIO<24>" is not constrained
   (LOC) to a specific location.
WARNING:LIT:701 - PAD symbol "processing_system7_0_MIO<23>" has an undefined
   IOSTANDARD.
WARNING:LIT:702 - PAD symbol "processing_system7_0_MIO<23>" is not constrained
   (LOC) to a specific location.
WARNING:LIT:701 - PAD symbol "processing_system7_0_MIO<22>" has an undefined
   IOSTANDARD.
WARNING:LIT:702 - PAD symbol "processing_system7_0_MIO<22>" is not constrained
   (LOC) to a specific location.
WARNING:LIT:701 - PAD symbol "processing_system7_0_MIO<21>" has an undefined
   IOSTANDARD.
WARNING:LIT:702 - PAD symbol "processing_system7_0_MIO<21>" is not constrained
   (LOC) to a specific location.
WARNING:LIT:701 - PAD symbol "processing_system7_0_MIO<20>" has an undefined
   IOSTANDARD.
WARNING:LIT:702 - PAD symbol "processing_system7_0_MIO<20>" is not constrained
   (LOC) to a specific location.
WARNING:LIT:701 - PAD symbol "processing_system7_0_MIO<19>" has an undefined
   IOSTANDARD.
WARNING:LIT:702 - PAD symbol "processing_system7_0_MIO<19>" is not constrained
   (LOC) to a specific location.
WARNING:LIT:701 - PAD symbol "processing_system7_0_MIO<18>" has an undefined
   IOSTANDARD.
WARNING:LIT:702 - PAD symbol "processing_system7_0_MIO<18>" is not constrained
   (LOC) to a specific location.
WARNING:LIT:701 - PAD symbol "processing_system7_0_MIO<17>" has an undefined
   IOSTANDARD.
WARNING:LIT:702 - PAD symbol "processing_system7_0_MIO<17>" is not constrained
   (LOC) to a specific location.
WARNING:LIT:701 - PAD symbol "processing_system7_0_MIO<16>" has an undefined
   IOSTANDARD.
WARNING:LIT:702 - PAD symbol "processing_system7_0_MIO<16>" is not constrained
   (LOC) to a specific location.
WARNING:LIT:701 - PAD symbol "processing_system7_0_MIO<15>" has an undefined
   IOSTANDARD.
WARNING:LIT:702 - PAD symbol "processing_system7_0_MIO<15>" is not constrained
   (LOC) to a specific location.
WARNING:LIT:701 - PAD symbol "processing_system7_0_MIO<14>" has an undefined
   IOSTANDARD.
WARNING:LIT:702 - PAD symbol "processing_system7_0_MIO<14>" is not constrained
   (LOC) to a specific location.
WARNING:LIT:701 - PAD symbol "processing_system7_0_MIO<13>" has an undefined
   IOSTANDARD.
WARNING:LIT:702 - PAD symbol "processing_system7_0_MIO<13>" is not constrained
   (LOC) to a specific location.
WARNING:LIT:701 - PAD symbol "processing_system7_0_MIO<12>" has an undefined
   IOSTANDARD.
WARNING:LIT:702 - PAD symbol "processing_system7_0_MIO<12>" is not constrained
   (LOC) to a specific location.
WARNING:LIT:701 - PAD symbol "processing_system7_0_MIO<11>" has an undefined
   IOSTANDARD.
WARNING:LIT:702 - PAD symbol "processing_system7_0_MIO<11>" is not constrained
   (LOC) to a specific location.
WARNING:LIT:701 - PAD symbol "processing_system7_0_MIO<10>" has an undefined
   IOSTANDARD.
WARNING:LIT:702 - PAD symbol "processing_system7_0_MIO<10>" is not constrained
   (LOC) to a specific location.
WARNING:LIT:701 - PAD symbol "processing_system7_0_MIO<9>" has an undefined
   IOSTANDARD.
WARNING:LIT:702 - PAD symbol "processing_system7_0_MIO<9>" is not constrained
   (LOC) to a specific location.
WARNING:LIT:701 - PAD symbol "processing_system7_0_MIO<8>" has an undefined
   IOSTANDARD.
WARNING:LIT:702 - PAD symbol "processing_system7_0_MIO<8>" is not constrained
   (LOC) to a specific location.
WARNING:LIT:701 - PAD symbol "processing_system7_0_MIO<7>" has an undefined
   IOSTANDARD.
WARNING:LIT:702 - PAD symbol "processing_system7_0_MIO<7>" is not constrained
   (LOC) to a specific location.
WARNING:LIT:701 - PAD symbol "processing_system7_0_MIO<6>" has an undefined
   IOSTANDARD.
WARNING:LIT:702 - PAD symbol "processing_system7_0_MIO<6>" is not constrained
   (LOC) to a specific location.
WARNING:LIT:701 - PAD symbol "processing_system7_0_MIO<5>" has an undefined
   IOSTANDARD.
WARNING:LIT:702 - PAD symbol "processing_system7_0_MIO<5>" is not constrained
   (LOC) to a specific location.
WARNING:LIT:701 - PAD symbol "processing_system7_0_MIO<4>" has an undefined
   IOSTANDARD.
WARNING:LIT:702 - PAD symbol "processing_system7_0_MIO<4>" is not constrained
   (LOC) to a specific location.
WARNING:LIT:701 - PAD symbol "processing_system7_0_MIO<3>" has an undefined
   IOSTANDARD.
WARNING:LIT:702 - PAD symbol "processing_system7_0_MIO<3>" is not constrained
   (LOC) to a specific location.
WARNING:LIT:701 - PAD symbol "processing_system7_0_MIO<2>" has an undefined
   IOSTANDARD.
WARNING:LIT:702 - PAD symbol "processing_system7_0_MIO<2>" is not constrained
   (LOC) to a specific location.
WARNING:LIT:701 - PAD symbol "processing_system7_0_MIO<1>" has an undefined
   IOSTANDARD.
WARNING:LIT:702 - PAD symbol "processing_system7_0_MIO<1>" is not constrained
   (LOC) to a specific location.
WARNING:LIT:701 - PAD symbol "processing_system7_0_MIO<0>" has an undefined
   IOSTANDARD.
WARNING:LIT:702 - PAD symbol "processing_system7_0_MIO<0>" is not constrained
   (LOC) to a specific location.
WARNING:LIT:701 - PAD symbol "processing_system7_0_PS_SRSTB" has an undefined
   IOSTANDARD.
WARNING:LIT:702 - PAD symbol "processing_system7_0_PS_SRSTB" is not constrained
   (LOC) to a specific location.
WARNING:LIT:701 - PAD symbol "processing_system7_0_PS_CLK" has an undefined
   IOSTANDARD.
WARNING:LIT:702 - PAD symbol "processing_system7_0_PS_CLK" is not constrained
   (LOC) to a specific location.
WARNING:LIT:701 - PAD symbol "processing_system7_0_PS_PORB" has an undefined
   IOSTANDARD.
WARNING:LIT:702 - PAD symbol "processing_system7_0_PS_PORB" is not constrained
   (LOC) to a specific location.
Mapping design into LUTs...
Writing file system_map.ngm...
Running directed packing...
WARNING:Pack:2238 - Function generator symbol
   "fft_peripheral_0/fft_peripheral_0/USER_LOGIC_I/fft_comp/fft/blk00000001/blk0
   000016a/blk0000016b/blk00001856" (Output Signal =
   fft_peripheral_0/fft_peripheral_0/USER_LOGIC_I/fft_comp/fft/blk00000001/blk00
   00016a/blk0000016b/sig000019a9) has an invalid use of the LUTNM constraint.
   There are no other function generator symbols with a matching LUTNM
   constraint value
   (LUTNM=fft_peripheral_0/fft_peripheral_0/USER_LOGIC_I/fft_comp/fft/blk0000000
   1/blk0000016a/blk0000016b/hlutnm000001b0). The constraint will be ignored.
WARNING:Pack:2238 - Function generator symbol
   "fft_peripheral_0/fft_peripheral_0/USER_LOGIC_I/fft_comp/fft/blk00000001/blk0
   000016a/blk0000016b/blk0000186c" (Output Signal =
   fft_peripheral_0/fft_peripheral_0/USER_LOGIC_I/fft_comp/fft/blk00000001/blk00
   00016a/blk0000016b/sig000019ab) has an invalid use of the LUTNM constraint.
   There are no other function generator symbols with a matching LUTNM
   constraint value
   (LUTNM=fft_peripheral_0/fft_peripheral_0/USER_LOGIC_I/fft_comp/fft/blk0000000
   1/blk0000016a/blk0000016b/hlutnm000001b1). The constraint will be ignored.
WARNING:Pack:2238 - Function generator symbol
   "fft_peripheral_0/fft_peripheral_0/USER_LOGIC_I/fft_comp/fft/blk00000001/blk0
   000016a/blk0000016b/blk0000189d" (Output Signal =
   fft_peripheral_0/fft_peripheral_0/USER_LOGIC_I/fft_comp/fft/blk00000001/blk00
   00016a/blk0000016b/sig000019ca) has an invalid use of the LUTNM constraint.
   There are no other function generator symbols with a matching LUTNM
   constraint value
   (LUTNM=fft_peripheral_0/fft_peripheral_0/USER_LOGIC_I/fft_comp/fft/blk0000000
   1/blk0000016a/blk0000016b/hlutnm000001c2). The constraint will be ignored.
WARNING:Pack:2238 - Function generator symbol
   "fft_peripheral_0/fft_peripheral_0/USER_LOGIC_I/fft_comp/fft/blk00000001/blk0
   000016a/blk0000016b/blk0000187b" (Output Signal =
   fft_peripheral_0/fft_peripheral_0/USER_LOGIC_I/fft_comp/fft/blk00000001/blk00
   00016a/blk0000016b/sig000019ba) has an invalid use of the LUTNM constraint.
   There are no other function generator symbols with a matching LUTNM
   constraint value
   (LUTNM=fft_peripheral_0/fft_peripheral_0/USER_LOGIC_I/fft_comp/fft/blk0000000
   1/blk0000016a/blk0000016b/hlutnm000001b9). The constraint will be ignored.
WARNING:Pack:2238 - Function generator symbol
   "fft_peripheral_0/fft_peripheral_0/USER_LOGIC_I/fft_comp/fft/blk00000001/blk0
   000016a/blk0000016b/blk0000188e" (Output Signal =
   fft_peripheral_0/fft_peripheral_0/USER_LOGIC_I/fft_comp/fft/blk00000001/blk00
   00016a/blk0000016b/sig000019bb) has an invalid use of the LUTNM constraint.
   There are no other function generator symbols with a matching LUTNM
   constraint value
   (LUTNM=fft_peripheral_0/fft_peripheral_0/USER_LOGIC_I/fft_comp/fft/blk0000000
   1/blk0000016a/blk0000016b/hlutnm000001ba). The constraint will be ignored.
WARNING:Pack:2238 - Function generator symbol
   "fft_peripheral_0/fft_peripheral_0/USER_LOGIC_I/fft_comp/fft/blk00000001/blk0
   000016a/blk0000016b/blk00000645" (Output Signal =
   fft_peripheral_0/fft_peripheral_0/USER_LOGIC_I/fft_comp/fft/blk00000001/blk00
   00016a/blk0000016b/sig000007ed) has an invalid use of the LUTNM constraint.
   There are no other function generator symbols with a matching LUTNM
   constraint value
   (LUTNM=fft_peripheral_0/fft_peripheral_0/USER_LOGIC_I/fft_comp/fft/blk0000000
   1/blk0000016a/blk0000016b/hlutnm00000054). The constraint will be ignored.
WARNING:Pack:2238 - Function generator symbol
   "fft_peripheral_0/fft_peripheral_0/USER_LOGIC_I/fft_comp/fft/blk00000001/blk0
   000016a/blk0000016b/blk000005f7" (Output Signal =
   fft_peripheral_0/fft_peripheral_0/USER_LOGIC_I/fft_comp/fft/blk00000001/blk00
   00016a/blk0000016b/sig000007ce) has an invalid use of the LUTNM constraint.
   There are no other function generator symbols with a matching LUTNM
   constraint value
   (LUTNM=fft_peripheral_0/fft_peripheral_0/USER_LOGIC_I/fft_comp/fft/blk0000000
   1/blk0000016a/blk0000016b/hlutnm00000047). The constraint will be ignored.
WARNING:Pack:2238 - Function generator symbol
   "fft_peripheral_0/fft_peripheral_0/USER_LOGIC_I/fft_comp/fft/blk00000001/blk0
   000016a/blk0000016b/blk00001468" (Output Signal =
   fft_peripheral_0/fft_peripheral_0/USER_LOGIC_I/fft_comp/fft/blk00000001/blk00
   00016a/blk0000016b/sig000016c1) has an invalid use of the LUTNM constraint.
   There are no other function generator symbols with a matching LUTNM
   constraint value
   (LUTNM=fft_peripheral_0/fft_peripheral_0/USER_LOGIC_I/fft_comp/fft/blk0000000
   1/blk0000016a/blk0000016b/hlutnm00000146). The constraint will be ignored.
WARNING:Pack:2238 - Function generator symbol
   "fft_peripheral_0/fft_peripheral_0/USER_LOGIC_I/fft_comp/fft/blk00000001/blk0
   000016a/blk0000016b/blk0000061d" (Output Signal =
   fft_peripheral_0/fft_peripheral_0/USER_LOGIC_I/fft_comp/fft/blk00000001/blk00
   00016a/blk0000016b/sig000007d9) has an invalid use of the LUTNM constraint.
   There are no other function generator symbols with a matching LUTNM
   constraint value
   (LUTNM=fft_peripheral_0/fft_peripheral_0/USER_LOGIC_I/fft_comp/fft/blk0000000
   1/blk0000016a/blk0000016b/hlutnm0000004b). The constraint will be ignored.
Running delay-based LUT packing...
Updating timing models...
INFO:Map:215 - The Interim Design Summary has been generated in the MAP Report
   (.mrp).
Running timing-driven placement...
Total REAL time at the beginning of Placer: 47 secs 
Total CPU  time at the beginning of Placer: 41 secs 

Phase 1.1  Initial Placement Analysis
Phase 1.1  Initial Placement Analysis (Checksum:6d28576c) REAL time: 51 secs 

Phase 2.7  Design Feasibility Check
Phase 2.7  Design Feasibility Check (Checksum:6d28576c) REAL time: 52 secs 

Phase 3.31  Local Placement Optimization
Phase 3.31  Local Placement Optimization (Checksum:6d28576c) REAL time: 52 secs 

Phase 4.2  Initial Placement for Architecture Specific Features

Phase 4.2  Initial Placement for Architecture Specific Features
(Checksum:c1af2e5b) REAL time: 59 secs 

Phase 5.30  Global Clock Region Assignment
Phase 5.30  Global Clock Region Assignment (Checksum:c1af2e5b) REAL time: 59 secs 

Phase 6.3  Local Placement Optimization
Phase 6.3  Local Placement Optimization (Checksum:c1af2e5b) REAL time: 59 secs 

Phase 7.5  Local Placement Optimization
Phase 7.5  Local Placement Optimization (Checksum:c1af2e5b) REAL time: 59 secs 

Phase 8.8  Global Placement
........................................
...............................
................................................
.................................................................................
......................................................................................................
Phase 8.8  Global Placement (Checksum:9081fcf7) REAL time: 2 mins 16 secs 

Phase 9.5  Local Placement Optimization
Phase 9.5  Local Placement Optimization (Checksum:9081fcf7) REAL time: 2 mins 17 secs 

Phase 10.18  Placement Optimization
Phase 10.18  Placement Optimization (Checksum:d4d5e2f5) REAL time: 2 mins 25 secs 

Phase 11.5  Local Placement Optimization
Phase 11.5  Local Placement Optimization (Checksum:d4d5e2f5) REAL time: 2 mins 25 secs 

Phase 12.34  Placement Validation
Phase 12.34  Placement Validation (Checksum:d4d5e2f5) REAL time: 2 mins 25 secs 

Total REAL time to Placer completion: 2 mins 26 secs 
Total CPU  time to Placer completion: 2 mins 19 secs 
Running post-placement packing...
Writing output files...

Design Summary:
Number of errors:      0
Number of warnings:  119
Slice Logic Utilization:
  Number of Slice Registers:                 3,597 out of 106,400    3%
    Number used as Flip Flops:               3,597
    Number used as Latches:                      0
    Number used as Latch-thrus:                  0
    Number used as AND/OR logics:                0
  Number of Slice LUTs:                      2,881 out of  53,200    5%
    Number used as logic:                    2,164 out of  53,200    4%
      Number using O6 output only:           1,368
      Number using O5 output only:              35
      Number using O5 and O6:                  761
      Number used as ROM:                        0
    Number used as Memory:                     605 out of  17,400    3%
      Number used as Dual Port RAM:              0
      Number used as Single Port RAM:            0
      Number used as Shift Register:           605
        Number using O6 output only:           264
        Number using O5 output only:             8
        Number using O5 and O6:                333
    Number used exclusively as route-thrus:    112
      Number with same-slice register load:     91
      Number with same-slice carry load:        16
      Number with other load:                    5

Slice Logic Distribution:
  Number of occupied Slices:                 1,101 out of  13,300    8%
  Number of LUT Flip Flop pairs used:        3,415
    Number with an unused Flip Flop:           588 out of   3,415   17%
    Number with an unused LUT:                 534 out of   3,415   15%
    Number of fully used LUT-FF pairs:       2,293 out of   3,415   67%
    Number of unique control sets:             102
    Number of slice register sites lost
      to control set restrictions:             337 out of 106,400    1%

  A LUT Flip Flop pair for this architecture represents one LUT paired with
  one Flip Flop within a slice.  A control set is a unique combination of
  clock, reset, set, and enable signals for a registered element.
  The Slice Logic Distribution report is not meaningful if the design is
  over-mapped for a non-slice resource or if Placement fails.
  OVERMAPPING of BRAM resources should be ignored if the design is
  over-mapped for a non-BRAM resource or if placement fails.

IO Utilization:
  Number of bonded IOBs:                        15 out of     200    7%
    Number of LOCed IOBs:                       15 out of      15  100%
  Number of bonded IOPAD:                      130 out of     130  100%
    IOB Flip Flops:                              3

Specific Feature Utilization:
  Number of RAMB36E1/FIFO36E1s:                  0 out of     140    0%
  Number of RAMB18E1/FIFO18E1s:                  2 out of     280    1%
    Number using RAMB18E1 only:                  2
    Number using FIFO18E1 only:                  0
  Number of BUFG/BUFGCTRLs:                      2 out of      32    6%
    Number used as BUFGs:                        2
    Number used as BUFGCTRLs:                    0
  Number of IDELAYE2/IDELAYE2_FINEDELAYs:        0 out of     200    0%
  Number of ILOGICE2/ILOGICE3/ISERDESE2s:        1 out of     200    1%
    Number used as ILOGICE2s:                    1
  Number used as  ILOGICE3s:                     0
    Number used as ISERDESE2s:                   0
  Number of ODELAYE2/ODELAYE2_FINEDELAYs:        0
  Number of OLOGICE2/OLOGICE3/OSERDESE2s:        4 out of     200    2%
    Number used as OLOGICE2s:                    4
    Number used as OLOGICE3s:                    0
    Number used as OSERDESE2s:                   0
  Number of PHASER_IN/PHASER_IN_PHYs:            0 out of      16    0%
  Number of PHASER_OUT/PHASER_OUT_PHYs:          0 out of      16    0%
  Number of BSCANs:                              0 out of       4    0%
  Number of BUFHCEs:                             0 out of      72    0%
  Number of BUFRs:                               0 out of      16    0%
  Number of CAPTUREs:                            0 out of       1    0%
  Number of DNA_PORTs:                           0 out of       1    0%
  Number of DSP48E1s:                           12 out of     220    5%
  Number of EFUSE_USRs:                          0 out of       1    0%
  Number of FRAME_ECCs:                          0 out of       1    0%
  Number of ICAPs:                               0 out of       2    0%
  Number of IDELAYCTRLs:                         0 out of       4    0%
  Number of IN_FIFOs:                            0 out of      16    0%
  Number of MMCME2_ADVs:                         0 out of       4    0%
  Number of OUT_FIFOs:                           0 out of      16    0%
  Number of PHASER_REFs:                         0 out of       4    0%
  Number of PHY_CONTROLs:                        0 out of       4    0%
  Number of PLLE2_ADVs:                          0 out of       4    0%
  Number of PS7s:                                1 out of       1  100%
  Number of STARTUPs:                            0 out of       1    0%
  Number of XADCs:                               0 out of       1    0%

Average Fanout of Non-Clock Nets:                3.20

Peak Memory Usage:  1326 MB
Total REAL time to MAP completion:  2 mins 30 secs 
Total CPU time to MAP completion:   2 mins 24 secs 

Mapping completed.
See MAP report file "system_map.mrp" for details.



#----------------------------------------------#
# Starting program par
# par -w -ol high system_map.ncd system.ncd system.pcf 
#----------------------------------------------#
Release 14.5 - par P.58f (lin64)
Copyright (c) 1995-2012 Xilinx, Inc.  All rights reserved.
PMSPEC -- Overriding Xilinx file </opt/Xilinx/14.5/ISE_DS/EDK/data/parBmgr.acd> with local file
</opt/Xilinx/14.5/ISE_DS/ISE/data/parBmgr.acd>



Constraints file: system.pcf.
Loading device for application Rf_Device from file '7z020.nph' in environment
/opt/Xilinx/14.5/ISE_DS/ISE/:/opt/Xilinx/14.5/ISE_DS/EDK.
   "system" is an NCD, version 3.2, device xc7z020, package clg484, speed -1

Initializing temperature to 85.000 Celsius. (default - Range: 0.000 to 85.000 Celsius)
Initializing voltage to 0.950 Volts. (default - Range: 0.950 to 1.050 Volts)


Device speed data version:  "PRODUCTION 1.06 2013-03-26".



Device Utilization Summary:

   Number of BUFGs                           2 out of 32      6%
   Number of DSP48E1s                       12 out of 220     5%
   Number of ILOGICE2s                       1 out of 200     1%
   Number of External IOB33s                15 out of 200     7%
      Number of LOCed IOB33s                15 out of 15    100%

   Number of External IOPADs               130 out of 130   100%
      Number of LOCed IOPADs                75 out of 130    57%

   Number of OLOGICE2s                       4 out of 200     2%
   Number of PS7s                            1 out of 1     100%
   Number of RAMB18E1s                       2 out of 280     1%
   Number of Slices                       1101 out of 13300   8%
   Number of Slice Registers              3597 out of 106400  3%
      Number used as Flip Flops           3597
      Number used as Latches                 0
      Number used as LatchThrus              0

   Number of Slice LUTS                   2881 out of 53200   5%
   Number of Slice LUT-Flip Flop pairs    3376 out of 53200   6%


Overall effort level (-ol):   High 
Router effort level (-rl):    High 

INFO:Timing:3386 - Intersecting Constraints found and resolved.  For more information, see the TSI report.  Please consult the Xilinx
   Command Line Tools User Guide for information on generating a TSI report.
Starting initial Timing Analysis.  REAL time: 22 secs 
Finished initial Timing Analysis.  REAL time: 22 secs 

Starting Router


Phase  1  : 20953 unrouted;      REAL time: 23 secs 

Phase  2  : 13212 unrouted;      REAL time: 25 secs 

Phase  3  : 3681 unrouted;      REAL time: 31 secs 

Phase  4  : 3681 unrouted; (Setup:0, Hold:48262, Component Switching Limit:0)     REAL time: 34 secs 

Updating file: system.ncd with current fully routed design.

Phase  5  : 0 unrouted; (Setup:0, Hold:40789, Component Switching Limit:0)     REAL time: 40 secs 

Phase  6  : 0 unrouted; (Setup:0, Hold:40789, Component Switching Limit:0)     REAL time: 40 secs 

Phase  7  : 0 unrouted; (Setup:0, Hold:40789, Component Switching Limit:0)     REAL time: 40 secs 

Phase  8  : 0 unrouted; (Setup:0, Hold:40789, Component Switching Limit:0)     REAL time: 40 secs 

Phase  9  : 0 unrouted; (Setup:0, Hold:0, Component Switching Limit:0)     REAL time: 42 secs 
Total REAL time to Router completion: 43 secs 
Total CPU time to Router completion: 43 secs 

Partition Implementation Status
-------------------------------

  No Partitions were found in this design.

-------------------------------

Generating "PAR" statistics.

**************************
Generating Clock Report
**************************

+---------------------+--------------+------+------+------------+-------------+
|        Clock Net    |   Resource   |Locked|Fanout|Net Skew(ns)|Max Delay(ns)|
+---------------------+--------------+------+------+------------+-------------+
|processing_system7_0 |              |      |      |            |             |
|          _FCLK_CLK0 |BUFGCTRL_X0Y31| No   | 1010 |  0.447     |  2.066      |
+---------------------+--------------+------+------+------------+-------------+

* Net Skew is the difference between the minimum and maximum routing
only delays for the net. Note this is different from Clock Skew which
is reported in TRCE timing report. Clock Skew is the difference between
the minimum and maximum path delays which includes logic delays.

* The fanout is the number of component pins not the individual BEL loads,
for example SLICE loads not FF loads.

Timing Score: 0 (Setup: 0, Hold: 0, Component Switching Limit: 0)

Number of Timing Constraints that were not applied: 1

Asterisk (*) preceding a constraint indicates it was not met.
   This may be due to a setup or hold violation.

----------------------------------------------------------------------------------------------------------
  Constraint                                |    Check    | Worst Case |  Best Case | Timing |   Timing   
                                            |             |    Slack   | Achievable | Errors |    Score   
----------------------------------------------------------------------------------------------------------
  TS_clk_fpga_0 = PERIOD TIMEGRP "clk_fpga_ | SETUP       |     1.019ns|     8.981ns|       0|           0
  0" 100 MHz HIGH 50%                       | HOLD        |     0.003ns|            |       0|           0
----------------------------------------------------------------------------------------------------------
  PATH "TS_axi_interconnect_1_reset_resync_ | SETUP       |         N/A|     1.055ns|     N/A|           0
  path" TIG                                 |             |            |            |        |            
----------------------------------------------------------------------------------------------------------
  TS_clk_fpga_1 = PERIOD TIMEGRP "clk_fpga_ | N/A         |         N/A|         N/A|     N/A|         N/A
  1" 10 MHz HIGH 50%                        |             |            |            |        |            
----------------------------------------------------------------------------------------------------------


All constraints were met.
INFO:Timing:2761 - N/A entries in the Constraints List may indicate that the 
   constraint is not analyzed due to the following: No paths covered by this 
   constraint; Other constraints intersect with this constraint; or This 
   constraint was disabled by a Path Tracing Control. Please run the Timespec 
   Interaction Report (TSI) via command line (trce tsi) or Timing Analyzer GUI.


Generating Pad Report.

All signals are completely routed.

Total REAL time to PAR completion: 44 secs 
Total CPU time to PAR completion: 44 secs 

Peak Memory Usage:  1069 MB

Placer: Placement generated during map.
Routing: Completed - No errors found.
Timing: Completed - No errors found.

Number of error messages: 0
Number of warning messages: 0
Number of info messages: 1

Writing design to file system.ncd



PAR done!



#----------------------------------------------#
# Starting program post_par_trce
# trce -e 3 -xml system.twx system.ncd system.pcf 
#----------------------------------------------#
Release 14.5 - Trace  (lin64)
Copyright (c) 1995-2012 Xilinx, Inc.  All rights reserved.


PMSPEC -- Overriding Xilinx file
</opt/Xilinx/14.5/ISE_DS/EDK/zynq/data/zynq.acd> with local file
</opt/Xilinx/14.5/ISE_DS/ISE/zynq/data/zynq.acd>
Loading device for application Rf_Device from file '7z020.nph' in environment
/opt/Xilinx/14.5/ISE_DS/ISE/:/opt/Xilinx/14.5/ISE_DS/EDK.
   "system" is an NCD, version 3.2, device xc7z020, package clg484, speed -1
INFO:Timing:3386 - Intersecting Constraints found and resolved.  For more
   information, see the TSI report.  Please consult the Xilinx Command Line
   Tools User Guide for information on generating a TSI report.
--------------------------------------------------------------------------------
Release 14.5 Trace  (lin64)
Copyright (c) 1995-2012 Xilinx, Inc.  All rights reserved.

/opt/Xilinx/14.5/ISE_DS/ISE/bin/lin64/unwrapped/trce -e 3 -xml system.twx
system.ncd system.pcf


Design file:              system.ncd
Physical constraint file: system.pcf
Device,speed:             xc7z020,-1 (PRODUCTION 1.06 2013-03-26)
Report level:             error report
--------------------------------------------------------------------------------

INFO:Timing:3412 - To improve timing, see the Timing Closure User Guide (UG612).
INFO:Timing:2752 - To get complete path coverage, use the unconstrained paths option. All paths that are not constrained will be reported in
   the unconstrained paths section(s) of the report.
INFO:Timing:3339 - The clock-to-out numbers in this timing report are based on a 50 Ohm transmission line loading model.  For the details of
   this model, and for more information on accounting for different loading conditions, please see the device datasheet.


Timing summary:
---------------

Timing errors: 0  Score: 0 (Setup/Max: 0, Hold: 0)

Constraints cover 54178 paths, 0 nets, and 14350 connections

Design statistics:
   Minimum period:   8.981ns (Maximum frequency: 111.346MHz)


Analysis completed Tue Nov 12 21:15:57 2013
--------------------------------------------------------------------------------

Generating Report ...

Number of warnings: 0
Number of info messages: 4
Total time: 22 secs 


