15:37:38 **** Auto Build of configuration Debug for project FFT ****
make all 
Building file: ../src/kiss_fft130/kiss_fft.c
Invoking: ARM gcc compiler
arm-xilinx-eabi-gcc -Wall -O0 -g3 -I../../FFT_bsp/ps7_cortexa9_0/include -I"/home/bill/workspace/EmbeddedSystemDesign/FPGAFFT/Xilinx/FFT/src/kiss_fft130" -c -fmessage-length=0 -MMD -MP -MF"src/kiss_fft130/kiss_fft.d" -MT"src/kiss_fft130/kiss_fft.d" -o "src/kiss_fft130/kiss_fft.o" "../src/kiss_fft130/kiss_fft.c"
Finished building: ../src/kiss_fft130/kiss_fft.c
 
Building file: ../src/main.c
Invoking: ARM gcc compiler
arm-xilinx-eabi-gcc -Wall -O0 -g3 -I../../FFT_bsp/ps7_cortexa9_0/include -I"/home/bill/workspace/EmbeddedSystemDesign/FPGAFFT/Xilinx/FFT/src/kiss_fft130" -c -fmessage-length=0 -MMD -MP -MF"src/main.d" -MT"src/main.d" -o "src/main.o" "../src/main.c"
Finished building: ../src/main.c
 
Building file: ../src/oled.c
Invoking: ARM gcc compiler
arm-xilinx-eabi-gcc -Wall -O0 -g3 -I../../FFT_bsp/ps7_cortexa9_0/include -I"/home/bill/workspace/EmbeddedSystemDesign/FPGAFFT/Xilinx/FFT/src/kiss_fft130" -c -fmessage-length=0 -MMD -MP -MF"src/oled.d" -MT"src/oled.d" -o "src/oled.o" "../src/oled.c"
Finished building: ../src/oled.c
 
Building file: ../src/platform.c
Invoking: ARM gcc compiler
arm-xilinx-eabi-gcc -Wall -O0 -g3 -I../../FFT_bsp/ps7_cortexa9_0/include -I"/home/bill/workspace/EmbeddedSystemDesign/FPGAFFT/Xilinx/FFT/src/kiss_fft130" -c -fmessage-length=0 -MMD -MP -MF"src/platform.d" -MT"src/platform.d" -o "src/platform.o" "../src/platform.c"
../src/main.c:38:22: warning: 'timer_counter_l' defined but not used [-Wunused-variable]
Finished building: ../src/platform.c
../src/main.c:39:22: warning: 'timer_counter_h' defined but not used [-Wunused-variable]
../src/main.c:40:22: warning: 'timer_ctrl' defined but not used [-Wunused-variable]
 
Building target: FFT.elf
Invoking: ARM gcc linker
arm-xilinx-eabi-gcc -Wl,-T -Wl,../src/lscript.ld -L../../FFT_bsp/ps7_cortexa9_0/lib -o "FFT.elf"  ./src/kiss_fft130/kiss_fft.o  ./src/main.o ./src/oled.o ./src/platform.o   -lm -Wl,--start-group,-lxil,-lgcc,-lc,--end-group
Finished building target: FFT.elf
 
Invoking: ARM Print Size
arm-xilinx-eabi-size FFT.elf  |tee "FFT.elf.size"
   text	   data	    bss	    dec	    hex	filename
  54264	   2152	  30868	  87284	  154f4	FFT.elf
Finished building: FFT.elf.size
 

15:37:38 Build Finished (took 751ms)

