21:09:09 **** Clean-only build of configuration Debug for project FFT ****
make clean 
rm -rf  ./src/kiss_fft130/kiss_fft.o  ./src/fft.o ./src/main.o ./src/oled.o ./src/platform.o  ./src/kiss_fft130/kiss_fft.d  ./src/fft.d ./src/main.d ./src/oled.d ./src/platform.d  FFT.elf.size  FFT.elf
 
21:09:09 **** Clean-only build of project FFT_bsp ****
make -k clean 
rm -rf ps7_cortexa9_0
21:09:09 **** Build of project FFT_bsp ****
make -k all 
libgen -hw ../EDK_hw_platform/system.xml\
	       \
	       -pe ps7_cortexa9_0 \
	       -log libgen.log \
	       system.mss
libgen
Xilinx EDK 14.5 Build EDK_P.58f
Copyright (c) 1995-2012 Xilinx, Inc.  All rights reserved.

Command Line: libgen -hw ../EDK_hw_platform/system.xml -pe ps7_cortexa9_0 -log
libgen.log system.mss 


Staging source files.
Running DRCs.
Running generate.
Running post_generate.
Running include - 'gmake -s include "COMPILER=arm-xilinx-eabi-gcc"
"ARCHIVER=arm-xilinx-eabi-ar" "COMPILER_FLAGS= -O2 -c"
"EXTRA_COMPILER_FLAGS=-g"'.

Running libs - 'gmake -s libs "COMPILER=arm-xilinx-eabi-gcc"
"ARCHIVER=arm-xilinx-eabi-ar" "COMPILER_FLAGS= -O2 -c"
"EXTRA_COMPILER_FLAGS=-g"'.
Compiling common
arm-xilinx-eabi-ar: creating ../../../lib/libxil.a
Compiling xadc
Compiling standalone
Compiling gpio
Compiling devcfg
Compiling dmaps
Compiling emacps
Compiling gpiops
Compiling qspips
Compiling scugic
Compiling scutimer
Compiling scuwdt
Compiling ttcps
Compiling uartps
Compiling usbps
Compiling cpu_cortexa9
Running execs_generate.
Finished building libraries
21:09:25 **** Build of configuration Debug for project FFT ****
make all 
Building file: ../src/kiss_fft130/kiss_fft.c
Invoking: ARM gcc compiler
arm-xilinx-eabi-gcc -Wall -O0 -g3 -I../../FFT_bsp/ps7_cortexa9_0/include -I"/home/bill/workspace/EmbeddedSystemDesign/FPGAFFT/Xilinx/FFT/src/kiss_fft130" -c -fmessage-length=0 -MMD -MP -MF"src/kiss_fft130/kiss_fft.d" -MT"src/kiss_fft130/kiss_fft.d" -o "src/kiss_fft130/kiss_fft.o" "../src/kiss_fft130/kiss_fft.c"
Finished building: ../src/kiss_fft130/kiss_fft.c
 
Building file: ../src/fft.c
Invoking: ARM gcc compiler
arm-xilinx-eabi-gcc -Wall -O0 -g3 -I../../FFT_bsp/ps7_cortexa9_0/include -I"/home/bill/workspace/EmbeddedSystemDesign/FPGAFFT/Xilinx/FFT/src/kiss_fft130" -c -fmessage-length=0 -MMD -MP -MF"src/fft.d" -MT"src/fft.d" -o "src/fft.o" "../src/fft.c"
../src/fft.c: In function 'fix_fft':
../src/fft.c:53:45: warning: unused variable 'shift' [-Wunused-variable]
Finished building: ../src/fft.c
 
Building file: ../src/main.c
Invoking: ARM gcc compiler
arm-xilinx-eabi-gcc -Wall -O0 -g3 -I../../FFT_bsp/ps7_cortexa9_0/include -I"/home/bill/workspace/EmbeddedSystemDesign/FPGAFFT/Xilinx/FFT/src/kiss_fft130" -c -fmessage-length=0 -MMD -MP -MF"src/main.d" -MT"src/main.d" -o "src/main.o" "../src/main.c"
../src/main.c: In function 'main':
../src/main.c:86:2: warning: pointer targets in passing argument 3 of 'OLED_ShowString' differ in signedness [-Wpointer-sign]
In file included from ../src/main.c:41:0:
../src/oled.h:60:6: note: expected 'const u8 *' but argument is of type 'char *'
Finished building: ../src/main.c
 
Building file: ../src/oled.c
Invoking: ARM gcc compiler
arm-xilinx-eabi-gcc -Wall -O0 -g3 -I../../FFT_bsp/ps7_cortexa9_0/include -I"/home/bill/workspace/EmbeddedSystemDesign/FPGAFFT/Xilinx/FFT/src/kiss_fft130" -c -fmessage-length=0 -MMD -MP -MF"src/oled.d" -MT"src/oled.d" -o "src/oled.o" "../src/oled.c"
Finished building: ../src/oled.c
 
Building file: ../src/platform.c
Invoking: ARM gcc compiler
arm-xilinx-eabi-gcc -Wall -O0 -g3 -I../../FFT_bsp/ps7_cortexa9_0/include -I"/home/bill/workspace/EmbeddedSystemDesign/FPGAFFT/Xilinx/FFT/src/kiss_fft130" -c -fmessage-length=0 -MMD -MP -MF"src/platform.d" -MT"src/platform.d" -o "src/platform.o" "../src/platform.c"
Finished building: ../src/platform.c
 
Building target: FFT.elf
Invoking: ARM gcc linker
arm-xilinx-eabi-gcc -Wl,-T -Wl,../src/lscript.ld -L../../FFT_bsp/ps7_cortexa9_0/lib -o "FFT.elf"  ./src/kiss_fft130/kiss_fft.o  ./src/fft.o ./src/main.o ./src/oled.o ./src/platform.o   -lm -Wl,--start-group,-lxil,-lgcc,-lc,--end-group
./src/main.o:(.rodata+0x0): multiple definition of `Sinewave'
./src/fft.o:(.rodata+0x0): first defined here
collect2: error: ld returned 1 exit status
make: *** [FFT.elf] Error 1
21:09:54 **** Auto Build of configuration Debug for project FFT ****
make all 
Building target: FFT.elf
Invoking: ARM gcc linker
arm-xilinx-eabi-gcc -Wl,-T -Wl,../src/lscript.ld -L../../FFT_bsp/ps7_cortexa9_0/lib -o "FFT.elf"  ./src/kiss_fft130/kiss_fft.o  ./src/fft.o ./src/main.o ./src/oled.o ./src/platform.o   -lm -Wl,--start-group,-lxil,-lgcc,-lc,--end-group
./src/main.o:(.rodata+0x0): multiple definition of `Sinewave'
./src/fft.o:(.rodata+0x0): first defined here
collect2: error: ld returned 1 exit status
make: *** [FFT.elf] Error 1
21:10:39 **** Auto Build of configuration Debug for project FFT ****
make all 
Building target: FFT.elf
Invoking: ARM gcc linker
arm-xilinx-eabi-gcc -Wl,-T -Wl,../src/lscript.ld -L../../FFT_bsp/ps7_cortexa9_0/lib -o "FFT.elf"  ./src/kiss_fft130/kiss_fft.o  ./src/fft.o ./src/main.o ./src/oled.o ./src/platform.o   -lm -Wl,--start-group,-lxil,-lgcc,-lc,--end-group
./src/main.o:(.rodata+0x0): multiple definition of `Sinewave'
./src/fft.o:(.rodata+0x0): first defined here
collect2: error: ld returned 1 exit status
make: *** [FFT.elf] Error 1
21:10:51 **** Auto Build of configuration Debug for project FFT ****
make all 
Building file: ../src/fft.c
Invoking: ARM gcc compiler
arm-xilinx-eabi-gcc -Wall -O0 -g3 -I../../FFT_bsp/ps7_cortexa9_0/include -I"/home/bill/workspace/EmbeddedSystemDesign/FPGAFFT/Xilinx/FFT/src/kiss_fft130" -c -fmessage-length=0 -MMD -MP -MF"src/fft.d" -MT"src/fft.d" -o "src/fft.o" "../src/fft.c"
../src/fft.c: In function 'fix_fft':
Finished building: ../src/fft.c
../src/fft.c:157:45: warning: unused variable 'shift' [-Wunused-variable]
 
Building target: FFT.elf
Invoking: ARM gcc linker
arm-xilinx-eabi-gcc -Wl,-T -Wl,../src/lscript.ld -L../../FFT_bsp/ps7_cortexa9_0/lib -o "FFT.elf"  ./src/kiss_fft130/kiss_fft.o  ./src/fft.o ./src/main.o ./src/oled.o ./src/platform.o   -lm -Wl,--start-group,-lxil,-lgcc,-lc,--end-group
./src/main.o:(.rodata+0x0): multiple definition of `Sinewave'
./src/fft.o:(.rodata+0x0): first defined here
collect2: error: ld returned 1 exit status
make: *** [FFT.elf] Error 1
21:11:06 **** Auto Build of configuration Debug for project FFT ****
make all 
Building file: ../src/fft.c
Invoking: ARM gcc compiler
arm-xilinx-eabi-gcc -Wall -O0 -g3 -I../../FFT_bsp/ps7_cortexa9_0/include -I"/home/bill/workspace/EmbeddedSystemDesign/FPGAFFT/Xilinx/FFT/src/kiss_fft130" -c -fmessage-length=0 -MMD -MP -MF"src/fft.d" -MT"src/fft.d" -o "src/fft.o" "../src/fft.c"
../src/fft.c: In function 'fix_fft':
../src/fft.c:155:45: warning: unused variable 'shift' [-Wunused-variable]
Finished building: ../src/fft.c
 
Building target: FFT.elf
Invoking: ARM gcc linker
arm-xilinx-eabi-gcc -Wl,-T -Wl,../src/lscript.ld -L../../FFT_bsp/ps7_cortexa9_0/lib -o "FFT.elf"  ./src/kiss_fft130/kiss_fft.o  ./src/fft.o ./src/main.o ./src/oled.o ./src/platform.o   -lm -Wl,--start-group,-lxil,-lgcc,-lc,--end-group
./src/main.o:(.rodata+0x0): multiple definition of `Sinewave'
./src/fft.o:(.rodata+0x0): first defined here
collect2: error: ld returned 1 exit status
make: *** [FFT.elf] Error 1
21:11:42 **** Auto Build of configuration Debug for project FFT ****
make all 
Building file: ../src/fft.c
../src/fft.c: In function 'fix_fft':
Invoking: ARM gcc compiler
../src/fft.c:155:45: warning: unused variable 'shift' [-Wunused-variable]
arm-xilinx-eabi-gcc -Wall -O0 -g3 -I../../FFT_bsp/ps7_cortexa9_0/include -I"/home/bill/workspace/EmbeddedSystemDesign/FPGAFFT/Xilinx/FFT/src/kiss_fft130" -c -fmessage-length=0 -MMD -MP -MF"src/fft.d" -MT"src/fft.d" -o "src/fft.o" "../src/fft.c"
Finished building: ../src/fft.c
 
Building target: FFT.elf
Invoking: ARM gcc linker
arm-xilinx-eabi-gcc -Wl,-T -Wl,../src/lscript.ld -L../../FFT_bsp/ps7_cortexa9_0/lib -o "FFT.elf"  ./src/kiss_fft130/kiss_fft.o  ./src/fft.o ./src/main.o ./src/oled.o ./src/platform.o   -lm -Wl,--start-group,-lxil,-lgcc,-lc,--end-group
Finished building target: FFT.elf
 
Invoking: ARM Print Size
arm-xilinx-eabi-size FFT.elf  |tee "FFT.elf.size"
   text	   data	    bss	    dec	    hex	filename
  86296	   2280	  30876	 119452	  1d29c	FFT.elf
Finished building: FFT.elf.size
 
21:11:50 **** Incremental Build of configuration Debug for project FFT ****
make all 
make: Nothing to be done for `all'.
21:11:50 **** Incremental Build of configuration Debug for project zed_audio_oled ****
make all 
make: Nothing to be done for `all'.
21:11:51 **** Incremental Build of configuration Debug for project hello_oled ****
make all 
make: Nothing to be done for `all'.
21:12:19 **** Auto Build of configuration Debug for project FFT ****
make all 
Building file: ../src/main.c
Invoking: ARM gcc compiler
arm-xilinx-eabi-gcc -Wall -O0 -g3 -I../../FFT_bsp/ps7_cortexa9_0/include -I"/home/bill/workspace/EmbeddedSystemDesign/FPGAFFT/Xilinx/FFT/src/kiss_fft130" -c -fmessage-length=0 -MMD -MP -MF"src/main.d" -MT"src/main.d" -o "src/main.o" "../src/main.c"
../src/main.c: In function 'main':
../src/main.c:86:2: warning: pointer targets in passing argument 3 of 'OLED_ShowString' differ in signedness [-Wpointer-sign]
In file included from ../src/main.c:41:0:
../src/oled.h:60:6: note: expected 'const u8 *' but argument is of type 'char *'
Finished building: ../src/main.c
 
Building target: FFT.elf
Invoking: ARM gcc linker
arm-xilinx-eabi-gcc -Wl,-T -Wl,../src/lscript.ld -L../../FFT_bsp/ps7_cortexa9_0/lib -o "FFT.elf"  ./src/kiss_fft130/kiss_fft.o  ./src/fft.o ./src/main.o ./src/oled.o ./src/platform.o   -lm -Wl,--start-group,-lxil,-lgcc,-lc,--end-group
Finished building target: FFT.elf
 
Invoking: ARM Print Size
arm-xilinx-eabi-size FFT.elf  |tee "FFT.elf.size"
   text	   data	    bss	    dec	    hex	filename
  84760	   2280	  30876	 117916	  1cc9c	FFT.elf
Finished building: FFT.elf.size
 
21:12:22 **** Incremental Build of configuration Debug for project FFT ****
make all 
make: Nothing to be done for `all'.
21:12:22 **** Incremental Build of configuration Debug for project zed_audio_oled ****
make all 
make: Nothing to be done for `all'.
21:12:23 **** Incremental Build of configuration Debug for project hello_oled ****
make all 
make: Nothing to be done for `all'.
21:13:52 **** Auto Build of configuration Debug for project FFT ****
make all 
Building file: ../src/main.c
Invoking: ARM gcc compiler
arm-xilinx-eabi-gcc -Wall -O0 -g3 -I../../FFT_bsp/ps7_cortexa9_0/include -I"/home/bill/workspace/EmbeddedSystemDesign/FPGAFFT/Xilinx/FFT/src/kiss_fft130" -c -fmessage-length=0 -MMD -MP -MF"src/main.d" -MT"src/main.d" -o "src/main.o" "../src/main.c"
../src/main.c: In function 'main':
../src/main.c:86:2: warning: pointer targets in passing argument 3 of 'OLED_ShowString' differ in signedness [-Wpointer-sign]
In file included from ../src/main.c:41:0:
../src/oled.h:60:6: note: expected 'const u8 *' but argument is of type 'char *'
Finished building: ../src/main.c
 
Building target: FFT.elf
Invoking: ARM gcc linker
arm-xilinx-eabi-gcc -Wl,-T -Wl,../src/lscript.ld -L../../FFT_bsp/ps7_cortexa9_0/lib -o "FFT.elf"  ./src/kiss_fft130/kiss_fft.o  ./src/fft.o ./src/main.o ./src/oled.o ./src/platform.o   -lm -Wl,--start-group,-lxil,-lgcc,-lc,--end-group
Finished building target: FFT.elf
 
Invoking: ARM Print Size
arm-xilinx-eabi-size FFT.elf  |tee "FFT.elf.size"
   text	   data	    bss	    dec	    hex	filename
  84760	   2280	  30876	 117916	  1cc9c	FFT.elf
Finished building: FFT.elf.size
 
21:13:54 **** Incremental Build of configuration Debug for project FFT ****
make all 
make: Nothing to be done for `all'.
21:13:54 **** Incremental Build of configuration Debug for project zed_audio_oled ****
make all 
make: Nothing to be done for `all'.
21:13:55 **** Incremental Build of configuration Debug for project hello_oled ****
make all 
make: Nothing to be done for `all'.
21:14:48 **** Auto Build of configuration Debug for project FFT ****
make all 
Building file: ../src/main.c
Invoking: ARM gcc compiler
arm-xilinx-eabi-gcc -Wall -O0 -g3 -I../../FFT_bsp/ps7_cortexa9_0/include -I"/home/bill/workspace/EmbeddedSystemDesign/FPGAFFT/Xilinx/FFT/src/kiss_fft130" -c -fmessage-length=0 -MMD -MP -MF"src/main.d" -MT"src/main.d" -o "src/main.o" "../src/main.c"
../src/main.c: In function 'main':
../src/main.c:86:2: warning: pointer targets in passing argument 3 of 'OLED_ShowString' differ in signedness [-Wpointer-sign]
In file included from ../src/main.c:41:0:
../src/oled.h:60:6: note: expected 'const u8 *' but argument is of type 'char *'
Finished building: ../src/main.c
 
Building target: FFT.elf
Invoking: ARM gcc linker
arm-xilinx-eabi-gcc -Wl,-T -Wl,../src/lscript.ld -L../../FFT_bsp/ps7_cortexa9_0/lib -o "FFT.elf"  ./src/kiss_fft130/kiss_fft.o  ./src/fft.o ./src/main.o ./src/oled.o ./src/platform.o   -lm -Wl,--start-group,-lxil,-lgcc,-lc,--end-group
Finished building target: FFT.elf
 
Invoking: ARM Print Size
arm-xilinx-eabi-size FFT.elf  |tee "FFT.elf.size"
   text	   data	    bss	    dec	    hex	filename
  84800	   2280	  30876	 117956	  1ccc4	FFT.elf
Finished building: FFT.elf.size
 
21:15:13 **** Auto Build of configuration Debug for project FFT ****
make all 
Building file: ../src/main.c
Invoking: ARM gcc compiler
arm-xilinx-eabi-gcc -Wall -O0 -g3 -I../../FFT_bsp/ps7_cortexa9_0/include -I"/home/bill/workspace/EmbeddedSystemDesign/FPGAFFT/Xilinx/FFT/src/kiss_fft130" -c -fmessage-length=0 -MMD -MP -MF"src/main.d" -MT"src/main.d" -o "src/main.o" "../src/main.c"
../src/main.c: In function 'main':
../src/main.c:86:2: warning: pointer targets in passing argument 3 of 'OLED_ShowString' differ in signedness [-Wpointer-sign]
In file included from ../src/main.c:41:0:
../src/oled.h:60:6: note: expected 'const u8 *' but argument is of type 'char *'
Finished building: ../src/main.c
 
Building target: FFT.elf
Invoking: ARM gcc linker
arm-xilinx-eabi-gcc -Wl,-T -Wl,../src/lscript.ld -L../../FFT_bsp/ps7_cortexa9_0/lib -o "FFT.elf"  ./src/kiss_fft130/kiss_fft.o  ./src/fft.o ./src/main.o ./src/oled.o ./src/platform.o   -lm -Wl,--start-group,-lxil,-lgcc,-lc,--end-group
Finished building target: FFT.elf
 
Invoking: ARM Print Size
arm-xilinx-eabi-size FFT.elf  |tee "FFT.elf.size"
   text	   data	    bss	    dec	    hex	filename
  84872	   2280	  30876	 118028	  1cd0c	FFT.elf
Finished building: FFT.elf.size
 
21:15:14 **** Incremental Build of configuration Debug for project FFT ****
make all 
make: Nothing to be done for `all'.
21:15:14 **** Incremental Build of configuration Debug for project zed_audio_oled ****
make all 
make: Nothing to be done for `all'.
21:15:15 **** Incremental Build of configuration Debug for project hello_oled ****
make all 
make: Nothing to be done for `all'.
21:15:41 **** Auto Build of configuration Debug for project FFT ****
make all 
Building file: ../src/main.c
Invoking: ARM gcc compiler
arm-xilinx-eabi-gcc -Wall -O0 -g3 -I../../FFT_bsp/ps7_cortexa9_0/include -I"/home/bill/workspace/EmbeddedSystemDesign/FPGAFFT/Xilinx/FFT/src/kiss_fft130" -c -fmessage-length=0 -MMD -MP -MF"src/main.d" -MT"src/main.d" -o "src/main.o" "../src/main.c"
../src/main.c: In function 'main':
../src/main.c:86:2: warning: pointer targets in passing argument 3 of 'OLED_ShowString' differ in signedness [-Wpointer-sign]
In file included from ../src/main.c:41:0:
../src/oled.h:60:6: note: expected 'const u8 *' but argument is of type 'char *'
Finished building: ../src/main.c
 
Building target: FFT.elf
Invoking: ARM gcc linker
arm-xilinx-eabi-gcc -Wl,-T -Wl,../src/lscript.ld -L../../FFT_bsp/ps7_cortexa9_0/lib -o "FFT.elf"  ./src/kiss_fft130/kiss_fft.o  ./src/fft.o ./src/main.o ./src/oled.o ./src/platform.o   -lm -Wl,--start-group,-lxil,-lgcc,-lc,--end-group
Finished building target: FFT.elf
 
Invoking: ARM Print Size
arm-xilinx-eabi-size FFT.elf  |tee "FFT.elf.size"
   text	   data	    bss	    dec	    hex	filename
  84752	   2280	  30876	 117908	  1cc94	FFT.elf
Finished building: FFT.elf.size
 
21:15:42 **** Incremental Build of configuration Debug for project FFT ****
make all 
make: Nothing to be done for `all'.
21:15:43 **** Incremental Build of configuration Debug for project zed_audio_oled ****
make all 
make: Nothing to be done for `all'.
21:15:44 **** Incremental Build of configuration Debug for project hello_oled ****
make all 
make: Nothing to be done for `all'.
21:16:17 **** Auto Build of configuration Debug for project FFT ****
make all 
Building file: ../src/main.c
Invoking: ARM gcc compiler
arm-xilinx-eabi-gcc -Wall -O0 -g3 -I../../FFT_bsp/ps7_cortexa9_0/include -I"/home/bill/workspace/EmbeddedSystemDesign/FPGAFFT/Xilinx/FFT/src/kiss_fft130" -c -fmessage-length=0 -MMD -MP -MF"src/main.d" -MT"src/main.d" -o "src/main.o" "../src/main.c"
../src/main.c: In function 'main':
../src/main.c:86:2: warning: pointer targets in passing argument 3 of 'OLED_ShowString' differ in signedness [-Wpointer-sign]
In file included from ../src/main.c:41:0:
../src/oled.h:60:6: note: expected 'const u8 *' but argument is of type 'char *'
Finished building: ../src/main.c
 
Building target: FFT.elf
Invoking: ARM gcc linker
arm-xilinx-eabi-gcc -Wl,-T -Wl,../src/lscript.ld -L../../FFT_bsp/ps7_cortexa9_0/lib -o "FFT.elf"  ./src/kiss_fft130/kiss_fft.o  ./src/fft.o ./src/main.o ./src/oled.o ./src/platform.o   -lm -Wl,--start-group,-lxil,-lgcc,-lc,--end-group
Finished building target: FFT.elf
 
Invoking: ARM Print Size
arm-xilinx-eabi-size FFT.elf  |tee "FFT.elf.size"
   text	   data	    bss	    dec	    hex	filename
  84720	   2280	  30876	 117876	  1cc74	FFT.elf
Finished building: FFT.elf.size
 
21:16:20 **** Incremental Build of configuration Debug for project FFT ****
make all 
make: Nothing to be done for `all'.
21:16:20 **** Incremental Build of configuration Debug for project zed_audio_oled ****
make all 
make: Nothing to be done for `all'.
21:16:21 **** Incremental Build of configuration Debug for project hello_oled ****
make all 
make: Nothing to be done for `all'.
21:17:00 **** Auto Build of configuration Debug for project FFT ****
make all 
Building file: ../src/main.c
Invoking: ARM gcc compiler
arm-xilinx-eabi-gcc -Wall -O0 -g3 -I../../FFT_bsp/ps7_cortexa9_0/include -I"/home/bill/workspace/EmbeddedSystemDesign/FPGAFFT/Xilinx/FFT/src/kiss_fft130" -c -fmessage-length=0 -MMD -MP -MF"src/main.d" -MT"src/main.d" -o "src/main.o" "../src/main.c"
../src/main.c: In function 'main':
../src/main.c:86:2: warning: pointer targets in passing argument 3 of 'OLED_ShowString' differ in signedness [-Wpointer-sign]
In file included from ../src/main.c:41:0:
../src/oled.h:60:6: note: expected 'const u8 *' but argument is of type 'char *'
Finished building: ../src/main.c
 
Building target: FFT.elf
Invoking: ARM gcc linker
arm-xilinx-eabi-gcc -Wl,-T -Wl,../src/lscript.ld -L../../FFT_bsp/ps7_cortexa9_0/lib -o "FFT.elf"  ./src/kiss_fft130/kiss_fft.o  ./src/fft.o ./src/main.o ./src/oled.o ./src/platform.o   -lm -Wl,--start-group,-lxil,-lgcc,-lc,--end-group
Finished building target: FFT.elf
 
Invoking: ARM Print Size
arm-xilinx-eabi-size FFT.elf  |tee "FFT.elf.size"
   text	   data	    bss	    dec	    hex	filename
  84648	   2280	  30876	 117804	  1cc2c	FFT.elf
Finished building: FFT.elf.size
 
21:17:02 **** Incremental Build of configuration Debug for project FFT ****
make all 
make: Nothing to be done for `all'.
21:17:02 **** Incremental Build of configuration Debug for project zed_audio_oled ****
make all 
make: Nothing to be done for `all'.
21:17:03 **** Incremental Build of configuration Debug for project hello_oled ****
make all 
make: Nothing to be done for `all'.
21:19:00 **** Auto Build of configuration Debug for project FFT ****
make all 
Building file: ../src/main.c
Invoking: ARM gcc compiler
arm-xilinx-eabi-gcc -Wall -O0 -g3 -I../../FFT_bsp/ps7_cortexa9_0/include -I"/home/bill/workspace/EmbeddedSystemDesign/FPGAFFT/Xilinx/FFT/src/kiss_fft130" -c -fmessage-length=0 -MMD -MP -MF"src/main.d" -MT"src/main.d" -o "src/main.o" "../src/main.c"
../src/main.c: In function 'main':
../src/main.c:86:2: warning: pointer targets in passing argument 3 of 'OLED_ShowString' differ in signedness [-Wpointer-sign]
In file included from ../src/main.c:41:0:
../src/oled.h:60:6: note: expected 'const u8 *' but argument is of type 'char *'
Finished building: ../src/main.c
 
Building target: FFT.elf
Invoking: ARM gcc linker
arm-xilinx-eabi-gcc -Wl,-T -Wl,../src/lscript.ld -L../../FFT_bsp/ps7_cortexa9_0/lib -o "FFT.elf"  ./src/kiss_fft130/kiss_fft.o  ./src/fft.o ./src/main.o ./src/oled.o ./src/platform.o   -lm -Wl,--start-group,-lxil,-lgcc,-lc,--end-group
Finished building target: FFT.elf
 
Invoking: ARM Print Size
arm-xilinx-eabi-size FFT.elf  |tee "FFT.elf.size"
   text	   data	    bss	    dec	    hex	filename
  84648	   2280	  30876	 117804	  1cc2c	FFT.elf
Finished building: FFT.elf.size
 
21:19:02 **** Incremental Build of configuration Debug for project FFT ****
make all 
make: Nothing to be done for `all'.
21:19:02 **** Incremental Build of configuration Debug for project zed_audio_oled ****
make all 
make: Nothing to be done for `all'.
21:19:03 **** Incremental Build of configuration Debug for project hello_oled ****
make all 
make: Nothing to be done for `all'.
21:19:20 **** Auto Build of configuration Debug for project FFT ****
make all 
Building file: ../src/main.c
Invoking: ARM gcc compiler
arm-xilinx-eabi-gcc -Wall -O0 -g3 -I../../FFT_bsp/ps7_cortexa9_0/include -I"/home/bill/workspace/EmbeddedSystemDesign/FPGAFFT/Xilinx/FFT/src/kiss_fft130" -c -fmessage-length=0 -MMD -MP -MF"src/main.d" -MT"src/main.d" -o "src/main.o" "../src/main.c"
../src/main.c: In function 'main':
../src/main.c:86:2: warning: pointer targets in passing argument 3 of 'OLED_ShowString' differ in signedness [-Wpointer-sign]
In file included from ../src/main.c:41:0:
../src/oled.h:60:6: note: expected 'const u8 *' but argument is of type 'char *'
Finished building: ../src/main.c
 
Building target: FFT.elf
Invoking: ARM gcc linker
arm-xilinx-eabi-gcc -Wl,-T -Wl,../src/lscript.ld -L../../FFT_bsp/ps7_cortexa9_0/lib -o "FFT.elf"  ./src/kiss_fft130/kiss_fft.o  ./src/fft.o ./src/main.o ./src/oled.o ./src/platform.o   -lm -Wl,--start-group,-lxil,-lgcc,-lc,--end-group
Finished building target: FFT.elf
 
Invoking: ARM Print Size
arm-xilinx-eabi-size FFT.elf  |tee "FFT.elf.size"
   text	   data	    bss	    dec	    hex	filename
  84648	   2280	  30876	 117804	  1cc2c	FFT.elf
Finished building: FFT.elf.size
 
21:19:23 **** Incremental Build of configuration Debug for project FFT ****
make all 
make: Nothing to be done for `all'.
21:19:24 **** Incremental Build of configuration Debug for project zed_audio_oled ****
make all 
make: Nothing to be done for `all'.
21:19:24 **** Incremental Build of configuration Debug for project hello_oled ****
make all 
make: Nothing to be done for `all'.
21:19:42 **** Auto Build of configuration Debug for project FFT ****
make all 
Building file: ../src/main.c
Invoking: ARM gcc compiler
arm-xilinx-eabi-gcc -Wall -O0 -g3 -I../../FFT_bsp/ps7_cortexa9_0/include -I"/home/bill/workspace/EmbeddedSystemDesign/FPGAFFT/Xilinx/FFT/src/kiss_fft130" -c -fmessage-length=0 -MMD -MP -MF"src/main.d" -MT"src/main.d" -o "src/main.o" "../src/main.c"
../src/main.c: In function 'main':
../src/main.c:86:2: warning: pointer targets in passing argument 3 of 'OLED_ShowString' differ in signedness [-Wpointer-sign]
In file included from ../src/main.c:41:0:
../src/oled.h:60:6: note: expected 'const u8 *' but argument is of type 'char *'
Finished building: ../src/main.c
 
Building target: FFT.elf
Invoking: ARM gcc linker
arm-xilinx-eabi-gcc -Wl,-T -Wl,../src/lscript.ld -L../../FFT_bsp/ps7_cortexa9_0/lib -o "FFT.elf"  ./src/kiss_fft130/kiss_fft.o  ./src/fft.o ./src/main.o ./src/oled.o ./src/platform.o   -lm -Wl,--start-group,-lxil,-lgcc,-lc,--end-group
Finished building target: FFT.elf
 
Invoking: ARM Print Size
arm-xilinx-eabi-size FFT.elf  |tee "FFT.elf.size"
   text	   data	    bss	    dec	    hex	filename
  84648	   2280	  30876	 117804	  1cc2c	FFT.elf
Finished building: FFT.elf.size
 
21:19:44 **** Incremental Build of configuration Debug for project FFT ****
make all 
make: Nothing to be done for `all'.
21:19:45 **** Incremental Build of configuration Debug for project zed_audio_oled ****
make all 
make: Nothing to be done for `all'.
21:19:45 **** Incremental Build of configuration Debug for project hello_oled ****
make all 
make: Nothing to be done for `all'.
21:20:03 **** Auto Build of configuration Debug for project FFT ****
make all 
Building file: ../src/main.c
Invoking: ARM gcc compiler
arm-xilinx-eabi-gcc -Wall -O0 -g3 -I../../FFT_bsp/ps7_cortexa9_0/include -I"/home/bill/workspace/EmbeddedSystemDesign/FPGAFFT/Xilinx/FFT/src/kiss_fft130" -c -fmessage-length=0 -MMD -MP -MF"src/main.d" -MT"src/main.d" -o "src/main.o" "../src/main.c"
../src/main.c: In function 'main':
../src/main.c:86:2: warning: pointer targets in passing argument 3 of 'OLED_ShowString' differ in signedness [-Wpointer-sign]
In file included from ../src/main.c:41:0:
../src/oled.h:60:6: note: expected 'const u8 *' but argument is of type 'char *'
Finished building: ../src/main.c
 
Building target: FFT.elf
Invoking: ARM gcc linker
arm-xilinx-eabi-gcc -Wl,-T -Wl,../src/lscript.ld -L../../FFT_bsp/ps7_cortexa9_0/lib -o "FFT.elf"  ./src/kiss_fft130/kiss_fft.o  ./src/fft.o ./src/main.o ./src/oled.o ./src/platform.o   -lm -Wl,--start-group,-lxil,-lgcc,-lc,--end-group
Finished building target: FFT.elf
 
Invoking: ARM Print Size
arm-xilinx-eabi-size FFT.elf  |tee "FFT.elf.size"
   text	   data	    bss	    dec	    hex	filename
  84648	   2280	  30876	 117804	  1cc2c	FFT.elf
Finished building: FFT.elf.size
 
21:20:05 **** Incremental Build of configuration Debug for project FFT ****
make all 
make: Nothing to be done for `all'.
21:20:06 **** Incremental Build of configuration Debug for project zed_audio_oled ****
make all 
make: Nothing to be done for `all'.
21:20:06 **** Incremental Build of configuration Debug for project hello_oled ****
make all 
make: Nothing to be done for `all'.
21:20:17 **** Auto Build of configuration Debug for project FFT ****
make all 
Building file: ../src/main.c
Invoking: ARM gcc compiler
arm-xilinx-eabi-gcc -Wall -O0 -g3 -I../../FFT_bsp/ps7_cortexa9_0/include -I"/home/bill/workspace/EmbeddedSystemDesign/FPGAFFT/Xilinx/FFT/src/kiss_fft130" -c -fmessage-length=0 -MMD -MP -MF"src/main.d" -MT"src/main.d" -o "src/main.o" "../src/main.c"
../src/main.c: In function 'main':
../src/main.c:86:2: warning: pointer targets in passing argument 3 of 'OLED_ShowString' differ in signedness [-Wpointer-sign]
In file included from ../src/main.c:41:0:
../src/oled.h:60:6: note: expected 'const u8 *' but argument is of type 'char *'
Finished building: ../src/main.c
 
Building target: FFT.elf
Invoking: ARM gcc linker
arm-xilinx-eabi-gcc -Wl,-T -Wl,../src/lscript.ld -L../../FFT_bsp/ps7_cortexa9_0/lib -o "FFT.elf"  ./src/kiss_fft130/kiss_fft.o  ./src/fft.o ./src/main.o ./src/oled.o ./src/platform.o   -lm -Wl,--start-group,-lxil,-lgcc,-lc,--end-group
Finished building target: FFT.elf
 
Invoking: ARM Print Size
arm-xilinx-eabi-size FFT.elf  |tee "FFT.elf.size"
   text	   data	    bss	    dec	    hex	filename
  84648	   2280	  30876	 117804	  1cc2c	FFT.elf
Finished building: FFT.elf.size
 
21:20:20 **** Incremental Build of configuration Debug for project FFT ****
make all 
make: Nothing to be done for `all'.
21:20:21 **** Incremental Build of configuration Debug for project zed_audio_oled ****
make all 
make: Nothing to be done for `all'.
21:20:21 **** Incremental Build of configuration Debug for project hello_oled ****
make all 
make: Nothing to be done for `all'.
21:21:10 **** Auto Build of configuration Debug for project FFT ****
make all 
Building file: ../src/main.c
Invoking: ARM gcc compiler
arm-xilinx-eabi-gcc -Wall -O0 -g3 -I../../FFT_bsp/ps7_cortexa9_0/include -I"/home/bill/workspace/EmbeddedSystemDesign/FPGAFFT/Xilinx/FFT/src/kiss_fft130" -c -fmessage-length=0 -MMD -MP -MF"src/main.d" -MT"src/main.d" -o "src/main.o" "../src/main.c"
../src/main.c: In function 'main':
../src/main.c:86:2: warning: pointer targets in passing argument 3 of 'OLED_ShowString' differ in signedness [-Wpointer-sign]
In file included from ../src/main.c:41:0:
../src/oled.h:60:6: note: expected 'const u8 *' but argument is of type 'char *'
Finished building: ../src/main.c
 
Building target: FFT.elf
Invoking: ARM gcc linker
arm-xilinx-eabi-gcc -Wl,-T -Wl,../src/lscript.ld -L../../FFT_bsp/ps7_cortexa9_0/lib -o "FFT.elf"  ./src/kiss_fft130/kiss_fft.o  ./src/fft.o ./src/main.o ./src/oled.o ./src/platform.o   -lm -Wl,--start-group,-lxil,-lgcc,-lc,--end-group
Finished building target: FFT.elf
 
Invoking: ARM Print Size
arm-xilinx-eabi-size FFT.elf  |tee "FFT.elf.size"
   text	   data	    bss	    dec	    hex	filename
  84744	   2280	  30876	 117900	  1cc8c	FFT.elf
Finished building: FFT.elf.size
 
21:21:10 **** Incremental Build of configuration Debug for project FFT ****
make all 
make: Nothing to be done for `all'.
21:21:11 **** Incremental Build of configuration Debug for project zed_audio_oled ****
make all 
make: Nothing to be done for `all'.
21:21:11 **** Incremental Build of configuration Debug for project hello_oled ****
make all 
make: Nothing to be done for `all'.
21:21:30 **** Auto Build of configuration Debug for project FFT ****
make all 
Building file: ../src/main.c
Invoking: ARM gcc compiler
arm-xilinx-eabi-gcc -Wall -O0 -g3 -I../../FFT_bsp/ps7_cortexa9_0/include -I"/home/bill/workspace/EmbeddedSystemDesign/FPGAFFT/Xilinx/FFT/src/kiss_fft130" -c -fmessage-length=0 -MMD -MP -MF"src/main.d" -MT"src/main.d" -o "src/main.o" "../src/main.c"
../src/main.c: In function 'main':
../src/main.c:86:2: warning: pointer targets in passing argument 3 of 'OLED_ShowString' differ in signedness [-Wpointer-sign]
In file included from ../src/main.c:41:0:
../src/oled.h:60:6: note: expected 'const u8 *' but argument is of type 'char *'
Finished building: ../src/main.c
 
Building target: FFT.elf
Invoking: ARM gcc linker
arm-xilinx-eabi-gcc -Wl,-T -Wl,../src/lscript.ld -L../../FFT_bsp/ps7_cortexa9_0/lib -o "FFT.elf"  ./src/kiss_fft130/kiss_fft.o  ./src/fft.o ./src/main.o ./src/oled.o ./src/platform.o   -lm -Wl,--start-group,-lxil,-lgcc,-lc,--end-group
Finished building target: FFT.elf
 
Invoking: ARM Print Size
arm-xilinx-eabi-size FFT.elf  |tee "FFT.elf.size"
   text	   data	    bss	    dec	    hex	filename
  84744	   2280	  30876	 117900	  1cc8c	FFT.elf
Finished building: FFT.elf.size
 
21:21:34 **** Incremental Build of configuration Debug for project FFT ****
make all 
make: Nothing to be done for `all'.
21:21:35 **** Incremental Build of configuration Debug for project zed_audio_oled ****
make all 
make: Nothing to be done for `all'.
21:21:35 **** Incremental Build of configuration Debug for project hello_oled ****
make all 
make: Nothing to be done for `all'.
21:23:59 **** Auto Build of configuration Debug for project FFT ****
make all 
Building file: ../src/main.c
Invoking: ARM gcc compiler
arm-xilinx-eabi-gcc -Wall -O0 -g3 -I../../FFT_bsp/ps7_cortexa9_0/include -I"/home/bill/workspace/EmbeddedSystemDesign/FPGAFFT/Xilinx/FFT/src/kiss_fft130" -c -fmessage-length=0 -MMD -MP -MF"src/main.d" -MT"src/main.d" -o "src/main.o" "../src/main.c"
../src/main.c: In function 'main':
../src/main.c:90:2: warning: pointer targets in passing argument 3 of 'OLED_ShowString' differ in signedness [-Wpointer-sign]
In file included from ../src/main.c:41:0:
../src/oled.h:60:6: note: expected 'const u8 *' but argument is of type 'char *'
Finished building: ../src/main.c
 
Building target: FFT.elf
Invoking: ARM gcc linker
arm-xilinx-eabi-gcc -Wl,-T -Wl,../src/lscript.ld -L../../FFT_bsp/ps7_cortexa9_0/lib -o "FFT.elf"  ./src/kiss_fft130/kiss_fft.o  ./src/fft.o ./src/main.o ./src/oled.o ./src/platform.o   -lm -Wl,--start-group,-lxil,-lgcc,-lc,--end-group
Finished building target: FFT.elf
 
Invoking: ARM Print Size
arm-xilinx-eabi-size FFT.elf  |tee "FFT.elf.size"
   text	   data	    bss	    dec	    hex	filename
  84744	   2280	  30876	 117900	  1cc8c	FFT.elf
Finished building: FFT.elf.size
 
